_______                    _____________________ 
__  __ \______________________  /___    |__  __ \
_  / / /__  __ \  _ \_  __ \_  / __  /| |_  /_/ /
/ /_/ /__  /_/ /  __/  / / /  /___  ___ |  ____/ 
\____/ _  .___/\___//_/ /_//_____/_/  |_/_/      
       /_/                                       
=================================================
Vehicle: FEB_SN2
Track:   FEB Endurance
Date:    05/10/2023
Time:    18:30:27
=================================================
Simulation started.
Maximum speed calculated at all points.
Found all apexes on track.
Starting acceleration and deceleration.
Running: [||||||||||||||||||||||||||||||] 100 [%]
________________________________________________
|_Apex__|_Point_|_Mode__|___x___|___v___|_vmax_|
      1	    948	      1	  947.0	  11.26	  11.33
      1	    949	      1	  948.0	  11.37	  11.50
      1	    950	      1	  949.0	  11.52	  11.75
      1	    951	      1	  950.0	  11.71	  12.10
      1	    952	      1	  951.0	  11.95	  12.57
      1	    953	      1	  952.0	  12.25	  13.18
      1	    954	      1	  953.0	  12.58	  13.95
      1	    955	      1	  954.0	  12.96	  14.96
      1	    956	      1	  955.0	  13.38	  16.29
      1	    957	      1	  956.0	  13.83	  18.11
      1	    958	      1	  957.0	  14.31	  20.76
      1	    959	      1	  958.0	  14.81	  25.02
      1	    960	      1	  959.0	  15.33	  32.75
      1	    961	      1	  960.0	  15.85	  32.75
      1	    962	      1	  961.0	  16.36	  32.75
      1	    963	      1	  962.0	  16.86	  29.91
      1	    964	      1	  963.0	  17.31	  24.70
      1	    965	      1	  964.0	  17.72	  21.90
      1	    966	      1	  965.0	  18.07	  20.23
      1	    967	      1	  966.0	  18.33	  19.24
      1	    968	      1	  967.0	  18.51	  18.75
      1	    969	      1	  968.0	  18.60	  18.68
      1	    970	      1	  969.0	  18.64	  18.88
      1	    971	      1	  970.0	  18.73	  19.31
      1	    972	      1	  971.0	  18.86	  19.98
      1	    973	      1	  972.0	  19.05	  20.91
      1	    974	      1	  973.0	  19.28	  22.16
      1	    975	      1	  974.0	  19.55	  23.80
      1	    976	      1	  975.0	  19.85	  25.97
      1	    977	      1	  976.0	  20.18	  28.87
      1	    978	      1	  977.0	  20.52	  32.75
      1	    979	      1	  978.0	  20.88	  32.75
      1	    980	      1	  979.0	  21.25	  32.75
      1	    981	      1	  980.0	  21.61	  32.75
      1	    982	      1	  981.0	  21.96	  32.75
      1	    983	      1	  982.0	  22.30	  32.75
      1	    984	      1	  983.0	  22.63	  32.75
      1	    985	      1	  984.0	  22.94	  32.75
      1	    986	      1	  985.0	  23.25	  32.75
      1	    987	      1	  986.0	  23.55	  32.75
      1	    988	      1	  987.0	  23.84	  32.75
      1	    989	      1	  988.0	  24.12	  32.75
      1	    990	      1	  989.0	  24.40	  32.75
      1	    991	      1	  990.0	  24.67	  32.75
      1	    992	      1	  991.0	  24.93	  32.75
      1	    993	      1	  992.0	  25.19	  32.75
      1	    994	      1	  993.0	  25.44	  32.75
      1	    995	      1	  994.0	  25.68	  32.75
      1	    996	      1	  995.0	  25.92	  32.75
      1	    997	      1	  996.0	  26.16	  32.75
      1	    998	      1	  997.0	  26.38	  32.75
      1	    999	      1	  998.0	  26.61	  32.75
      1	   1000	      1	  999.0	  26.83	  32.75
      1	   1001	      1	 1000.0	  27.05	  32.75
      1	   1002	      1	 1001.0	  27.26	  32.75
      1	   1003	      1	 1002.0	  27.47	  32.75
      1	   1004	      1	 1003.0	  27.67	  32.75
      1	   1005	      1	 1004.0	  27.87	  32.75
      1	   1006	      1	 1005.0	  28.07	  32.75
      1	   1007	      1	 1006.0	  28.27	  32.75
      1	   1008	      1	 1007.0	  28.46	  32.75
      1	   1009	      1	 1008.0	  28.65	  31.37
      1	   1010	      1	 1009.0	  28.51	  28.51
      2	    397	      1	  396.0	  11.42	  11.44
      2	    398	      1	  397.0	  11.48	  11.75
      2	    399	      1	  398.0	  11.69	  12.34
      2	    400	      1	  399.0	  12.00	  13.26
      2	    401	      1	  400.0	  12.39	  14.62
      2	    402	      1	  401.0	  12.85	  16.65
      2	    403	      1	  402.0	  13.36	  19.77
      2	    404	      1	  403.0	  13.91	  24.97
      2	    405	      1	  404.0	  14.47	  32.75
      2	    406	      1	  405.0	  15.03	  32.75
      2	    407	      1	  406.0	  15.57	  32.75
      2	    408	      1	  407.0	  16.09	  32.75
      2	    409	      1	  408.0	  16.60	  32.75
      2	    410	      1	  409.0	  17.09	  32.75
      2	    411	      1	  410.0	  17.56	  32.75
      2	    412	      1	  411.0	  18.02	  32.75
      2	    413	      1	  412.0	  18.47	  32.75
      2	    414	      1	  413.0	  18.90	  32.75
      2	    415	      1	  414.0	  19.33	  32.75
      2	    416	      1	  415.0	  19.74	  32.75
      2	    417	      1	  416.0	  20.15	  32.75
      2	    418	      1	  417.0	  20.55	  32.75
      2	    419	      1	  418.0	  20.93	  32.75
      2	    420	      1	  419.0	  21.31	  32.75
      2	    421	      1	  420.0	  21.67	  32.75
      2	    422	      1	  421.0	  22.02	  32.75
      2	    423	      1	  422.0	  22.36	  32.75
      2	    424	      1	  423.0	  22.68	  32.75
      2	    425	      1	  424.0	  23.00	  32.75
      2	    426	      1	  425.0	  23.30	  32.75
      2	    427	      1	  426.0	  23.60	  32.75
      2	    428	      1	  427.0	  23.89	  32.75
      2	    429	      1	  428.0	  24.17	  32.75
      2	    430	      1	  429.0	  24.45	  32.75
      2	    431	      1	  430.0	  24.71	  32.75
      2	    432	      1	  431.0	  24.98	  32.75
      2	    433	      1	  432.0	  25.23	  32.75
      2	    434	      1	  433.0	  25.48	  32.75
      2	    435	      1	  434.0	  25.72	  32.75
      2	    436	      1	  435.0	  25.96	  32.75
      2	    437	      1	  436.0	  26.19	  32.75
      2	    438	      1	  437.0	  26.42	  32.75
      2	    439	      1	  438.0	  26.65	  32.75
      2	    440	      1	  439.0	  26.87	  32.75
      2	    441	      1	  440.0	  27.08	  32.75
      2	    442	      1	  441.0	  27.29	  32.75
      2	    443	      1	  442.0	  27.50	  32.75
      2	    444	      1	  443.0	  27.71	  32.75
      2	    445	      1	  444.0	  27.91	  32.75
      2	    446	      1	  445.0	  28.11	  32.75
      2	    447	      1	  446.0	  28.30	  32.75
      2	    448	      1	  447.0	  28.49	  32.75
      2	    449	      1	  448.0	  28.68	  32.75
      2	    450	      1	  449.0	  28.86	  32.75
      2	    451	      1	  450.0	  29.05	  32.75
      2	    452	      1	  451.0	  29.23	  32.75
      2	    453	      1	  452.0	  29.40	  32.75
      2	    454	      1	  453.0	  29.58	  32.75
      2	    455	      1	  454.0	  29.75	  32.75
      2	    456	      1	  455.0	  29.92	  32.75
      2	    457	      1	  456.0	  30.09	  32.75
      2	    458	      1	  457.0	  30.25	  32.75
      2	    459	      1	  458.0	  30.42	  32.75
      2	    460	      1	  459.0	  30.58	  32.75
      2	    461	      1	  460.0	  30.74	  32.75
      2	    462	      1	  461.0	  30.89	  32.75
      2	    463	      1	  462.0	  31.05	  32.75
      2	    464	      1	  463.0	  31.20	  32.75
      2	    465	      1	  464.0	  31.35	  32.75
      2	    466	      1	  465.0	  31.50	  32.75
      2	    467	      1	  466.0	  31.65	  32.75
      2	    468	      1	  467.0	  31.79	  32.75
      2	    469	      1	  468.0	  31.94	  32.75
      2	    470	      1	  469.0	  32.08	  32.75
      3	    850	      1	  849.0	  11.73	  11.97
      3	    851	      1	  850.0	  11.92	  12.59
      3	    852	      1	  851.0	  12.22	  13.66
      3	    853	      1	  852.0	  12.62	  15.35
      3	    854	      1	  853.0	  13.10	  18.04
      3	    855	      1	  854.0	  13.63	  22.61
      3	    856	      1	  855.0	  14.19	  31.49
      3	    857	      1	  856.0	  14.76	  32.75
      3	    858	      1	  857.0	  15.31	  32.75
      3	    859	      1	  858.0	  15.84	  32.75
      3	    860	      1	  859.0	  16.36	  32.75
      3	    861	      1	  860.0	  16.85	  32.75
      3	    862	      1	  861.0	  17.33	  32.75
      3	    863	      1	  862.0	  17.80	  32.75
      3	    864	      1	  863.0	  18.25	  32.75
      3	    865	      1	  864.0	  18.70	  32.75
      3	    866	      1	  865.0	  19.13	  32.75
      3	    867	      1	  866.0	  19.55	  32.75
      3	    868	      1	  867.0	  19.96	  32.75
      3	    869	      1	  868.0	  20.36	  32.75
      3	    870	      1	  869.0	  20.75	  32.75
      3	    871	      1	  870.0	  21.13	  32.75
      3	    872	      1	  871.0	  21.50	  32.75
      3	    873	      1	  872.0	  21.85	  32.75
      3	    874	      1	  873.0	  22.20	  32.75
      3	    875	      1	  874.0	  22.53	  32.75
      3	    876	      1	  875.0	  22.85	  32.75
      3	    877	      1	  876.0	  23.16	  32.75
      3	    878	      1	  877.0	  23.46	  32.75
      3	    879	      1	  878.0	  23.75	  32.75
      3	    880	      1	  879.0	  24.04	  32.75
      3	    881	      1	  880.0	  24.32	  32.75
      3	    882	      1	  881.0	  24.59	  32.75
      3	    883	      1	  882.0	  24.85	  32.75
      3	    884	      1	  883.0	  25.11	  32.75
      3	    885	      1	  884.0	  25.36	  32.75
      3	    886	      1	  885.0	  25.61	  32.75
      3	    887	      1	  886.0	  25.85	  32.75
      3	    888	      1	  887.0	  26.08	  32.75
      3	    889	      1	  888.0	  26.31	  32.75
      3	    890	      1	  889.0	  26.54	  32.75
      3	    891	      1	  890.0	  26.76	  32.75
      3	    892	      1	  891.0	  26.98	  32.75
      3	    893	      1	  892.0	  27.19	  32.75
      3	    894	      1	  893.0	  27.40	  32.75
      3	    895	      1	  894.0	  27.61	  32.75
      3	    896	      1	  895.0	  27.81	  32.75
      3	    897	      1	  896.0	  28.01	  32.75
      3	    898	      1	  897.0	  28.21	  32.75
      3	    899	      1	  898.0	  28.40	  32.75
      3	    900	      1	  899.0	  28.59	  32.75
      3	    901	      1	  900.0	  28.78	  32.75
      3	    902	      1	  901.0	  28.96	  32.75
      3	    903	      1	  902.0	  29.14	  32.75
      3	    904	      1	  903.0	  29.32	  32.75
      3	    905	      1	  904.0	  29.49	  32.75
      3	    906	      1	  905.0	  29.67	  32.75
      3	    907	      1	  906.0	  29.84	  32.75
      3	    908	      1	  907.0	  30.01	  32.75
      3	    909	      1	  908.0	  30.17	  32.75
      3	    910	      1	  909.0	  30.34	  32.75
      3	    911	      1	  910.0	  30.50	  32.75
      3	    912	      1	  911.0	  30.66	  32.75
      3	    913	      1	  912.0	  30.82	  32.75
      3	    914	      1	  913.0	  30.97	  32.75
      3	    915	      1	  914.0	  31.13	  32.75
      3	    916	      1	  915.0	  31.28	  32.75
      3	    917	      1	  916.0	  31.43	  32.75
      3	    918	      1	  917.0	  31.58	  32.75
      3	    919	      1	  918.0	  31.73	  32.75
      3	    920	      1	  919.0	  31.87	  32.75
      3	    921	      1	  920.0	  32.01	  32.75
      3	    922	      1	  921.0	  32.16	  32.75
      3	    923	      1	  922.0	  32.30	  32.75
      4	   1109	      1	 1108.0	  12.33	  12.39
      4	   1110	      1	 1109.0	  12.42	  12.73
      4	   1111	      1	 1110.0	  12.62	  13.36
      4	   1112	      1	 1111.0	  12.91	  14.37
      4	   1113	      1	 1112.0	  13.28	  15.95
      4	   1114	      1	 1113.0	  13.73	  18.58
      4	   1115	      1	 1114.0	  14.23	  23.68
      4	   1116	      1	 1115.0	  14.76	  32.75
      4	   1117	      1	 1116.0	  15.31	  32.75
      4	   1118	      1	 1117.0	  15.84	  23.47
      4	   1119	      1	 1118.0	  16.30	  18.52
      4	   1120	      1	 1119.0	  15.96	  15.96
      5	     75	      1	   74.0	  12.44	  12.63
      5	     76	      1	   75.0	  12.59	  13.37
      5	     77	      1	   76.0	  12.89	  14.84
      5	     78	      1	   77.0	  13.31	  17.60
      5	     79	      1	   78.0	  13.81	  23.84
      5	     80	      1	   79.0	  14.37	  32.75
      5	     81	      1	   80.0	  14.94	  27.75
      5	     82	      1	   81.0	  15.46	  19.74
      5	     83	      1	   82.0	  15.88	  16.78
      5	     84	      1	   83.0	  15.54	  15.54
      6	   1126	      1	 1125.0	  12.50	  12.52
      6	   1127	      1	 1126.0	  12.54	  12.55
      6	   1128	      1	 1127.0	  12.57	  12.61
      6	   1129	      1	 1128.0	  12.63	  12.68
      6	   1130	      1	 1129.0	  12.70	  12.77
      6	   1131	      1	 1130.0	  12.79	  12.88
      6	   1132	      1	 1131.0	  12.89	  13.00
      6	   1133	      1	 1132.0	  13.00	  13.15
      6	   1134	      1	 1133.0	  13.12	  13.31
      6	   1135	      1	 1134.0	  13.26	  13.49
      6	   1136	      1	 1135.0	  13.41	  13.69
      6	   1137	      1	 1136.0	  13.58	  13.91
      6	   1138	      1	 1137.0	  13.76	  14.15
      6	   1139	      1	 1138.0	  13.95	  14.42
      6	   1140	      1	 1139.0	  14.15	  14.71
      6	   1141	      1	 1140.0	  14.36	  15.02
      6	   1142	      1	 1141.0	  14.59	  15.36
      6	   1143	      1	 1142.0	  14.83	  15.74
      6	   1144	      1	 1143.0	  15.08	  16.14
      6	   1145	      1	 1144.0	  15.34	  16.57
      6	   1146	      1	 1145.0	  15.61	  17.04
      6	   1147	      1	 1146.0	  15.89	  17.69
      6	   1148	      1	 1147.0	  16.19	  18.64
      6	   1149	      1	 1148.0	  16.52	  19.95
      6	   1150	      1	 1149.0	  16.87	  21.75
      6	   1151	      1	 1150.0	  17.26	  24.23
      6	   1152	      1	 1151.0	  17.66	  27.74
      6	   1153	      1	 1152.0	  18.08	  32.75
      6	   1154	      1	 1153.0	  18.51	  32.75
      6	   1155	      1	 1154.0	  18.94	  32.75
      6	   1156	      1	 1155.0	  19.36	  32.75
      6	   1157	      1	 1156.0	  19.77	  32.75
      6	   1158	      1	 1157.0	  20.18	  32.75
      6	   1159	      1	 1158.0	  20.57	  32.75
      6	   1160	      1	 1159.0	  20.96	  32.75
      6	   1161	      1	 1160.0	  21.33	  32.75
      6	   1162	      1	 1161.0	  21.69	  32.75
      6	   1163	      1	 1162.0	  22.04	  32.75
      6	   1164	      1	 1163.0	  22.38	  32.75
      6	   1165	      1	 1164.0	  22.70	  32.75
      6	   1166	      1	 1165.0	  23.02	  32.75
      6	   1167	      1	 1166.0	  23.32	  32.75
      6	   1168	      1	 1167.0	  23.62	  32.75
      6	   1169	      1	 1168.0	  23.91	  32.75
      6	   1170	      1	 1169.0	  24.19	  32.75
      6	   1171	      1	 1169.8	  24.46	  32.75
      6	      1	      1	    0.0	  24.68	  32.75
      6	      2	      1	    1.0	  24.91	  32.75
      6	      3	      1	    2.0	  25.17	  32.75
      6	      4	      1	    3.0	  25.42	  32.75
      6	      5	      1	    4.0	  25.67	  32.75
      6	      6	      1	    5.0	  25.91	  32.75
      6	      7	      1	    6.0	  26.14	  32.75
      6	      8	      1	    7.0	  26.37	  32.75
      6	      9	      1	    8.0	  26.59	  32.75
      6	     10	      1	    9.0	  26.82	  32.75
      6	     11	      1	   10.0	  27.03	  32.75
      6	     12	      1	   11.0	  27.24	  32.75
      6	     13	      1	   12.0	  27.45	  32.75
      6	     14	      1	   13.0	  27.66	  32.75
      6	     15	      1	   14.0	  27.86	  32.75
      6	     16	      1	   15.0	  28.06	  32.75
      6	     17	      1	   16.0	  28.25	  32.75
      6	     18	      1	   17.0	  28.45	  32.75
      6	     19	      1	   18.0	  28.63	  32.75
      6	     20	      1	   19.0	  28.82	  32.75
      6	     21	      1	   20.0	  29.00	  32.75
      6	     22	      1	   21.0	  29.18	  32.75
      6	     23	      1	   22.0	  29.36	  32.75
      6	     24	      1	   23.0	  29.54	  32.75
      6	     25	      1	   24.0	  29.71	  32.75
      6	     26	      1	   25.0	  29.88	  32.75
      6	     27	      1	   26.0	  30.05	  32.75
      6	     28	      1	   27.0	  30.21	  32.75
      6	     29	      1	   28.0	  30.38	  32.75
      6	     30	      1	   29.0	  30.54	  32.75
      6	     31	      1	   30.0	  30.70	  32.75
      6	     32	      1	   31.0	  30.86	  32.75
      6	     33	      1	   32.0	  31.01	  32.75
      6	     34	      1	   33.0	  31.16	  32.75
      6	     35	      1	   34.0	  31.32	  32.75
      6	     36	      1	   35.0	  31.47	  32.75
      6	     37	      1	   36.0	  31.61	  32.75
      6	     38	      1	   37.0	  31.76	  32.75
      6	     39	      1	   38.0	  31.91	  32.75
      6	     40	      1	   39.0	  32.05	  32.75
      6	     41	      1	   40.0	  32.19	  32.75
      6	     42	      1	   41.0	  32.33	  32.75
      6	     43	      1	   42.0	  32.47	  32.75
      7	    762	      1	  761.0	  12.50	  12.53
      7	    763	      1	  762.0	  12.56	  12.60
      7	    764	      1	  763.0	  12.63	  12.70
      7	    765	      1	  764.0	  12.72	  12.84
      7	    766	      1	  765.0	  12.84	  13.01
      7	    767	      1	  766.0	  12.98	  13.21
      7	    768	      1	  767.0	  13.14	  13.45
      7	    769	      1	  768.0	  13.32	  13.72
      7	    770	      1	  769.0	  13.52	  14.03
      7	    771	      1	  770.0	  13.74	  14.38
      7	    772	      1	  771.0	  13.98	  14.77
      7	    773	      1	  772.0	  14.24	  15.21
      7	    774	      1	  773.0	  14.51	  15.69
      7	    775	      1	  774.0	  14.80	  16.22
      7	    776	      1	  775.0	  15.10	  16.80
      7	    777	      1	  776.0	  15.42	  17.42
      7	    778	      1	  777.0	  15.75	  18.10
      7	    779	      1	  778.0	  16.08	  18.82
      7	    780	      1	  779.0	  16.43	  19.58
      7	    781	      1	  780.0	  16.78	  20.36
      7	    782	      1	  781.0	  17.13	  21.14
      7	    783	      1	  782.0	  17.49	  22.03
      7	    784	      1	  783.0	  17.85	  23.11
      7	    785	      1	  784.0	  18.21	  24.41
      7	    786	      1	  785.0	  18.58	  25.99
      7	    787	      1	  786.0	  18.95	  27.93
      7	    788	      1	  787.0	  19.33	  30.34
      7	    789	      1	  788.0	  19.71	  32.75
      7	    790	      1	  789.0	  20.09	  32.75
      7	    791	      1	  790.0	  20.47	  32.75
      7	    792	      1	  791.0	  20.85	  32.75
      7	    793	      1	  792.0	  21.23	  32.75
      7	    794	      1	  793.0	  21.59	  32.75
      7	    795	      1	  794.0	  21.94	  32.75
      7	    796	      1	  795.0	  22.28	  32.75
      7	    797	      1	  796.0	  22.61	  32.75
      7	    798	      1	  797.0	  22.93	  32.75
      7	    799	      1	  798.0	  23.24	  32.75
      7	    800	      1	  799.0	  23.54	  32.75
      7	    801	      1	  800.0	  23.83	  32.75
      7	    802	      1	  801.0	  24.11	  32.75
      7	    803	      1	  802.0	  24.39	  32.75
      7	    804	      1	  803.0	  24.66	  32.75
      7	    805	      1	  804.0	  24.92	  32.75
      7	    806	      1	  805.0	  25.17	  32.75
      7	    807	      1	  806.0	  25.42	  32.75
      7	    808	      1	  807.0	  25.67	  32.75
      7	    809	      1	  808.0	  25.91	  32.75
      7	    810	      1	  809.0	  26.14	  32.75
      7	    811	      1	  810.0	  26.37	  32.75
      7	    812	      1	  811.0	  26.60	  32.75
      7	    813	      1	  812.0	  26.82	  32.75
      7	    814	      1	  813.0	  27.04	  32.75
      7	    815	      1	  814.0	  27.25	  32.75
      7	    816	      1	  815.0	  27.46	  32.75
      7	    817	      1	  816.0	  27.66	  32.75
      7	    818	      1	  817.0	  27.86	  32.75
      7	    819	      1	  818.0	  28.06	  32.75
      7	    820	      1	  819.0	  28.26	  32.75
      7	    821	      1	  820.0	  28.45	  32.75
      7	    822	      1	  821.0	  28.64	  32.75
      7	    823	      1	  822.0	  28.82	  32.75
      7	    824	      1	  823.0	  29.01	  32.75
      7	    825	      1	  824.0	  29.19	  32.75
      7	    826	      1	  825.0	  29.36	  32.75
      7	    827	      1	  826.0	  29.54	  32.75
      7	    828	      1	  827.0	  29.71	  32.75
      7	    829	      1	  828.0	  29.88	  32.75
      8	   1089	      1	 1088.0	  13.05	  13.39
      8	   1090	      1	 1089.0	  13.24	  14.31
      8	   1091	      1	 1090.0	  13.56	  15.95
      8	   1092	      1	 1091.0	  13.97	  18.72
      8	   1093	      1	 1092.0	  14.46	  23.63
      8	   1094	      1	 1093.0	  14.99	  32.75
      8	   1095	      1	 1094.0	  15.52	  32.75
      8	   1096	      1	 1095.0	  16.04	  32.75
      8	   1097	      1	 1096.0	  16.55	  32.75
      8	   1098	      1	 1097.0	  17.04	  32.75
      8	   1099	      1	 1098.0	  17.52	  32.75
      8	   1100	      1	 1099.0	  17.98	  32.75
      8	   1101	      1	 1100.0	  18.43	  32.75
      8	   1102	      1	 1101.0	  18.87	  32.75
      8	   1103	      1	 1102.0	  19.29	  32.75
      8	   1104	      1	 1103.0	  19.70	  23.32
      9	     64	      1	   63.0	  13.91	  14.18
      9	     65	      1	   64.0	  14.06	  15.25
      9	     66	      1	   65.0	  14.36	  17.54
      9	     67	      1	   66.0	  14.78	  22.82
      9	     68	      1	   67.0	  15.29	  32.75
      9	     69	      1	   68.0	  15.82	  28.32
      9	     70	      1	   69.0	  16.31	  18.98
     10	    505	      1	  504.0	  13.95	  13.98
     10	    506	      1	  505.0	  14.00	  14.53
     10	    507	      1	  506.0	  14.21	  15.69
     10	    508	      1	  507.0	  14.54	  17.78
     10	    509	      1	  508.0	  14.96	  21.78
     10	    510	      1	  509.0	  15.44	  32.17
     10	    511	      1	  510.0	  15.95	  32.75
     10	    512	      1	  511.0	  16.46	  26.56
     10	    513	      1	  512.0	  16.92	  20.34
     10	    514	      1	  513.0	  17.26	  17.59
     11	    492	      1	  491.0	  14.61	  14.90
     11	    493	      1	  492.0	  14.76	  15.70
     11	    494	      1	  493.0	  15.01	  17.18
     11	    495	      1	  494.0	  15.36	  19.82
     11	    496	      1	  495.0	  15.79	  25.16
     11	    497	      1	  496.0	  16.26	  32.75
     11	    498	      1	  497.0	  16.76	  32.75
     11	    499	      1	  498.0	  17.23	  24.21
     11	    500	      1	  499.0	  17.64	  19.23
     12	    575	      1	  574.0	  14.72	  14.78
     12	    576	      1	  575.0	  14.78	  14.88
     12	    577	      1	  576.0	  14.86	  15.03
     12	    578	      1	  577.0	  14.97	  15.24
     12	    579	      1	  578.0	  15.10	  15.49
     12	    580	      1	  579.0	  15.26	  15.81
     12	    581	      1	  580.0	  15.45	  16.18
     12	    582	      1	  581.0	  15.66	  16.63
     12	    583	      1	  582.0	  15.90	  17.15
     12	    584	      1	  583.0	  16.16	  17.77
     12	    585	      1	  584.0	  16.44	  18.50
     12	    586	      1	  585.0	  16.74	  19.37
     12	    587	      1	  586.0	  17.06	  20.40
     12	    588	      1	  587.0	  17.40	  21.65
     12	    589	      1	  588.0	  17.75	  23.19
     12	    590	      1	  589.0	  18.12	  25.12
     12	    591	      1	  590.0	  18.50	  27.65
     12	    592	      1	  591.0	  18.89	  31.09
     12	    593	      1	  592.0	  19.29	  32.75
     12	    594	      1	  593.0	  19.69	  32.75
     12	    595	      1	  594.0	  20.09	  32.75
     12	    596	      1	  595.0	  20.48	  32.75
     12	    597	      1	  596.0	  20.87	  32.75
     12	    598	      1	  597.0	  21.25	  32.75
     12	    599	      1	  598.0	  21.61	  32.75
     12	    600	      1	  599.0	  21.95	  31.94
     12	    601	      1	  600.0	  22.27	  29.46
     12	    602	      1	  601.0	  22.56	  27.70
     12	    603	      1	  602.0	  22.82	  26.43
     12	    604	      1	  603.0	  23.05	  25.53
     12	    605	      1	  604.0	  23.24	  24.92
     12	    606	      1	  605.0	  23.40	  24.56
     12	    607	      1	  606.0	  23.53	  24.44
     12	    608	      1	  607.0	  23.64	  24.55
     12	    609	      1	  608.0	  23.76	  24.88
     12	    610	      1	  609.0	  23.88	  25.41
     12	    611	      1	  610.0	  24.03	  26.16
     12	    612	      1	  611.0	  24.19	  27.16
     12	    613	      1	  612.0	  24.38	  28.43
     12	    614	      1	  613.0	  24.60	  30.03
     12	    615	      1	  614.0	  24.83	  32.03
     12	    616	      1	  615.0	  25.08	  32.75
     12	    617	      1	  616.0	  25.33	  32.75
     12	    618	      1	  617.0	  25.58	  32.75
     12	    619	      1	  618.0	  25.82	  32.75
     12	    620	      1	  619.0	  26.05	  32.75
     12	    621	      1	  620.0	  26.29	  32.75
     12	    622	      1	  621.0	  26.51	  32.75
     12	    623	      1	  622.0	  26.74	  32.75
     12	    624	      1	  623.0	  26.95	  32.75
     12	    625	      1	  624.0	  27.17	  32.75
     12	    626	      1	  625.0	  27.38	  32.75
     12	    627	      1	  626.0	  27.58	  32.75
     12	    628	      1	  627.0	  27.79	  32.75
     12	    629	      1	  628.0	  27.99	  32.75
     12	    630	      1	  629.0	  28.18	  32.75
     12	    631	      1	  630.0	  28.38	  32.75
     12	    632	      1	  631.0	  28.57	  32.75
     12	    633	      1	  632.0	  28.75	  32.75
     12	    634	      1	  633.0	  28.94	  32.75
     12	    635	      1	  634.0	  29.12	  32.75
     12	    636	      1	  635.0	  29.30	  32.75
     12	    637	      1	  636.0	  29.47	  32.75
     12	    638	      1	  637.0	  29.65	  32.75
     12	    639	      1	  638.0	  29.82	  32.75
     12	    640	      1	  639.0	  29.99	  32.75
     12	    641	      1	  640.0	  30.15	  32.75
     12	    642	      1	  641.0	  30.32	  32.75
     12	    643	      1	  642.0	  30.48	  32.75
     12	    644	      1	  643.0	  30.64	  32.75
     12	    645	      1	  644.0	  30.80	  32.75
     12	    646	      1	  645.0	  30.95	  32.75
     12	    647	      1	  646.0	  31.11	  32.75
     12	    648	      1	  647.0	  31.25	  32.67
     13	    543	      1	  542.0	  15.33	  15.67
     13	    544	      1	  543.0	  15.48	  18.58
     13	    545	      1	  544.0	  15.86	  27.09
     13	    546	      1	  545.0	  16.34	  32.75
     13	    547	      1	  546.0	  16.84	  32.75
     13	    548	      1	  547.0	  17.32	  32.75
     13	    549	      1	  548.0	  17.78	  32.75
     13	    550	      1	  549.0	  18.24	  32.75
     13	    551	      1	  550.0	  18.68	  32.75
     13	    552	      1	  551.0	  19.11	  32.75
     13	    553	      1	  552.0	  19.53	  32.75
     13	    554	      1	  553.0	  19.94	  32.75
     13	    555	      1	  554.0	  20.34	  32.75
     13	    556	      1	  555.0	  20.74	  32.75
     13	    557	      1	  556.0	  21.12	  32.75
     13	    558	      1	  557.0	  21.49	  32.75
     13	    559	      1	  558.0	  21.84	  32.75
     13	    560	      1	  559.0	  22.18	  32.75
     13	    561	      1	  560.0	  22.52	  32.75
     13	    562	      1	  561.0	  22.84	  32.65
     13	    563	      1	  562.0	  23.14	  27.68
     13	    564	      1	  563.0	  23.38	  24.20
     14	     86	      1	   85.0	  15.37	  15.91
     14	     87	      1	   86.0	  15.55	  17.16
     14	     88	      1	   87.0	  15.85	  19.50
     14	     89	      1	   88.0	  16.23	  24.08
     14	     90	      1	   89.0	  16.68	  32.75
     14	     91	      1	   90.0	  17.16	  32.75
     14	     92	      1	   91.0	  17.63	  27.76
     14	     93	      1	   92.0	  18.05	  21.73
     14	     94	      1	   93.0	  18.37	  19.05
     15	    369	      1	  368.0	  15.69	  15.71
     15	    370	      1	  369.0	  15.72	  15.93
     15	    371	      1	  370.0	  15.83	  16.35
     15	    372	      1	  371.0	  16.00	  16.97
     15	    373	      1	  372.0	  16.23	  17.83
     15	    374	      1	  373.0	  16.51	  18.97
     15	    375	      1	  374.0	  16.83	  20.48
     15	    376	      1	  375.0	  17.18	  22.49
     15	    377	      1	  376.0	  17.56	  25.20
     15	    378	      1	  377.0	  17.97	  28.98
     15	    379	      1	  378.0	  18.38	  32.75
     15	    380	      1	  379.0	  18.81	  32.75
     15	    381	      1	  380.0	  19.23	  32.75
     15	    382	      1	  381.0	  19.64	  32.75
     15	    383	      1	  382.0	  20.05	  32.75
     15	    384	      1	  383.0	  20.45	  32.75
     15	    385	      1	  384.0	  20.84	  32.75
     15	    386	      1	  385.0	  21.22	  32.75
     15	    387	      1	  386.0	  21.58	  32.75
     15	    388	      1	  387.0	  21.93	  32.26
     15	    389	      1	  388.0	  22.25	  23.68
     16	    517	      1	  516.0	  15.73	  15.86
     16	    518	      1	  517.0	  15.82	  16.38
     16	    519	      1	  518.0	  16.00	  17.32
     16	    520	      1	  519.0	  16.26	  18.83
     16	    521	      1	  520.0	  16.59	  21.25
     16	    522	      1	  521.0	  16.98	  25.44
     16	    523	      1	  522.0	  17.41	  32.75
     16	    524	      1	  523.0	  17.86	  32.75
     16	    525	      1	  524.0	  18.31	  32.75
     16	    526	      1	  525.0	  18.74	  27.65
     16	    527	      1	  526.0	  19.12	  23.12
     16	    528	      1	  527.0	  19.43	  20.73
     16	    529	      1	  528.0	  19.42	  19.42
     17	   1026	      1	 1025.0	  16.35	  16.35
     17	   1027	      1	 1026.0	  16.35	  16.35
     17	   1028	      1	 1027.0	  16.35	  16.36
     17	   1029	      1	 1028.0	  16.36	  16.36
     17	   1030	      1	 1029.0	  16.37	  16.37
     17	   1031	      1	 1030.0	  16.38	  16.39
     17	   1032	      1	 1031.0	  16.39	  16.40
     17	   1033	      1	 1032.0	  16.40	  16.41
     17	   1034	      1	 1033.0	  16.42	  16.43
     17	   1035	      1	 1034.0	  16.44	  16.45
     17	   1036	      1	 1035.0	  16.46	  16.47
     17	   1037	      1	 1036.0	  16.48	  16.50
     17	   1038	      1	 1037.0	  16.50	  16.52
     17	   1039	      1	 1038.0	  16.53	  16.55
     17	   1040	      1	 1039.0	  16.55	  16.58
     17	   1041	      1	 1040.0	  16.58	  16.62
     17	   1042	      1	 1041.0	  16.62	  16.65
     17	   1043	      1	 1042.0	  16.65	  16.69
     17	   1044	      1	 1043.0	  16.69	  16.74
     17	   1045	      1	 1044.0	  16.73	  16.78
     17	   1046	      1	 1045.0	  16.77	  16.83
     17	   1047	      1	 1046.0	  16.82	  16.88
     17	   1048	      1	 1047.0	  16.86	  16.93
     17	   1049	      1	 1048.0	  16.92	  16.99
     17	   1050	      1	 1049.0	  16.97	  17.05
     17	   1051	      1	 1050.0	  17.02	  17.12
     17	   1052	      1	 1051.0	  17.08	  17.19
     17	   1053	      1	 1052.0	  17.15	  17.26
     17	   1054	      1	 1053.0	  17.21	  17.34
     17	   1055	      1	 1054.0	  17.28	  17.42
     17	   1056	      1	 1055.0	  17.35	  17.50
     17	   1057	      1	 1056.0	  17.43	  17.59
     17	   1058	      1	 1057.0	  17.50	  17.69
     17	   1059	      1	 1058.0	  17.59	  17.79
     17	   1060	      1	 1059.0	  17.67	  17.89
     17	   1061	      1	 1060.0	  17.76	  18.00
     17	   1062	      1	 1061.0	  17.86	  18.28
     17	   1063	      1	 1062.0	  17.98	  18.84
     17	   1064	      1	 1063.0	  18.16	  19.71
     17	   1065	      1	 1064.0	  18.39	  20.94
     17	   1066	      1	 1065.0	  18.67	  22.64
     17	   1067	      1	 1066.0	  18.98	  24.97
     17	   1068	      1	 1067.0	  19.33	  28.22
     17	   1069	      1	 1068.0	  19.69	  32.75
     17	   1070	      1	 1069.0	  20.07	  32.75
     17	   1071	      1	 1070.0	  20.46	  32.75
     17	   1072	      1	 1071.0	  20.85	  32.75
     17	   1073	      1	 1072.0	  21.23	  32.75
     17	   1074	      1	 1073.0	  21.59	  32.75
     17	   1075	      1	 1074.0	  21.94	  32.75
     17	   1076	      1	 1075.0	  22.28	  32.75
     17	   1077	      1	 1076.0	  22.61	  32.75
     17	   1078	      1	 1077.0	  22.93	  32.75
     17	   1079	      1	 1078.0	  23.23	  32.75
     17	   1080	      1	 1079.0	  23.53	  32.75
     17	   1081	      1	 1080.0	  23.83	  32.75
     17	   1082	      1	 1081.0	  24.11	  30.93
     18	    245	      1	  244.0	  16.36	  16.62
     18	    246	      1	  245.0	  16.47	  17.19
     18	    247	      1	  246.0	  16.66	  18.15
     18	    248	      1	  247.0	  16.92	  19.62
     18	    249	      1	  248.0	  17.24	  21.89
     18	    250	      1	  249.0	  17.61	  25.63
     18	    251	      1	  250.0	  18.01	  32.75
     18	    252	      1	  251.0	  18.44	  32.75
     18	    253	      1	  252.0	  18.88	  32.75
     18	    254	      1	  253.0	  19.30	  31.04
     18	    255	      1	  254.0	  19.68	  24.92
     18	    256	      1	  255.0	  20.00	  21.65
     18	    257	      1	  256.0	  19.66	  19.66
     19	    835	      1	  834.0	  16.46	  17.03
     19	    836	      1	  835.0	  16.63	  18.33
     19	    837	      1	  836.0	  16.90	  20.77
     19	    838	      1	  837.0	  17.26	  25.77
     19	    839	      1	  838.0	  17.68	  32.75
     19	    840	      1	  839.0	  18.13	  32.75
     19	    841	      1	  840.0	  18.57	  25.13
     19	    842	      1	  841.0	  18.93	  19.45
     20	    230	      1	  229.0	  16.58	  16.85
     20	    231	      1	  230.0	  16.69	  17.57
     20	    232	      1	  231.0	  16.90	  18.86
     20	    233	      1	  232.0	  17.18	  20.99
     20	    234	      1	  233.0	  17.53	  24.69
     20	    235	      1	  234.0	  17.93	  32.45
     20	    236	      1	  235.0	  18.36	  32.75
     20	    237	      1	  236.0	  18.80	  32.75
     20	    238	      1	  237.0	  19.22	  27.37
     20	    239	      1	  238.0	  19.58	  22.33
     20	    240	      1	  239.0	  19.60	  19.60
     21	    262	      1	  261.0	  17.25	  17.49
     21	    263	      1	  262.0	  17.35	  17.98
     21	    264	      1	  263.0	  17.51	  18.73
     21	    265	      1	  264.0	  17.73	  19.81
     21	    266	      1	  265.0	  18.00	  21.32
     21	    267	      1	  266.0	  18.31	  23.44
     21	    268	      1	  267.0	  18.66	  26.56
     21	    269	      1	  268.0	  19.04	  31.52
     21	    270	      1	  269.0	  19.43	  32.75
     21	    271	      1	  270.0	  19.83	  32.75
     21	    272	      1	  271.0	  20.24	  32.75
     21	    273	      1	  272.0	  20.63	  32.75
     21	    274	      1	  273.0	  21.00	  32.75
     21	    275	      1	  274.0	  21.35	  30.15
     21	    276	      1	  275.0	  21.67	  28.36
     21	    277	      1	  276.0	  21.97	  27.73
     21	    278	      1	  277.0	  22.25	  28.23
     21	    279	      1	  278.0	  22.53	  29.95
     21	    280	      1	  279.0	  22.81	  32.75
     21	    281	      1	  280.0	  23.12	  32.75
     21	    282	      1	  281.0	  23.42	  32.75
     21	    283	      1	  282.0	  23.71	  32.75
     21	    284	      1	  283.0	  24.00	  32.75
     21	    285	      1	  284.0	  24.28	  32.75
     21	    286	      1	  285.0	  24.55	  32.75
     21	    287	      1	  286.0	  24.82	  32.75
     21	    288	      1	  287.0	  25.07	  32.75
     21	    289	      1	  288.0	  25.33	  32.75
     21	    290	      1	  289.0	  25.57	  32.75
     21	    291	      1	  290.0	  25.82	  32.75
     21	    292	      1	  291.0	  26.05	  32.75
     21	    293	      1	  292.0	  26.28	  32.75
     21	    294	      1	  293.0	  26.51	  32.75
     21	    295	      1	  294.0	  26.73	  32.75
     21	    296	      1	  295.0	  26.95	  32.75
     21	    297	      1	  296.0	  27.16	  32.75
     21	    298	      1	  297.0	  27.38	  32.75
     21	    299	      1	  298.0	  27.58	  32.75
     21	    300	      1	  299.0	  27.78	  32.75
     21	    301	      1	  300.0	  27.98	  32.75
     21	    302	      1	  301.0	  28.18	  32.75
     21	    303	      1	  302.0	  28.37	  32.75
     21	    304	      1	  303.0	  28.56	  32.75
     21	    305	      1	  304.0	  28.75	  32.75
     21	    306	      1	  305.0	  28.93	  32.75
     21	    307	      1	  306.0	  29.12	  32.75
     21	    308	      1	  307.0	  29.29	  32.75
     21	    309	      1	  308.0	  29.47	  32.75
     21	    310	      1	  309.0	  29.64	  32.75
     21	    311	      1	  310.0	  29.82	  32.75
     21	    312	      1	  311.0	  29.99	  32.75
     21	    313	      1	  312.0	  30.15	  32.75
     21	    314	      1	  313.0	  30.32	  32.75
     21	    315	      1	  314.0	  30.48	  32.75
     21	    316	      1	  315.0	  30.64	  32.75
     21	    317	      1	  316.0	  30.80	  32.75
     21	    318	      1	  317.0	  30.95	  32.75
     21	    319	      1	  318.0	  31.11	  32.75
     21	    320	      1	  319.0	  31.26	  32.75
     21	    321	      1	  320.0	  31.41	  32.75
     21	    322	      1	  321.0	  31.56	  32.75
     21	    323	      1	  322.0	  31.71	  32.75
     21	    324	      1	  323.0	  31.85	  32.75
     21	    325	      1	  324.0	  31.99	  32.75
     21	    326	      1	  325.0	  32.14	  32.75
     21	    327	      1	  326.0	  32.28	  32.75
     21	    328	      1	  327.0	  32.42	  32.75
     21	    329	      1	  328.0	  32.55	  32.75
     21	    330	      1	  329.0	  32.69	  32.75
     21	    331	      1	  330.0	  32.75	  32.75
     21	    332	      1	  331.0	  32.75	  32.75
     21	    333	      1	  332.0	  32.75	  32.75
     21	    334	      1	  333.0	  32.75	  32.75
     21	    335	      1	  334.0	  32.75	  32.75
     21	    336	      1	  335.0	  32.75	  32.75
     22	    729	      1	  728.0	  17.39	  17.50
     22	    730	      1	  729.0	  17.45	  17.78
     22	    731	      1	  730.0	  17.57	  18.25
     22	    732	      1	  731.0	  17.73	  18.92
     22	    733	      1	  732.0	  17.95	  19.80
     22	    734	      1	  733.0	  18.20	  20.96
     22	    735	      1	  734.0	  18.49	  22.44
     22	    736	      1	  735.0	  18.81	  24.36
     22	    737	      1	  736.0	  19.15	  26.87
     22	    738	      1	  737.0	  19.51	  30.23
     22	    739	      1	  738.0	  19.88	  32.75
     22	    740	      1	  739.0	  20.27	  32.75
     22	    741	      1	  740.0	  20.65	  32.75
     22	    742	      1	  741.0	  21.03	  32.75
     22	    743	      1	  742.0	  21.40	  32.75
     22	    744	      1	  743.0	  21.76	  32.75
     22	    745	      1	  744.0	  22.11	  32.75
     22	    746	      1	  745.0	  22.44	  32.75
     22	    747	      1	  746.0	  22.76	  32.75
     22	    748	      1	  747.0	  23.08	  32.75
     22	    749	      1	  748.0	  23.38	  32.75
     22	    750	      1	  749.0	  23.68	  32.75
     22	    751	      1	  750.0	  23.96	  32.75
     22	    752	      1	  751.0	  24.24	  32.75
     22	    753	      1	  752.0	  24.52	  32.75
     22	    754	      1	  753.0	  24.78	  32.75
     22	    755	      1	  754.0	  25.04	  32.75
     22	    756	      1	  755.0	  25.29	  28.00
     23	     97	      1	   96.0	  17.65	  18.29
     23	     98	      1	   97.0	  17.81	  19.85
     23	     99	      1	   98.0	  18.07	  22.88
     23	    100	      1	   99.0	  18.42	  29.35
     23	    101	      1	  100.0	  18.82	  32.75
     23	    102	      1	  101.0	  19.25	  32.75
     23	    103	      1	  102.0	  19.66	  26.90
     23	    104	      1	  103.0	  20.00	  21.94
     24	    931	      1	  930.0	  17.86	  18.40
     24	    932	      1	  931.0	  18.01	  19.68
     24	    933	      1	  932.0	  18.25	  22.11
     24	    934	      1	  933.0	  18.57	  26.96
     24	    935	      1	  934.0	  18.95	  32.75
     24	    936	      1	  935.0	  19.37	  32.75
     24	    937	      1	  936.0	  19.78	  27.75
     24	    938	      1	  937.0	  20.13	  21.07
     25	    108	      1	  107.0	  18.09	  18.29
     25	    109	      1	  108.0	  18.17	  18.76
     25	    110	      1	  109.0	  18.31	  19.54
     25	    111	      1	  110.0	  18.52	  20.65
     25	    112	      1	  111.0	  18.77	  22.20
     25	    113	      1	  112.0	  19.07	  24.35
     25	    114	      1	  113.0	  19.40	  27.39
     25	    115	      1	  114.0	  19.76	  31.91
     25	    116	      1	  115.0	  20.14	  32.75
     25	    117	      1	  116.0	  20.52	  32.75
     25	    118	      1	  117.0	  20.91	  32.75
     25	    119	      1	  118.0	  21.28	  32.75
     25	    120	      1	  119.0	  21.64	  32.75
     25	    121	      1	  120.0	  21.99	  32.75
     25	    122	      1	  121.0	  22.33	  32.75
     25	    123	      1	  122.0	  22.66	  32.75
     25	    124	      1	  123.0	  22.97	  32.75
     25	    125	      1	  124.0	  23.28	  32.75
     25	    126	      1	  125.0	  23.58	  32.75
     25	    127	      1	  126.0	  23.87	  32.75
     25	    128	      1	  127.0	  24.15	  32.75
     25	    129	      1	  128.0	  24.43	  32.75
     25	    130	      1	  129.0	  24.69	  32.75
     25	    131	      1	  130.0	  24.96	  32.75
     25	    132	      1	  131.0	  25.21	  32.75
     25	    133	      1	  132.0	  25.46	  32.75
     25	    134	      1	  133.0	  25.70	  32.75
     25	    135	      1	  134.0	  25.94	  32.75
     25	    136	      1	  135.0	  26.18	  32.75
     25	    137	      1	  136.0	  26.41	  32.75
     25	    138	      1	  137.0	  26.63	  32.75
     25	    139	      1	  138.0	  26.85	  31.24
     25	    140	      1	  139.0	  27.03	  29.79
     25	    141	      1	  140.0	  27.19	  28.54
     25	    142	      1	  141.0	  27.29	  27.46
     26	    344	      1	  343.0	  18.21	  18.31
     26	    345	      1	  344.0	  18.26	  18.61
     26	    346	      1	  345.0	  18.37	  19.10
     26	    347	      1	  346.0	  18.53	  19.83
     26	    348	      1	  347.0	  18.74	  20.85
     26	    349	      1	  348.0	  18.99	  22.25
     26	    350	      1	  349.0	  19.27	  24.21
     26	    351	      1	  350.0	  19.59	  27.09
     26	    352	      1	  351.0	  19.94	  31.66
     26	    353	      1	  352.0	  20.31	  32.75
     26	    354	      1	  353.0	  20.69	  32.75
     26	    355	      1	  354.0	  21.08	  32.75
     26	    356	      1	  355.0	  21.45	  32.75
     26	    357	      1	  356.0	  21.80	  29.87
     26	    358	      1	  357.0	  22.11	  25.63
     26	    359	      1	  358.0	  22.34	  22.86
     27	    970	      1	  969.0	  18.68	  18.88
     28	    531	      1	  530.0	  18.86	  19.02
     28	    532	      1	  531.0	  18.93	  20.13
     28	    533	      1	  532.0	  19.12	  22.58
     28	    534	      1	  533.0	  19.41	  27.78
     28	    535	      1	  534.0	  19.77	  32.75
     28	    536	      1	  535.0	  20.17	  32.75
     28	    537	      1	  536.0	  20.56	  27.73
     28	    538	      1	  537.0	  20.88	  21.63
     29	    476	      1	  475.0	  19.57	  19.89
     29	    477	      1	  476.0	  19.66	  20.87
     29	    478	      1	  477.0	  19.85	  22.71
     29	    479	      1	  478.0	  20.10	  26.05
     29	    480	      1	  479.0	  20.42	  32.75
     29	    481	      1	  480.0	  20.78	  32.75
     29	    482	      1	  481.0	  21.16	  32.75
     29	    483	      1	  482.0	  21.53	  29.85
     29	    484	      1	  483.0	  21.84	  23.60
     30	    664	      1	  663.0	  19.88	  19.89
     30	    665	      1	  664.0	  19.89	  19.91
     30	    666	      1	  665.0	  19.91	  19.96
     30	    667	      1	  666.0	  19.93	  20.02
     30	    668	      1	  667.0	  19.98	  20.11
     30	    669	      1	  668.0	  20.03	  20.21
     30	    670	      1	  669.0	  20.09	  20.33
     30	    671	      1	  670.0	  20.16	  20.47
     30	    672	      1	  671.0	  20.25	  20.62
     30	    673	      1	  672.0	  20.34	  20.79
     30	    674	      1	  673.0	  20.44	  20.97
     30	    675	      1	  674.0	  20.55	  21.17
     30	    676	      1	  675.0	  20.67	  21.39
     30	    677	      1	  676.0	  20.80	  21.63
     30	    678	      1	  677.0	  20.94	  21.87
     30	    679	      1	  678.0	  21.08	  22.14
     30	    680	      1	  679.0	  21.23	  22.41
     30	    681	      1	  680.0	  21.39	  22.70
     30	    682	      1	  681.0	  21.55	  23.01
     30	    683	      1	  682.0	  21.72	  23.32
     30	    684	      1	  683.0	  21.90	  23.65
     30	    685	      1	  684.0	  22.08	  23.99
     30	    686	      1	  685.0	  22.26	  24.33
     30	    687	      1	  686.0	  22.45	  24.68
     30	    688	      1	  687.0	  22.64	  25.04
     30	    689	      1	  688.0	  22.83	  25.39
     30	    690	      1	  689.0	  23.03	  25.74
     30	    691	      1	  690.0	  23.23	  26.09
     30	    692	      1	  691.0	  23.43	  26.42
     30	    693	      1	  692.0	  23.63	  26.74
     30	    694	      1	  693.0	  23.83	  27.03
     30	    695	      1	  694.0	  24.03	  27.30
     30	    696	      1	  695.0	  24.24	  27.54
     30	    697	      1	  696.0	  24.43	  27.74
     30	    698	      1	  697.0	  24.63	  27.89
     30	    699	      1	  698.0	  24.82	  27.99
     30	    700	      1	  699.0	  25.01	  28.04
     30	    701	      1	  700.0	  25.19	  28.00
     30	    702	      1	  701.0	  25.37	  27.80
     30	    703	      1	  702.0	  25.53	  27.46
     30	    704	      1	  703.0	  25.67	  27.01
     30	    705	      1	  704.0	  25.79	  26.46
     30	    706	      1	  705.0	  25.86	  25.86
     31	    155	      1	  154.0	  22.14	  22.16
     31	    156	      1	  155.0	  22.15	  22.28
     31	    157	      1	  156.0	  22.19	  22.49
     31	    158	      1	  157.0	  22.26	  22.79
     31	    159	      1	  158.0	  22.36	  23.18
     31	    160	      1	  159.0	  22.48	  23.67
     31	    161	      1	  160.0	  22.62	  24.27
     31	    162	      1	  161.0	  22.78	  24.98
     31	    163	      1	  162.0	  22.97	  25.82
     31	    164	      1	  163.0	  23.17	  26.81
     31	    165	      1	  164.0	  23.39	  27.96
     31	    166	      1	  165.0	  23.63	  29.31
     31	    167	      1	  166.0	  23.88	  30.90
     31	    168	      1	  167.0	  24.14	  32.75
     31	    169	      1	  168.0	  24.41	  32.75
     31	    170	      1	  169.0	  24.68	  32.75
     31	    171	      1	  170.0	  24.94	  32.75
     31	    172	      1	  171.0	  25.20	  32.75
     31	    173	      1	  172.0	  25.45	  32.75
     31	    174	      1	  173.0	  25.69	  32.75
     31	    175	      1	  174.0	  25.93	  32.75
     31	    176	      1	  175.0	  26.17	  32.75
     31	    177	      1	  176.0	  26.39	  32.75
     31	    178	      1	  177.0	  26.62	  32.75
     31	    179	      1	  178.0	  26.84	  32.75
     31	    180	      1	  179.0	  27.06	  32.75
     31	    181	      1	  180.0	  27.27	  32.75
     31	    182	      1	  181.0	  27.48	  32.75
     31	    183	      1	  182.0	  27.68	  32.75
     31	    184	      1	  183.0	  27.88	  32.75
     31	    185	      1	  184.0	  28.08	  32.75
     31	    186	      1	  185.0	  28.27	  32.75
     31	    187	      1	  186.0	  28.47	  32.75
     31	    188	      1	  187.0	  28.65	  32.75
     31	    189	      1	  188.0	  28.84	  32.75
     31	    190	      1	  189.0	  29.02	  32.75
     31	    191	      1	  190.0	  29.20	  32.75
     31	    192	      1	  191.0	  29.38	  32.75
     31	    193	      1	  192.0	  29.56	  32.75
     31	    194	      1	  193.0	  29.73	  32.75
     31	    195	      1	  194.0	  29.90	  32.75
     31	    196	      1	  195.0	  30.07	  32.75
     31	    197	      1	  196.0	  30.23	  32.75
     31	    198	      1	  197.0	  30.40	  32.75
     31	    199	      1	  198.0	  30.56	  32.75
     31	    200	      1	  199.0	  30.72	  32.75
     31	    201	      1	  200.0	  30.87	  32.75
     31	    202	      1	  201.0	  31.03	  32.75
     31	    203	      1	  202.0	  31.18	  32.75
     31	    204	      1	  203.0	  31.33	  32.75
     31	    205	      1	  204.0	  31.48	  32.75
     31	    206	      1	  205.0	  31.63	  32.75
     31	    207	      1	  206.0	  31.78	  32.75
     31	    208	      1	  207.0	  31.92	  32.75
     31	    209	      1	  208.0	  32.06	  32.75
     31	    210	      1	  209.0	  32.20	  32.75
     31	    211	      1	  210.0	  32.34	  32.75
     31	    212	      1	  211.0	  32.48	  32.75
     32	    608	      1	  607.0	  24.44	  24.55
     33	    216	      1	  215.0	  24.96	  25.00
     33	    217	      1	  216.0	  24.97	  26.39
     33	    218	      1	  217.0	  25.10	  29.61
     33	    219	      1	  218.0	  25.31	  32.75
     33	    220	      1	  219.0	  25.56	  32.75
     33	    221	      1	  220.0	  25.80	  32.75
     33	    222	      1	  221.0	  26.04	  32.32
     33	    223	      1	  222.0	  25.58	  25.58
     34	    278	      1	  277.0	  27.73	  28.23
      1	    946	      2	  945.0	  11.26	  11.29
      1	    945	      2	  944.0	  11.43	  11.48
      1	    944	      2	  943.0	  11.62	  11.82
      1	    943	      2	  942.0	  11.98	  12.34
      1	    942	      2	  941.0	  12.42	  13.07
      1	    941	      2	  940.0	  12.96	  14.08
      1	    940	      2	  939.0	  13.60	  15.52
      1	    939	      2	  938.0	  14.34	  17.64
      1	    938	      2	  937.0	  15.15	  21.07
      1	    937	      2	  936.0	  16.02	  27.75
      1	    936	      2	  935.0	  16.93	  32.75
      1	    935	      2	  934.0	  17.84	  32.75
      1	    934	      2	  933.0	  18.69	  26.96
      1	    933	      2	  932.0	  19.43	  22.11
      1	    932	      2	  931.0	  19.68	  19.68
      2	    395	      2	  394.0	  11.42	  11.67
      2	    394	      2	  393.0	  11.82	  12.20
      2	    393	      2	  392.0	  12.28	  13.05
      2	    392	      2	  391.0	  12.87	  14.31
      2	    391	      2	  390.0	  13.58	  16.18
      2	    390	      2	  389.0	  14.39	  19.02
      2	    389	      2	  388.0	  15.27	  23.68
      2	    388	      2	  387.0	  16.19	  32.26
      2	    387	      2	  386.0	  17.11	  32.75
      2	    386	      2	  385.0	  18.01	  32.75
      2	    385	      2	  384.0	  18.87	  32.75
      2	    384	      2	  383.0	  19.69	  32.75
      2	    383	      2	  382.0	  20.48	  32.75
      2	    382	      2	  381.0	  21.24	  32.75
      2	    381	      2	  380.0	  21.97	  32.75
      2	    380	      2	  379.0	  22.68	  32.75
      2	    379	      2	  378.0	  23.35	  32.75
      2	    378	      2	  377.0	  23.95	  28.98
      2	    377	      2	  376.0	  24.45	  25.20
      3	    848	      2	  847.0	  11.73	  11.82
      3	    847	      2	  846.0	  11.97	  12.12
      3	    846	      2	  845.0	  12.27	  12.65
      3	    845	      2	  844.0	  12.71	  13.46
      3	    844	      2	  843.0	  13.27	  14.67
      3	    843	      2	  842.0	  13.95	  16.49
      3	    842	      2	  841.0	  14.72	  19.45
      3	    841	      2	  840.0	  15.58	  25.13
      3	    840	      2	  839.0	  16.50	  32.75
      3	    839	      2	  838.0	  17.42	  32.75
      3	    838	      2	  837.0	  18.30	  25.77
      3	    837	      2	  836.0	  19.04	  20.77
      4	   1107	      2	 1106.0	  12.33	  12.92
      4	   1106	      2	 1105.0	  12.85	  14.42
      4	   1105	      2	 1104.0	  13.59	  17.35
      4	   1104	      2	 1103.0	  14.48	  23.32
      4	   1103	      2	 1102.0	  15.46	  32.75
      4	   1102	      2	 1101.0	  16.44	  32.75
      4	   1101	      2	 1100.0	  17.38	  32.75
      4	   1100	      2	 1099.0	  18.26	  32.75
      4	   1099	      2	 1098.0	  19.11	  32.75
      4	   1098	      2	 1097.0	  19.92	  32.75
      4	   1097	      2	 1096.0	  20.70	  32.75
      4	   1096	      2	 1095.0	  21.46	  32.75
      4	   1095	      2	 1094.0	  22.18	  32.75
      4	   1094	      2	 1093.0	  22.89	  32.75
      4	   1093	      2	 1092.0	  23.50	  23.63
      5	     73	      2	   72.0	  12.44	  12.79
      5	     72	      2	   71.0	  12.86	  13.72
      5	     71	      2	   70.0	  13.44	  15.49
      5	     70	      2	   69.0	  14.20	  18.98
      5	     69	      2	   68.0	  15.10	  28.32
      5	     68	      2	   67.0	  16.07	  32.75
      5	     67	      2	   66.0	  17.02	  22.82
      5	     66	      2	   65.0	  17.54	  17.54
      6	   1124	      2	 1123.0	  12.50	  12.55
      6	   1123	      2	 1122.0	  12.67	  12.85
      6	   1122	      2	 1121.0	  12.97	  13.44
      6	   1121	      2	 1120.0	  13.42	  14.42
      6	   1120	      2	 1119.0	  14.00	  15.96
      6	   1119	      2	 1118.0	  14.71	  18.52
      6	   1118	      2	 1117.0	  15.53	  23.47
      6	   1117	      2	 1116.0	  16.43	  32.75
      6	   1116	      2	 1115.0	  17.35	  32.75
      6	   1115	      2	 1114.0	  18.23	  23.68
      6	   1114	      2	 1113.0	  18.58	  18.58
      7	    760	      2	  759.0	  12.50	  12.65
      7	    759	      2	  758.0	  12.79	  13.60
      7	    758	      2	  757.0	  13.36	  15.60
      7	    757	      2	  756.0	  14.15	  19.49
      7	    756	      2	  755.0	  15.07	  28.00
      7	    755	      2	  754.0	  16.05	  32.75
      7	    754	      2	  753.0	  17.00	  32.75
      7	    753	      2	  752.0	  17.91	  32.75
      7	    752	      2	  751.0	  18.77	  32.75
      7	    751	      2	  750.0	  19.60	  32.75
      7	    750	      2	  749.0	  20.39	  32.75
      7	    749	      2	  748.0	  21.15	  32.75
      7	    748	      2	  747.0	  21.89	  32.75
      7	    747	      2	  746.0	  22.60	  32.75
      7	    746	      2	  745.0	  23.30	  32.75
      7	    745	      2	  744.0	  23.97	  32.75
      7	    744	      2	  743.0	  24.62	  32.75
      7	    743	      2	  742.0	  25.26	  32.75
      7	    742	      2	  741.0	  25.89	  32.75
      7	    741	      2	  740.0	  26.49	  32.75
      7	    740	      2	  739.0	  27.07	  32.75
      7	    739	      2	  738.0	  27.61	  32.75
      7	    738	      2	  737.0	  28.07	  30.23
      8	   1087	      2	 1086.0	  13.05	  13.28
      8	   1086	      2	 1085.0	  13.37	  14.08
      8	   1085	      2	 1084.0	  13.88	  15.55
      8	   1084	      2	 1083.0	  14.56	  18.04
      8	   1083	      2	 1082.0	  15.37	  22.38
      8	   1082	      2	 1081.0	  16.26	  30.93
      8	   1081	      2	 1080.0	  17.17	  32.75
      8	   1080	      2	 1079.0	  18.06	  32.75
      8	   1079	      2	 1078.0	  18.92	  32.75
      8	   1078	      2	 1077.0	  19.74	  32.75
      8	   1077	      2	 1076.0	  20.53	  32.75
      8	   1076	      2	 1075.0	  21.29	  32.75
      8	   1075	      2	 1074.0	  22.02	  32.75
      8	   1074	      2	 1073.0	  22.73	  32.75
      8	   1073	      2	 1072.0	  23.42	  32.75
      8	   1072	      2	 1071.0	  24.09	  32.75
      8	   1071	      2	 1070.0	  24.74	  32.75
      8	   1070	      2	 1069.0	  25.36	  32.75
      8	   1069	      2	 1068.0	  25.94	  32.75
      8	   1068	      2	 1067.0	  26.43	  28.22
      9	     62	      2	   61.0	  13.91	  13.95
      9	     61	      2	   60.0	  14.04	  14.05
      9	     60	      2	   59.0	  14.10	  14.20
      9	     59	      2	   58.0	  14.30	  14.41
      9	     58	      2	   57.0	  14.51	  14.68
      9	     57	      2	   56.0	  14.76	  15.01
      9	     56	      2	   55.0	  15.04	  15.40
      9	     55	      2	   54.0	  15.37	  15.85
      9	     54	      2	   53.0	  15.73	  16.37
      9	     53	      2	   52.0	  16.12	  16.96
      9	     52	      2	   51.0	  16.55	  17.63
      9	     51	      2	   50.0	  17.01	  18.39
      9	     50	      2	   49.0	  17.50	  19.24
      9	     49	      2	   48.0	  18.01	  20.17
      9	     48	      2	   47.0	  18.54	  21.18
      9	     47	      2	   46.0	  19.09	  22.36
      9	     46	      2	   45.0	  19.67	  24.05
      9	     45	      2	   44.0	  20.27	  26.47
      9	     44	      2	   43.0	  20.90	  29.94
      9	     43	      2	   42.0	  21.56	  32.75
      9	     42	      2	   41.0	  22.24	  32.75
      9	     41	      2	   40.0	  22.92	  32.75
      9	     40	      2	   39.0	  23.60	  32.75
      9	     39	      2	   38.0	  24.26	  32.75
      9	     38	      2	   37.0	  24.91	  32.75
      9	     37	      2	   36.0	  25.54	  32.75
      9	     36	      2	   35.0	  26.16	  32.75
      9	     35	      2	   34.0	  26.76	  32.75
      9	     34	      2	   33.0	  27.35	  32.75
      9	     33	      2	   32.0	  27.92	  32.75
      9	     32	      2	   31.0	  28.49	  32.75
      9	     31	      2	   30.0	  29.05	  32.75
      9	     30	      2	   29.0	  29.59	  32.75
      9	     29	      2	   28.0	  30.13	  32.75
      9	     28	      2	   27.0	  30.65	  32.75
      9	     27	      2	   26.0	  31.17	  32.75
      9	     26	      2	   25.0	  31.68	  32.75
      9	     25	      2	   24.0	  32.18	  32.75
      9	     24	      2	   23.0	  32.68	  32.75
      9	     23	      2	   22.0	  32.75	  32.75
      9	     22	      2	   21.0	  32.75	  32.75
      9	     21	      2	   20.0	  32.75	  32.75
      9	     20	      2	   19.0	  32.75	  32.75
      9	     19	      2	   18.0	  32.75	  32.75
      9	     18	      2	   17.0	  32.75	  32.75
      9	     17	      2	   16.0	  32.75	  32.75
      9	     16	      2	   15.0	  32.75	  32.75
      9	     15	      2	   14.0	  32.75	  32.75
      9	     14	      2	   13.0	  32.75	  32.75
      9	     13	      2	   12.0	  32.75	  32.75
      9	     12	      2	   11.0	  32.75	  32.75
      9	     11	      2	   10.0	  32.75	  32.75
      9	     10	      2	    9.0	  32.75	  32.75
      9	      9	      2	    8.0	  32.75	  32.75
      9	      8	      2	    7.0	  32.75	  32.75
      9	      7	      2	    6.0	  32.75	  32.75
      9	      6	      2	    5.0	  32.75	  32.75
      9	      5	      2	    4.0	  32.75	  32.75
      9	      4	      2	    3.0	  32.75	  32.75
      9	      3	      2	    2.0	  32.75	  32.75
      9	      2	      2	    1.0	  32.75	  32.75
      9	      1	      2	    0.0	  32.75	  32.75
      9	   1171	      2	 1169.8	  32.75	  32.75
      9	   1170	      2	 1169.0	  32.75	  32.75
      9	   1169	      2	 1168.0	  32.75	  32.75
      9	   1168	      2	 1167.0	  32.75	  32.75
      9	   1167	      2	 1166.0	  32.75	  32.75
      9	   1166	      2	 1165.0	  32.75	  32.75
      9	   1165	      2	 1164.0	  32.75	  32.75
      9	   1164	      2	 1163.0	  32.75	  32.75
      9	   1163	      2	 1162.0	  32.75	  32.75
      9	   1162	      2	 1161.0	  32.75	  32.75
      9	   1161	      2	 1160.0	  32.75	  32.75
      9	   1160	      2	 1159.0	  32.75	  32.75
      9	   1159	      2	 1158.0	  32.75	  32.75
      9	   1158	      2	 1157.0	  32.75	  32.75
      9	   1157	      2	 1156.0	  32.75	  32.75
      9	   1156	      2	 1155.0	  32.75	  32.75
      9	   1155	      2	 1154.0	  32.75	  32.75
      9	   1154	      2	 1153.0	  32.75	  32.75
      9	   1153	      2	 1152.0	  32.75	  32.75
     10	    503	      2	  502.0	  13.95	  14.34
     10	    502	      2	  501.0	  14.32	  15.20
     10	    501	      2	  500.0	  14.83	  16.68
     10	    500	      2	  499.0	  15.48	  19.23
     10	    499	      2	  498.0	  16.25	  24.21
     10	    498	      2	  497.0	  17.10	  32.75
     10	    497	      2	  496.0	  17.99	  32.75
     10	    496	      2	  495.0	  18.84	  25.16
     10	    495	      2	  494.0	  19.53	  19.82
     11	    490	      2	  489.0	  14.61	  14.71
     11	    489	      2	  488.0	  14.81	  15.07
     11	    488	      2	  487.0	  15.10	  15.70
     11	    487	      2	  486.0	  15.50	  16.67
     11	    486	      2	  485.0	  16.02	  18.09
     11	    485	      2	  484.0	  16.63	  20.21
     11	    484	      2	  483.0	  17.32	  23.60
     11	    483	      2	  482.0	  18.08	  29.85
     11	    482	      2	  481.0	  18.89	  32.75
     11	    481	      2	  480.0	  19.70	  32.75
     11	    480	      2	  479.0	  20.48	  32.75
     11	    479	      2	  478.0	  21.19	  26.05
     11	    478	      2	  477.0	  21.76	  22.71
     12	    573	      2	  572.0	  14.72	  14.73
     12	    572	      2	  571.0	  14.80	  14.89
     12	    571	      2	  570.0	  14.98	  15.20
     12	    570	      2	  569.0	  15.24	  15.67
     12	    569	      2	  568.0	  15.59	  16.33
     12	    568	      2	  567.0	  16.01	  17.19
     12	    567	      2	  566.0	  16.51	  18.32
     12	    566	      2	  565.0	  17.07	  19.77
     12	    565	      2	  564.0	  17.69	  21.67
     12	    564	      2	  563.0	  18.35	  24.20
     12	    563	      2	  562.0	  19.05	  27.68
     12	    562	      2	  561.0	  19.78	  32.65
     12	    561	      2	  560.0	  20.51	  32.75
     12	    560	      2	  559.0	  21.25	  32.75
     12	    559	      2	  558.0	  21.98	  32.75
     12	    558	      2	  557.0	  22.69	  32.75
     12	    557	      2	  556.0	  23.38	  32.75
     12	    556	      2	  555.0	  24.05	  32.75
     12	    555	      2	  554.0	  24.70	  32.75
     12	    554	      2	  553.0	  25.34	  32.75
     12	    553	      2	  552.0	  25.96	  32.75
     12	    552	      2	  551.0	  26.57	  32.75
     12	    551	      2	  550.0	  27.16	  32.75
     12	    550	      2	  549.0	  27.74	  32.75
     12	    549	      2	  548.0	  28.31	  32.75
     12	    548	      2	  547.0	  28.87	  32.75
     12	    547	      2	  546.0	  29.42	  32.75
     12	    546	      2	  545.0	  29.96	  32.75
     13	    541	      2	  540.0	  15.33	  15.80
     13	    540	      2	  539.0	  15.69	  16.81
     13	    539	      2	  538.0	  16.19	  18.57
     13	    538	      2	  537.0	  16.82	  21.63
     13	    537	      2	  536.0	  17.56	  27.73
     13	    536	      2	  535.0	  18.37	  32.75
     13	    535	      2	  534.0	  19.21	  32.75
     13	    534	      2	  533.0	  20.00	  27.78
     13	    533	      2	  532.0	  20.68	  22.58
     14	     84	      2	   83.0	  15.37	  15.54
     14	     83	      2	   82.0	  15.60	  16.78
     14	     82	      2	   81.0	  16.11	  19.74
     14	     81	      2	   80.0	  16.84	  27.75
     14	     80	      2	   79.0	  17.69	  32.75
     14	     79	      2	   78.0	  18.56	  23.84
     15	    367	      2	  366.0	  15.69	  15.80
     15	    366	      2	  365.0	  15.87	  16.02
     15	    365	      2	  364.0	  16.08	  16.38
     15	    364	      2	  363.0	  16.35	  16.87
     15	    363	      2	  362.0	  16.70	  17.52
     15	    362	      2	  361.0	  17.10	  18.36
     15	    361	      2	  360.0	  17.57	  19.46
     15	    360	      2	  359.0	  18.09	  20.91
     15	    359	      2	  358.0	  18.67	  22.86
     15	    358	      2	  357.0	  19.31	  25.63
     15	    357	      2	  356.0	  19.98	  29.87
     15	    356	      2	  355.0	  20.68	  32.75
     15	    355	      2	  354.0	  21.41	  32.75
     15	    354	      2	  353.0	  22.13	  32.75
     15	    353	      2	  352.0	  22.83	  32.75
     15	    352	      2	  351.0	  23.49	  31.66
     15	    351	      2	  350.0	  24.06	  27.09
     15	    350	      2	  349.0	  24.21	  24.21
     16	    515	      2	  514.0	  15.73	  16.23
     16	    514	      2	  513.0	  16.09	  17.59
     16	    513	      2	  512.0	  16.63	  20.34
     16	    512	      2	  511.0	  17.33	  26.56
     16	    511	      2	  510.0	  18.14	  32.75
     16	    510	      2	  509.0	  18.99	  32.17
     16	    509	      2	  508.0	  19.76	  21.78
     17	   1024	      2	 1023.0	  16.35	  16.37
     17	   1023	      2	 1022.0	  16.44	  16.47
     17	   1022	      2	 1021.0	  16.54	  16.65
     17	   1021	      2	 1020.0	  16.71	  16.91
     17	   1020	      2	 1019.0	  16.93	  17.25
     17	   1019	      2	 1018.0	  17.20	  17.68
     17	   1018	      2	 1017.0	  17.51	  18.20
     17	   1017	      2	 1016.0	  17.86	  18.84
     17	   1016	      2	 1015.0	  18.26	  19.59
     17	   1015	      2	 1014.0	  18.70	  20.49
     17	   1014	      2	 1013.0	  19.17	  21.55
     17	   1013	      2	 1012.0	  19.68	  22.83
     17	   1012	      2	 1011.0	  20.23	  24.36
     17	   1011	      2	 1010.0	  20.80	  26.22
     17	   1010	      2	 1009.0	  21.39	  28.51
     17	   1009	      2	 1008.0	  22.01	  31.37
     17	   1008	      2	 1007.0	  22.63	  32.75
     17	   1007	      2	 1006.0	  23.27	  32.75
     17	   1006	      2	 1005.0	  23.91	  32.75
     17	   1005	      2	 1004.0	  24.55	  32.75
     17	   1004	      2	 1003.0	  25.18	  32.75
     17	   1003	      2	 1002.0	  25.80	  32.75
     17	   1002	      2	 1001.0	  26.41	  32.75
     17	   1001	      2	 1000.0	  27.01	  32.75
     17	   1000	      2	  999.0	  27.59	  32.75
     17	    999	      2	  998.0	  28.16	  32.75
     17	    998	      2	  997.0	  28.73	  32.75
     17	    997	      2	  996.0	  29.28	  32.75
     17	    996	      2	  995.0	  29.82	  32.75
     17	    995	      2	  994.0	  30.35	  32.75
     17	    994	      2	  993.0	  30.87	  32.75
     17	    993	      2	  992.0	  31.39	  32.75
     17	    992	      2	  991.0	  31.89	  32.75
     17	    991	      2	  990.0	  32.39	  32.75
     17	    990	      2	  989.0	  32.75	  32.75
     17	    989	      2	  988.0	  32.75	  32.75
     17	    988	      2	  987.0	  32.75	  32.75
     17	    987	      2	  986.0	  32.75	  32.75
     17	    986	      2	  985.0	  32.75	  32.75
     17	    985	      2	  984.0	  32.75	  32.75
     17	    984	      2	  983.0	  32.75	  32.75
     17	    983	      2	  982.0	  32.75	  32.75
     17	    982	      2	  981.0	  32.75	  32.75
     17	    981	      2	  980.0	  32.75	  32.75
     17	    980	      2	  979.0	  32.75	  32.75
     17	    979	      2	  978.0	  32.75	  32.75
     17	    978	      2	  977.0	  32.75	  32.75
     18	    243	      2	  242.0	  16.36	  16.45
     18	    242	      2	  241.0	  16.52	  16.96
     18	    241	      2	  240.0	  16.84	  17.95
     18	    240	      2	  239.0	  17.29	  19.60
     18	    239	      2	  238.0	  17.87	  22.33
     18	    238	      2	  237.0	  18.54	  27.37
     18	    237	      2	  236.0	  19.29	  32.75
     18	    236	      2	  235.0	  20.08	  32.75
     18	    235	      2	  234.0	  20.85	  32.45
     18	    234	      2	  233.0	  21.54	  24.69
     19	    833	      2	  832.0	  16.46	  16.58
     19	    832	      2	  831.0	  16.64	  17.85
     19	    831	      2	  830.0	  17.11	  20.63
     19	    830	      2	  829.0	  17.78	  26.14
     19	    829	      2	  828.0	  18.56	  32.75
     19	    828	      2	  827.0	  19.38	  32.75
     19	    827	      2	  826.0	  20.18	  32.75
     19	    826	      2	  825.0	  20.95	  32.75
     19	    825	      2	  824.0	  21.69	  32.75
     19	    824	      2	  823.0	  22.41	  32.75
     19	    823	      2	  822.0	  23.11	  32.75
     19	    822	      2	  821.0	  23.79	  32.75
     19	    821	      2	  820.0	  24.45	  32.75
     19	    820	      2	  819.0	  25.09	  32.75
     19	    819	      2	  818.0	  25.72	  32.75
     19	    818	      2	  817.0	  26.33	  32.75
     19	    817	      2	  816.0	  26.93	  32.75
     19	    816	      2	  815.0	  27.51	  32.75
     19	    815	      2	  814.0	  28.09	  32.75
     19	    814	      2	  813.0	  28.65	  32.75
     19	    813	      2	  812.0	  29.20	  32.75
     19	    812	      2	  811.0	  29.75	  32.75
     19	    811	      2	  810.0	  30.28	  32.75
     19	    810	      2	  809.0	  30.80	  32.75
     19	    809	      2	  808.0	  31.32	  32.75
     19	    808	      2	  807.0	  31.83	  32.75
     19	    807	      2	  806.0	  32.33	  32.75
     19	    806	      2	  805.0	  32.75	  32.75
     19	    805	      2	  804.0	  32.75	  32.75
     19	    804	      2	  803.0	  32.75	  32.75
     19	    803	      2	  802.0	  32.75	  32.75
     19	    802	      2	  801.0	  32.75	  32.75
     19	    801	      2	  800.0	  32.75	  32.75
     19	    800	      2	  799.0	  32.75	  32.75
     19	    799	      2	  798.0	  32.75	  32.75
     19	    798	      2	  797.0	  32.75	  32.75
     19	    797	      2	  796.0	  32.75	  32.75
     19	    796	      2	  795.0	  32.75	  32.75
     19	    795	      2	  794.0	  32.75	  32.75
     19	    794	      2	  793.0	  32.75	  32.75
     19	    793	      2	  792.0	  32.75	  32.75
     19	    792	      2	  791.0	  32.75	  32.75
     19	    791	      2	  790.0	  32.75	  32.75
     19	    790	      2	  789.0	  32.75	  32.75
     19	    789	      2	  788.0	  32.75	  32.75
     20	    228	      2	  227.0	  16.58	  16.73
     20	    227	      2	  226.0	  16.78	  17.26
     20	    226	      2	  225.0	  17.10	  18.20
     20	    225	      2	  224.0	  17.54	  19.66
     20	    224	      2	  223.0	  18.09	  21.92
     20	    223	      2	  222.0	  18.73	  25.58
     20	    222	      2	  221.0	  19.44	  32.32
     20	    221	      2	  220.0	  20.19	  32.75
     20	    220	      2	  219.0	  20.95	  32.75
     20	    219	      2	  218.0	  21.69	  32.75
     20	    218	      2	  217.0	  22.37	  29.61
     20	    217	      2	  216.0	  22.96	  26.39
     20	    216	      2	  215.0	  23.42	  25.00
     20	    215	      2	  214.0	  23.76	  24.96
     20	    214	      2	  213.0	  24.06	  26.41
     20	    213	      2	  212.0	  24.45	  29.58
     20	    212	      2	  211.0	  24.93	  32.75
     20	    211	      2	  210.0	  25.49	  32.75
     20	    210	      2	  209.0	  26.09	  32.75
     20	    209	      2	  208.0	  26.69	  32.75
     20	    208	      2	  207.0	  27.28	  32.75
     20	    207	      2	  206.0	  27.86	  32.75
     20	    206	      2	  205.0	  28.42	  32.75
     20	    205	      2	  204.0	  28.98	  32.75
     20	    204	      2	  203.0	  29.53	  32.75
     20	    203	      2	  202.0	  30.06	  32.75
     20	    202	      2	  201.0	  30.59	  32.75
     20	    201	      2	  200.0	  31.11	  32.75
     20	    200	      2	  199.0	  31.62	  32.75
     20	    199	      2	  198.0	  32.12	  32.75
     20	    198	      2	  197.0	  32.62	  32.75
     20	    197	      2	  196.0	  32.75	  32.75
     20	    196	      2	  195.0	  32.75	  32.75
     20	    195	      2	  194.0	  32.75	  32.75
     20	    194	      2	  193.0	  32.75	  32.75
     20	    193	      2	  192.0	  32.75	  32.75
     20	    192	      2	  191.0	  32.75	  32.75
     20	    191	      2	  190.0	  32.75	  32.75
     20	    190	      2	  189.0	  32.75	  32.75
     20	    189	      2	  188.0	  32.75	  32.75
     20	    188	      2	  187.0	  32.75	  32.75
     20	    187	      2	  186.0	  32.75	  32.75
     20	    186	      2	  185.0	  32.75	  32.75
     20	    185	      2	  184.0	  32.75	  32.75
     20	    184	      2	  183.0	  32.75	  32.75
     20	    183	      2	  182.0	  32.75	  32.75
     20	    182	      2	  181.0	  32.75	  32.75
     20	    181	      2	  180.0	  32.75	  32.75
     20	    180	      2	  179.0	  32.75	  32.75
     20	    179	      2	  178.0	  32.75	  32.75
     20	    178	      2	  177.0	  32.75	  32.75
     20	    177	      2	  176.0	  32.75	  32.75
     20	    176	      2	  175.0	  32.75	  32.75
     20	    175	      2	  174.0	  32.75	  32.75
     20	    174	      2	  173.0	  32.75	  32.75
     20	    173	      2	  172.0	  32.75	  32.75
     20	    172	      2	  171.0	  32.75	  32.75
     20	    171	      2	  170.0	  32.75	  32.75
     20	    170	      2	  169.0	  32.75	  32.75
     20	    169	      2	  168.0	  32.75	  32.75
     20	    168	      2	  167.0	  32.75	  32.75
     21	    260	      2	  259.0	  17.25	  17.26
     21	    259	      2	  258.0	  17.33	  17.63
     21	    258	      2	  257.0	  17.58	  18.40
     21	    257	      2	  256.0	  17.96	  19.66
     21	    256	      2	  255.0	  18.45	  21.65
     21	    255	      2	  254.0	  19.04	  24.92
     21	    254	      2	  253.0	  19.71	  31.04
     21	    253	      2	  252.0	  20.44	  32.75
     21	    252	      2	  251.0	  21.19	  32.75
     21	    251	      2	  250.0	  21.93	  32.75
     21	    250	      2	  249.0	  22.57	  25.63
     22	    727	      2	  726.0	  17.39	  17.41
     22	    726	      2	  725.0	  17.47	  17.47
     22	    725	      2	  724.0	  17.52	  17.56
     22	    724	      2	  723.0	  17.63	  17.70
     22	    723	      2	  722.0	  17.76	  17.86
     22	    722	      2	  721.0	  17.92	  18.07
     22	    721	      2	  720.0	  18.09	  18.30
     22	    720	      2	  719.0	  18.30	  18.58
     22	    719	      2	  718.0	  18.52	  18.88
     22	    718	      2	  717.0	  18.77	  19.23
     22	    717	      2	  716.0	  19.04	  19.61
     22	    716	      2	  715.0	  19.34	  20.02
     22	    715	      2	  714.0	  19.65	  20.48
     22	    714	      2	  713.0	  19.98	  20.97
     22	    713	      2	  712.0	  20.32	  21.50
     22	    712	      2	  711.0	  20.69	  22.06
     22	    711	      2	  710.0	  21.06	  22.65
     22	    710	      2	  709.0	  21.45	  23.27
     22	    709	      2	  708.0	  21.86	  23.91
     22	    708	      2	  707.0	  22.27	  24.57
     22	    707	      2	  706.0	  22.69	  25.22
     22	    706	      2	  705.0	  23.11	  25.86
     22	    705	      2	  704.0	  23.53	  26.46
     22	    704	      2	  703.0	  23.96	  27.01
     22	    703	      2	  702.0	  24.38	  27.46
     22	    702	      2	  701.0	  24.80	  27.80
     22	    701	      2	  700.0	  25.20	  28.00
     22	    700	      2	  699.0	  25.58	  28.04
     22	    699	      2	  698.0	  25.95	  27.99
     22	    698	      2	  697.0	  26.28	  27.89
     22	    697	      2	  696.0	  26.58	  27.74
     22	    696	      2	  695.0	  26.84	  27.54
     22	    695	      2	  694.0	  27.05	  27.30
     22	    694	      2	  693.0	  27.03	  27.03
     23	     95	      2	   94.0	  17.65	  17.85
     23	     94	      2	   93.0	  17.85	  19.05
     23	     93	      2	   92.0	  18.29	  21.73
     23	     92	      2	   91.0	  18.90	  27.76
     23	     91	      2	   90.0	  19.63	  32.75
     23	     90	      2	   89.0	  20.42	  32.75
     23	     89	      2	   88.0	  21.15	  24.08
     24	    929	      2	  928.0	  17.86	  17.93
     24	    928	      2	  927.0	  18.00	  18.51
     24	    927	      2	  926.0	  18.30	  19.59
     24	    926	      2	  925.0	  18.73	  21.31
     24	    925	      2	  924.0	  19.27	  23.90
     24	    924	      2	  923.0	  19.89	  27.88
     24	    923	      2	  922.0	  20.58	  32.75
     24	    922	      2	  921.0	  21.29	  32.75
     24	    921	      2	  920.0	  22.01	  32.75
     24	    920	      2	  919.0	  22.72	  32.75
     24	    919	      2	  918.0	  23.41	  32.75
     24	    918	      2	  917.0	  24.08	  32.75
     24	    917	      2	  916.0	  24.73	  32.75
     24	    916	      2	  915.0	  25.36	  32.75
     24	    915	      2	  914.0	  25.98	  32.75
     24	    914	      2	  913.0	  26.59	  32.75
     24	    913	      2	  912.0	  27.18	  32.75
     24	    912	      2	  911.0	  27.76	  32.75
     24	    911	      2	  910.0	  28.33	  32.75
     24	    910	      2	  909.0	  28.89	  32.75
     24	    909	      2	  908.0	  29.44	  32.75
     24	    908	      2	  907.0	  29.98	  32.75
     24	    907	      2	  906.0	  30.51	  32.75
     24	    906	      2	  905.0	  31.03	  32.75
     24	    905	      2	  904.0	  31.54	  32.75
     24	    904	      2	  903.0	  32.04	  32.75
     24	    903	      2	  902.0	  32.54	  32.75
     24	    902	      2	  901.0	  32.75	  32.75
     24	    901	      2	  900.0	  32.75	  32.75
     24	    900	      2	  899.0	  32.75	  32.75
     24	    899	      2	  898.0	  32.75	  32.75
     24	    898	      2	  897.0	  32.75	  32.75
     24	    897	      2	  896.0	  32.75	  32.75
     24	    896	      2	  895.0	  32.75	  32.75
     24	    895	      2	  894.0	  32.75	  32.75
     24	    894	      2	  893.0	  32.75	  32.75
     24	    893	      2	  892.0	  32.75	  32.75
     24	    892	      2	  891.0	  32.75	  32.75
     24	    891	      2	  890.0	  32.75	  32.75
     24	    890	      2	  889.0	  32.75	  32.75
     24	    889	      2	  888.0	  32.75	  32.75
     24	    888	      2	  887.0	  32.75	  32.75
     24	    887	      2	  886.0	  32.75	  32.75
     24	    886	      2	  885.0	  32.75	  32.75
     24	    885	      2	  884.0	  32.75	  32.75
     24	    884	      2	  883.0	  32.75	  32.75
     24	    883	      2	  882.0	  32.75	  32.75
     24	    882	      2	  881.0	  32.75	  32.75
     24	    881	      2	  880.0	  32.75	  32.75
     24	    880	      2	  879.0	  32.75	  32.75
     24	    879	      2	  878.0	  32.75	  32.75
     24	    878	      2	  877.0	  32.75	  32.75
     24	    877	      2	  876.0	  32.75	  32.75
     24	    876	      2	  875.0	  32.75	  32.75
     24	    875	      2	  874.0	  32.75	  32.75
     24	    874	      2	  873.0	  32.75	  32.75
     24	    873	      2	  872.0	  32.75	  32.75
     24	    872	      2	  871.0	  32.75	  32.75
     24	    871	      2	  870.0	  32.75	  32.75
     24	    870	      2	  869.0	  32.75	  32.75
     24	    869	      2	  868.0	  32.75	  32.75
     24	    868	      2	  867.0	  32.75	  32.75
     24	    867	      2	  866.0	  32.75	  32.75
     24	    866	      2	  865.0	  32.75	  32.75
     24	    865	      2	  864.0	  32.75	  32.75
     24	    864	      2	  863.0	  32.75	  32.75
     24	    863	      2	  862.0	  32.75	  32.75
     24	    862	      2	  861.0	  32.75	  32.75
     24	    861	      2	  860.0	  32.75	  32.75
     24	    860	      2	  859.0	  32.75	  32.75
     24	    859	      2	  858.0	  32.75	  32.75
     24	    858	      2	  857.0	  32.75	  32.75
     24	    857	      2	  856.0	  32.75	  32.75
     25	    106	      2	  105.0	  18.09	  18.36
     25	    105	      2	  104.0	  18.31	  19.52
     25	    104	      2	  103.0	  18.73	  21.94
     25	    103	      2	  102.0	  19.31	  26.90
     25	    102	      2	  101.0	  20.01	  32.75
     25	    101	      2	  100.0	  20.77	  32.75
     25	    100	      2	   99.0	  21.52	  29.35
     25	     99	      2	   98.0	  22.14	  22.88
     26	    342	      2	  341.0	  18.21	  18.41
     26	    341	      2	  340.0	  18.41	  19.05
     26	    340	      2	  339.0	  18.73	  20.16
     26	    339	      2	  338.0	  19.17	  21.85
     26	    338	      2	  337.0	  19.70	  24.33
     26	    337	      2	  336.0	  20.31	  28.01
     26	    336	      2	  335.0	  20.97	  32.75
     26	    335	      2	  334.0	  21.66	  32.75
     26	    334	      2	  333.0	  22.36	  32.75
     26	    333	      2	  332.0	  23.06	  32.75
     26	    332	      2	  331.0	  23.74	  32.75
     26	    331	      2	  330.0	  24.40	  32.75
     26	    330	      2	  329.0	  25.04	  32.75
     26	    329	      2	  328.0	  25.67	  32.75
     26	    328	      2	  327.0	  26.28	  32.75
     26	    327	      2	  326.0	  26.88	  32.75
     26	    326	      2	  325.0	  27.47	  32.75
     26	    325	      2	  324.0	  28.05	  32.75
     26	    324	      2	  323.0	  28.61	  32.75
     26	    323	      2	  322.0	  29.16	  32.75
     26	    322	      2	  321.0	  29.71	  32.75
     26	    321	      2	  320.0	  30.24	  32.75
     26	    320	      2	  319.0	  30.76	  32.75
     26	    319	      2	  318.0	  31.28	  32.75
     26	    318	      2	  317.0	  31.79	  32.75
     26	    317	      2	  316.0	  32.29	  32.75
     26	    316	      2	  315.0	  32.75	  32.75
     26	    315	      2	  314.0	  32.75	  32.75
     26	    314	      2	  313.0	  32.75	  32.75
     26	    313	      2	  312.0	  32.75	  32.75
     26	    312	      2	  311.0	  32.75	  32.75
     26	    311	      2	  310.0	  32.75	  32.75
     26	    310	      2	  309.0	  32.75	  32.75
     26	    309	      2	  308.0	  32.75	  32.75
     26	    308	      2	  307.0	  32.75	  32.75
     26	    307	      2	  306.0	  32.75	  32.75
     26	    306	      2	  305.0	  32.75	  32.75
     26	    305	      2	  304.0	  32.75	  32.75
     26	    304	      2	  303.0	  32.75	  32.75
     26	    303	      2	  302.0	  32.75	  32.75
     26	    302	      2	  301.0	  32.75	  32.75
     26	    301	      2	  300.0	  32.75	  32.75
     26	    300	      2	  299.0	  32.75	  32.75
     26	    299	      2	  298.0	  32.75	  32.75
     26	    298	      2	  297.0	  32.75	  32.75
     26	    297	      2	  296.0	  32.75	  32.75
     26	    296	      2	  295.0	  32.75	  32.75
     26	    295	      2	  294.0	  32.75	  32.75
     26	    294	      2	  293.0	  32.75	  32.75
     26	    293	      2	  292.0	  32.75	  32.75
     26	    292	      2	  291.0	  32.75	  32.75
     26	    291	      2	  290.0	  32.75	  32.75
     26	    290	      2	  289.0	  32.75	  32.75
     26	    289	      2	  288.0	  32.75	  32.75
     26	    288	      2	  287.0	  32.75	  32.75
     26	    287	      2	  286.0	  32.75	  32.75
     26	    286	      2	  285.0	  32.75	  32.75
     26	    285	      2	  284.0	  32.75	  32.75
     26	    284	      2	  283.0	  32.75	  32.75
     26	    283	      2	  282.0	  32.75	  32.75
     26	    282	      2	  281.0	  32.75	  32.75
     26	    281	      2	  280.0	  32.75	  32.75
     26	    280	      2	  279.0	  32.75	  32.75
     27	    968	      2	  967.0	  18.68	  18.75
     27	    967	      2	  966.0	  18.81	  19.24
     27	    966	      2	  965.0	  19.07	  20.23
     27	    965	      2	  964.0	  19.46	  21.90
     27	    964	      2	  963.0	  19.97	  24.70
     27	    963	      2	  962.0	  20.57	  29.91
     27	    962	      2	  961.0	  21.25	  32.75
     27	    961	      2	  960.0	  21.96	  32.75
     27	    960	      2	  959.0	  22.67	  32.75
     27	    959	      2	  958.0	  23.30	  25.02
     28	    529	      2	  528.0	  18.86	  19.42
     28	    528	      2	  527.0	  19.16	  20.73
     28	    527	      2	  526.0	  19.60	  23.12
     28	    526	      2	  525.0	  20.16	  27.65
     28	    525	      2	  524.0	  20.83	  32.75
     28	    524	      2	  523.0	  21.55	  32.75
     28	    523	      2	  522.0	  22.27	  32.75
     28	    522	      2	  521.0	  22.92	  25.44
     29	    474	      2	  473.0	  19.57	  20.01
     29	    473	      2	  472.0	  19.83	  21.32
     29	    472	      2	  471.0	  20.24	  23.68
     29	    471	      2	  470.0	  20.78	  27.67
     29	    470	      2	  469.0	  21.41	  32.75
     29	    469	      2	  468.0	  22.09	  32.75
     29	    468	      2	  467.0	  22.78	  32.75
     29	    467	      2	  466.0	  23.47	  32.75
     29	    466	      2	  465.0	  24.14	  32.75
     29	    465	      2	  464.0	  24.79	  32.75
     29	    464	      2	  463.0	  25.42	  32.75
     29	    463	      2	  462.0	  26.04	  32.75
     29	    462	      2	  461.0	  26.65	  32.75
     29	    461	      2	  460.0	  27.24	  32.75
     29	    460	      2	  459.0	  27.82	  32.75
     29	    459	      2	  458.0	  28.39	  32.75
     29	    458	      2	  457.0	  28.94	  32.75
     29	    457	      2	  456.0	  29.49	  32.75
     29	    456	      2	  455.0	  30.03	  32.75
     29	    455	      2	  454.0	  30.56	  32.75
     29	    454	      2	  453.0	  31.08	  32.75
     29	    453	      2	  452.0	  31.59	  32.75
     29	    452	      2	  451.0	  32.09	  32.75
     29	    451	      2	  450.0	  32.59	  32.75
     29	    450	      2	  449.0	  32.75	  32.75
     29	    449	      2	  448.0	  32.75	  32.75
     29	    448	      2	  447.0	  32.75	  32.75
     29	    447	      2	  446.0	  32.75	  32.75
     29	    446	      2	  445.0	  32.75	  32.75
     29	    445	      2	  444.0	  32.75	  32.75
     29	    444	      2	  443.0	  32.75	  32.75
     29	    443	      2	  442.0	  32.75	  32.75
     29	    442	      2	  441.0	  32.75	  32.75
     29	    441	      2	  440.0	  32.75	  32.75
     29	    440	      2	  439.0	  32.75	  32.75
     29	    439	      2	  438.0	  32.75	  32.75
     29	    438	      2	  437.0	  32.75	  32.75
     29	    437	      2	  436.0	  32.75	  32.75
     29	    436	      2	  435.0	  32.75	  32.75
     29	    435	      2	  434.0	  32.75	  32.75
     29	    434	      2	  433.0	  32.75	  32.75
     29	    433	      2	  432.0	  32.75	  32.75
     29	    432	      2	  431.0	  32.75	  32.75
     29	    431	      2	  430.0	  32.75	  32.75
     29	    430	      2	  429.0	  32.75	  32.75
     29	    429	      2	  428.0	  32.75	  32.75
     29	    428	      2	  427.0	  32.75	  32.75
     29	    427	      2	  426.0	  32.75	  32.75
     29	    426	      2	  425.0	  32.75	  32.75
     29	    425	      2	  424.0	  32.75	  32.75
     29	    424	      2	  423.0	  32.75	  32.75
     29	    423	      2	  422.0	  32.75	  32.75
     29	    422	      2	  421.0	  32.75	  32.75
     29	    421	      2	  420.0	  32.75	  32.75
     29	    420	      2	  419.0	  32.75	  32.75
     29	    419	      2	  418.0	  32.75	  32.75
     29	    418	      2	  417.0	  32.75	  32.75
     29	    417	      2	  416.0	  32.75	  32.75
     29	    416	      2	  415.0	  32.75	  32.75
     29	    415	      2	  414.0	  32.75	  32.75
     29	    414	      2	  413.0	  32.75	  32.75
     29	    413	      2	  412.0	  32.75	  32.75
     29	    412	      2	  411.0	  32.75	  32.75
     29	    411	      2	  410.0	  32.75	  32.75
     29	    410	      2	  409.0	  32.75	  32.75
     29	    409	      2	  408.0	  32.75	  32.75
     29	    408	      2	  407.0	  32.75	  32.75
     29	    407	      2	  406.0	  32.75	  32.75
     29	    406	      2	  405.0	  32.75	  32.75
     29	    405	      2	  404.0	  32.75	  32.75
     30	    662	      2	  661.0	  19.88	  19.95
     30	    661	      2	  660.0	  20.00	  20.10
     30	    660	      2	  659.0	  20.14	  20.33
     30	    659	      2	  658.0	  20.31	  20.64
     30	    658	      2	  657.0	  20.53	  21.04
     30	    657	      2	  656.0	  20.78	  21.53
     30	    656	      2	  655.0	  21.07	  22.12
     30	    655	      2	  654.0	  21.41	  22.81
     30	    654	      2	  653.0	  21.77	  23.63
     30	    653	      2	  652.0	  22.17	  24.60
     30	    652	      2	  651.0	  22.60	  25.72
     30	    651	      2	  650.0	  23.06	  27.05
     30	    650	      2	  649.0	  23.54	  28.61
     30	    649	      2	  648.0	  24.04	  30.46
     30	    648	      2	  647.0	  24.57	  32.67
     30	    647	      2	  646.0	  25.11	  32.75
     30	    646	      2	  645.0	  25.66	  32.75
     30	    645	      2	  644.0	  26.22	  32.75
     30	    644	      2	  643.0	  26.78	  32.75
     30	    643	      2	  642.0	  27.35	  32.75
     30	    642	      2	  641.0	  27.91	  32.75
     30	    641	      2	  640.0	  28.47	  32.75
     30	    640	      2	  639.0	  29.03	  32.75
     30	    639	      2	  638.0	  29.57	  32.75
     30	    638	      2	  637.0	  30.11	  32.75
     30	    637	      2	  636.0	  30.64	  32.75
     30	    636	      2	  635.0	  31.15	  32.75
     30	    635	      2	  634.0	  31.66	  32.75
     30	    634	      2	  633.0	  32.17	  32.75
     30	    633	      2	  632.0	  32.66	  32.75
     30	    632	      2	  631.0	  32.75	  32.75
     30	    631	      2	  630.0	  32.75	  32.75
     30	    630	      2	  629.0	  32.75	  32.75
     30	    629	      2	  628.0	  32.75	  32.75
     30	    628	      2	  627.0	  32.75	  32.75
     30	    627	      2	  626.0	  32.75	  32.75
     30	    626	      2	  625.0	  32.75	  32.75
     30	    625	      2	  624.0	  32.75	  32.75
     30	    624	      2	  623.0	  32.75	  32.75
     30	    623	      2	  622.0	  32.75	  32.75
     30	    622	      2	  621.0	  32.75	  32.75
     30	    621	      2	  620.0	  32.75	  32.75
     30	    620	      2	  619.0	  32.75	  32.75
     30	    619	      2	  618.0	  32.75	  32.75
     30	    618	      2	  617.0	  32.75	  32.75
     30	    617	      2	  616.0	  32.75	  32.75
     30	    616	      2	  615.0	  32.75	  32.75
     31	    153	      2	  152.0	  22.14	  22.20
     31	    152	      2	  151.0	  22.25	  22.31
     31	    151	      2	  150.0	  22.35	  22.49
     31	    150	      2	  149.0	  22.49	  22.74
     31	    149	      2	  148.0	  22.66	  23.05
     31	    148	      2	  147.0	  22.86	  23.42
     31	    147	      2	  146.0	  23.10	  23.87
     31	    146	      2	  145.0	  23.36	  24.39
     31	    145	      2	  144.0	  23.65	  25.00
     31	    144	      2	  143.0	  23.97	  25.71
     31	    143	      2	  142.0	  24.31	  26.52
     31	    142	      2	  141.0	  24.68	  27.46
     31	    141	      2	  140.0	  25.08	  28.54
     31	    140	      2	  139.0	  25.49	  29.79
     31	    139	      2	  138.0	  25.93	  31.24
     31	    138	      2	  137.0	  26.39	  32.75
     31	    137	      2	  136.0	  26.86	  32.75
     31	    136	      2	  135.0	  27.35	  32.75
     31	    135	      2	  134.0	  27.85	  32.75
     31	    134	      2	  133.0	  28.36	  32.75
     31	    133	      2	  132.0	  28.88	  32.75
     31	    132	      2	  131.0	  29.40	  32.75
     31	    131	      2	  130.0	  29.93	  32.75
     31	    130	      2	  129.0	  30.45	  32.75
     31	    129	      2	  128.0	  30.97	  32.75
     31	    128	      2	  127.0	  31.48	  32.75
     31	    127	      2	  126.0	  31.99	  32.75
     31	    126	      2	  125.0	  32.48	  32.75
     31	    125	      2	  124.0	  32.75	  32.75
     31	    124	      2	  123.0	  32.75	  32.75
     31	    123	      2	  122.0	  32.75	  32.75
     31	    122	      2	  121.0	  32.75	  32.75
     31	    121	      2	  120.0	  32.75	  32.75
     31	    120	      2	  119.0	  32.75	  32.75
     31	    119	      2	  118.0	  32.75	  32.75
     31	    118	      2	  117.0	  32.75	  32.75
     31	    117	      2	  116.0	  32.75	  32.75
     31	    116	      2	  115.0	  32.75	  32.75
     32	    606	      2	  605.0	  24.44	  24.56
     32	    605	      2	  604.0	  24.57	  24.92
     32	    604	      2	  603.0	  24.74	  25.53
     32	    603	      2	  602.0	  24.99	  26.43
     32	    602	      2	  601.0	  25.29	  27.70
     32	    601	      2	  600.0	  25.66	  29.46
     32	    600	      2	  599.0	  26.07	  31.94
     32	    599	      2	  598.0	  26.54	  32.75
     32	    598	      2	  597.0	  27.05	  32.75
     32	    597	      2	  596.0	  27.59	  32.75
     32	    596	      2	  595.0	  28.14	  32.75
     32	    595	      2	  594.0	  28.70	  32.75
     32	    594	      2	  593.0	  29.25	  32.75
     32	    593	      2	  592.0	  29.75	  32.75
     32	    592	      2	  591.0	  30.16	  31.09
     33	    214	      2	  213.0	  24.96	  26.41
     34	    276	      2	  275.0	  27.73	  28.36
     34	    275	      2	  274.0	  27.93	  30.15
     34	    274	      2	  273.0	  28.25	  32.75
     34	    273	      2	  272.0	  28.66	  32.75
     34	    272	      2	  271.0	  29.15	  32.75
     34	    271	      2	  270.0	  29.69	  32.75
     34	    270	      2	  269.0	  30.21	  32.75
     34	    269	      2	  268.0	  30.67	  31.52
________________________________________________
Velocity profile calculated successfully.
Solver time is: 0.532646 [s]
Post-processing initialised.
Correct solution selected from modes.
Laptime calculated.
Forces calculated.
Yaw motion calculated.
Steering angles calculated.
Vehicle slip angles calculated.
Engine metrics calculated.
KPIs calculated.
Post-processing finished.
Simulation results saved.
Simulation completed.
Laptime   :  60.933 [s]
Sector   1:  60.897 [s]
Plots created and saved.
Export initialised.
Exported .csv file successfully.
Elapsed time is: 6.955524 [s]
