_______                    _____________________ 
__  __ \______________________  /___    |__  __ \
_  / / /__  __ \  _ \_  __ \_  / __  /| |_  /_/ /
/ /_/ /__  /_/ /  __/  / / /  /___  ___ |  ____/ 
\____/ _  .___/\___//_/ /_//_____/_/  |_/_/      
       /_/                                       
=================================================
Vehicle: FEB_1525_wheelbase
Track:   FEB Endurance
Date:    23/07/2023
Time:    18:53:10
=================================================
Simulation started.
Maximum speed calculated at all points.
Found all apexes on track.
Starting acceleration and deceleration.
Running: [||||||||||||||||||||||||||||||] 100 [%]
________________________________________________
|_Apex__|_Point_|_Mode__|___x___|___v___|_vmax_|
      1	    948	      1	  947.0	  11.25	  11.32
      1	    949	      1	  948.0	  11.34	  11.48
      1	    950	      1	  949.0	  11.46	  11.74
      1	    951	      1	  950.0	  11.64	  12.09
      1	    952	      1	  951.0	  11.85	  12.56
      1	    953	      1	  952.0	  12.11	  13.16
      1	    954	      1	  953.0	  12.41	  13.93
      1	    955	      1	  954.0	  12.74	  14.94
      1	    956	      1	  955.0	  13.11	  16.26
      1	    957	      1	  956.0	  13.50	  18.08
      1	    958	      1	  957.0	  13.92	  20.72
      1	    959	      1	  958.0	  14.35	  24.96
      1	    960	      1	  959.0	  14.80	  32.75
      1	    961	      1	  960.0	  15.24	  32.75
      1	    962	      1	  961.0	  15.68	  32.75
      1	    963	      1	  962.0	  16.11	  29.81
      1	    964	      1	  963.0	  16.51	  24.64
      1	    965	      1	  964.0	  16.87	  21.86
      1	    966	      1	  965.0	  17.19	  20.20
      1	    967	      1	  966.0	  17.45	  19.21
      1	    968	      1	  967.0	  17.67	  18.72
      1	    969	      1	  968.0	  17.83	  18.65
      1	    970	      1	  969.0	  17.97	  18.85
      1	    971	      1	  970.0	  18.12	  19.28
      1	    972	      1	  971.0	  18.28	  19.94
      1	    973	      1	  972.0	  18.47	  20.87
      1	    974	      1	  973.0	  18.69	  22.12
      1	    975	      1	  974.0	  18.94	  23.75
      1	    976	      1	  975.0	  19.21	  25.91
      1	    977	      1	  976.0	  19.49	  28.78
      1	    978	      1	  977.0	  19.79	  32.71
      1	    979	      1	  978.0	  20.10	  32.75
      1	    980	      1	  979.0	  20.42	  32.75
      1	    981	      1	  980.0	  20.73	  32.75
      1	    982	      1	  981.0	  21.04	  32.75
      1	    983	      1	  982.0	  21.35	  32.75
      1	    984	      1	  983.0	  21.65	  32.75
      1	    985	      1	  984.0	  21.95	  32.75
      1	    986	      1	  985.0	  22.25	  32.75
      1	    987	      1	  986.0	  22.54	  32.75
      1	    988	      1	  987.0	  22.82	  32.75
      1	    989	      1	  988.0	  23.10	  32.75
      1	    990	      1	  989.0	  23.38	  32.75
      1	    991	      1	  990.0	  23.65	  32.75
      1	    992	      1	  991.0	  23.92	  32.75
      1	    993	      1	  992.0	  24.18	  32.75
      1	    994	      1	  993.0	  24.44	  32.75
      1	    995	      1	  994.0	  24.70	  32.75
      1	    996	      1	  995.0	  24.95	  32.75
      1	    997	      1	  996.0	  25.19	  32.75
      1	    998	      1	  997.0	  25.43	  32.75
      1	    999	      1	  998.0	  25.66	  32.75
      1	   1000	      1	  999.0	  25.89	  32.75
      1	   1001	      1	 1000.0	  26.11	  32.75
      1	   1002	      1	 1001.0	  26.33	  32.75
      1	   1003	      1	 1002.0	  26.54	  32.75
      1	   1004	      1	 1003.0	  26.75	  32.75
      1	   1005	      1	 1004.0	  26.96	  32.75
      1	   1006	      1	 1005.0	  27.16	  32.75
      1	   1007	      1	 1006.0	  27.36	  32.75
      1	   1008	      1	 1007.0	  27.56	  32.75
      1	   1009	      1	 1008.0	  27.73	  31.25
      1	   1010	      1	 1009.0	  27.86	  28.43
      2	    397	      1	  396.0	  11.40	  11.43
      2	    398	      1	  397.0	  11.45	  11.74
      2	    399	      1	  398.0	  11.63	  12.32
      2	    400	      1	  399.0	  11.89	  13.24
      2	    401	      1	  400.0	  12.23	  14.61
      2	    402	      1	  401.0	  12.63	  16.63
      2	    403	      1	  402.0	  13.07	  19.74
      2	    404	      1	  403.0	  13.53	  24.91
      2	    405	      1	  404.0	  14.01	  32.75
      2	    406	      1	  405.0	  14.49	  32.75
      2	    407	      1	  406.0	  14.96	  32.75
      2	    408	      1	  407.0	  15.41	  32.75
      2	    409	      1	  408.0	  15.84	  32.75
      2	    410	      1	  409.0	  16.27	  32.75
      2	    411	      1	  410.0	  16.68	  32.75
      2	    412	      1	  411.0	  17.08	  32.75
      2	    413	      1	  412.0	  17.47	  32.75
      2	    414	      1	  413.0	  17.85	  32.75
      2	    415	      1	  414.0	  18.22	  32.75
      2	    416	      1	  415.0	  18.59	  32.75
      2	    417	      1	  416.0	  18.94	  32.75
      2	    418	      1	  417.0	  19.29	  32.75
      2	    419	      1	  418.0	  19.63	  32.75
      2	    420	      1	  419.0	  19.97	  32.75
      2	    421	      1	  420.0	  20.30	  32.75
      2	    422	      1	  421.0	  20.62	  32.75
      2	    423	      1	  422.0	  20.93	  32.75
      2	    424	      1	  423.0	  21.24	  32.75
      2	    425	      1	  424.0	  21.55	  32.75
      2	    426	      1	  425.0	  21.85	  32.75
      2	    427	      1	  426.0	  22.14	  32.75
      2	    428	      1	  427.0	  22.44	  32.75
      2	    429	      1	  428.0	  22.72	  32.75
      2	    430	      1	  429.0	  23.00	  32.75
      2	    431	      1	  430.0	  23.28	  32.75
      2	    432	      1	  431.0	  23.55	  32.75
      2	    433	      1	  432.0	  23.82	  32.75
      2	    434	      1	  433.0	  24.09	  32.75
      2	    435	      1	  434.0	  24.35	  32.75
      2	    436	      1	  435.0	  24.61	  32.75
      2	    437	      1	  436.0	  24.86	  32.75
      2	    438	      1	  437.0	  25.10	  32.75
      2	    439	      1	  438.0	  25.34	  32.75
      2	    440	      1	  439.0	  25.58	  32.75
      2	    441	      1	  440.0	  25.81	  32.75
      2	    442	      1	  441.0	  26.03	  32.75
      2	    443	      1	  442.0	  26.25	  32.75
      2	    444	      1	  443.0	  26.47	  32.75
      2	    445	      1	  444.0	  26.68	  32.75
      2	    446	      1	  445.0	  26.89	  32.75
      2	    447	      1	  446.0	  27.09	  32.75
      2	    448	      1	  447.0	  27.29	  32.75
      2	    449	      1	  448.0	  27.49	  32.75
      2	    450	      1	  449.0	  27.68	  32.75
      2	    451	      1	  450.0	  27.87	  32.75
      2	    452	      1	  451.0	  28.06	  32.75
      2	    453	      1	  452.0	  28.24	  32.75
      2	    454	      1	  453.0	  28.43	  32.75
      2	    455	      1	  454.0	  28.60	  32.75
      2	    456	      1	  455.0	  28.78	  32.75
      2	    457	      1	  456.0	  28.95	  32.75
      2	    458	      1	  457.0	  29.13	  32.75
      2	    459	      1	  458.0	  29.29	  32.75
      2	    460	      1	  459.0	  29.46	  32.75
      2	    461	      1	  460.0	  29.62	  32.75
      2	    462	      1	  461.0	  29.79	  32.75
      2	    463	      1	  462.0	  29.95	  32.75
      2	    464	      1	  463.0	  30.10	  32.75
      2	    465	      1	  464.0	  30.26	  32.75
      2	    466	      1	  465.0	  30.41	  32.75
      2	    467	      1	  466.0	  30.57	  32.75
      2	    468	      1	  467.0	  30.71	  32.75
      2	    469	      1	  468.0	  30.86	  32.75
      2	    470	      1	  469.0	  31.01	  32.75
      3	    850	      1	  849.0	  11.72	  11.95
      3	    851	      1	  850.0	  11.87	  12.57
      3	    852	      1	  851.0	  12.13	  13.64
      3	    853	      1	  852.0	  12.47	  15.33
      3	    854	      1	  853.0	  12.88	  18.02
      3	    855	      1	  854.0	  13.33	  22.57
      3	    856	      1	  855.0	  13.81	  31.37
      3	    857	      1	  856.0	  14.29	  32.75
      3	    858	      1	  857.0	  14.76	  32.75
      3	    859	      1	  858.0	  15.22	  32.75
      3	    860	      1	  859.0	  15.66	  32.75
      3	    861	      1	  860.0	  16.09	  32.75
      3	    862	      1	  861.0	  16.51	  32.75
      3	    863	      1	  862.0	  16.91	  32.75
      3	    864	      1	  863.0	  17.31	  32.75
      3	    865	      1	  864.0	  17.69	  32.75
      3	    866	      1	  865.0	  18.07	  32.75
      3	    867	      1	  866.0	  18.44	  32.75
      3	    868	      1	  867.0	  18.80	  32.75
      3	    869	      1	  868.0	  19.15	  32.75
      3	    870	      1	  869.0	  19.49	  32.75
      3	    871	      1	  870.0	  19.83	  32.75
      3	    872	      1	  871.0	  20.16	  32.75
      3	    873	      1	  872.0	  20.48	  32.75
      3	    874	      1	  873.0	  20.80	  32.75
      3	    875	      1	  874.0	  21.11	  32.75
      3	    876	      1	  875.0	  21.42	  32.75
      3	    877	      1	  876.0	  21.72	  32.75
      3	    878	      1	  877.0	  22.02	  32.75
      3	    879	      1	  878.0	  22.31	  32.75
      3	    880	      1	  879.0	  22.60	  32.75
      3	    881	      1	  880.0	  22.89	  32.75
      3	    882	      1	  881.0	  23.17	  32.75
      3	    883	      1	  882.0	  23.44	  32.75
      3	    884	      1	  883.0	  23.71	  32.75
      3	    885	      1	  884.0	  23.98	  32.75
      3	    886	      1	  885.0	  24.24	  32.75
      3	    887	      1	  886.0	  24.50	  32.75
      3	    888	      1	  887.0	  24.75	  32.75
      3	    889	      1	  888.0	  25.00	  32.75
      3	    890	      1	  889.0	  25.24	  32.75
      3	    891	      1	  890.0	  25.48	  32.75
      3	    892	      1	  891.0	  25.71	  32.75
      3	    893	      1	  892.0	  25.94	  32.75
      3	    894	      1	  893.0	  26.16	  32.75
      3	    895	      1	  894.0	  26.38	  32.75
      3	    896	      1	  895.0	  26.59	  32.75
      3	    897	      1	  896.0	  26.80	  32.75
      3	    898	      1	  897.0	  27.01	  32.75
      3	    899	      1	  898.0	  27.21	  32.75
      3	    900	      1	  899.0	  27.41	  32.75
      3	    901	      1	  900.0	  27.60	  32.75
      3	    902	      1	  901.0	  27.79	  32.75
      3	    903	      1	  902.0	  27.98	  32.75
      3	    904	      1	  903.0	  28.17	  32.75
      3	    905	      1	  904.0	  28.35	  32.75
      3	    906	      1	  905.0	  28.53	  32.75
      3	    907	      1	  906.0	  28.71	  32.75
      3	    908	      1	  907.0	  28.88	  32.75
      3	    909	      1	  908.0	  29.05	  32.75
      3	    910	      1	  909.0	  29.22	  32.75
      3	    911	      1	  910.0	  29.39	  32.75
      3	    912	      1	  911.0	  29.56	  32.75
      3	    913	      1	  912.0	  29.72	  32.75
      3	    914	      1	  913.0	  29.88	  32.75
      3	    915	      1	  914.0	  30.04	  32.75
      3	    916	      1	  915.0	  30.19	  32.75
      3	    917	      1	  916.0	  30.35	  32.75
      3	    918	      1	  917.0	  30.50	  32.75
      3	    919	      1	  918.0	  30.65	  32.75
      3	    920	      1	  919.0	  30.80	  32.75
      3	    921	      1	  920.0	  30.95	  32.75
      3	    922	      1	  921.0	  31.09	  32.75
      3	    923	      1	  922.0	  31.24	  32.75
      4	   1109	      1	 1108.0	  12.31	  12.38
      4	   1110	      1	 1109.0	  12.38	  12.72
      4	   1111	      1	 1110.0	  12.55	  13.35
      4	   1112	      1	 1111.0	  12.80	  14.35
      4	   1113	      1	 1112.0	  13.12	  15.93
      4	   1114	      1	 1113.0	  13.50	  18.55
      4	   1115	      1	 1114.0	  13.93	  23.63
      4	   1116	      1	 1115.0	  14.38	  32.75
      4	   1117	      1	 1116.0	  14.85	  32.75
      4	   1118	      1	 1117.0	  15.30	  23.42
      4	   1119	      1	 1118.0	  15.70	  18.49
      4	   1120	      1	 1119.0	  15.94	  15.94
      5	     75	      1	   74.0	  12.43	  12.61
      5	     76	      1	   75.0	  12.55	  13.35
      5	     77	      1	   76.0	  12.80	  14.82
      5	     78	      1	   77.0	  13.15	  17.58
      5	     79	      1	   78.0	  13.58	  23.79
      5	     80	      1	   79.0	  14.05	  32.75
      5	     81	      1	   80.0	  14.53	  27.67
      5	     82	      1	   81.0	  14.98	  19.70
      5	     83	      1	   82.0	  15.35	  16.76
      5	     84	      1	   83.0	  15.52	  15.52
      6	   1126	      1	 1125.0	  12.48	  12.50
      6	   1127	      1	 1126.0	  12.52	  12.54
      6	   1128	      1	 1127.0	  12.55	  12.59
      6	   1129	      1	 1128.0	  12.60	  12.66
      6	   1130	      1	 1129.0	  12.67	  12.75
      6	   1131	      1	 1130.0	  12.75	  12.86
      6	   1132	      1	 1131.0	  12.84	  12.99
      6	   1133	      1	 1132.0	  12.94	  13.13
      6	   1134	      1	 1133.0	  13.06	  13.29
      6	   1135	      1	 1134.0	  13.19	  13.47
      6	   1136	      1	 1135.0	  13.33	  13.67
      6	   1137	      1	 1136.0	  13.48	  13.89
      6	   1138	      1	 1137.0	  13.64	  14.13
      6	   1139	      1	 1138.0	  13.82	  14.40
      6	   1140	      1	 1139.0	  14.00	  14.69
      6	   1141	      1	 1140.0	  14.20	  15.00
      6	   1142	      1	 1141.0	  14.41	  15.34
      6	   1143	      1	 1142.0	  14.62	  15.71
      6	   1144	      1	 1143.0	  14.85	  16.11
      6	   1145	      1	 1144.0	  15.09	  16.55
      6	   1146	      1	 1145.0	  15.33	  17.02
      6	   1147	      1	 1146.0	  15.58	  17.66
      6	   1148	      1	 1147.0	  15.85	  18.61
      6	   1149	      1	 1148.0	  16.14	  19.92
      6	   1150	      1	 1149.0	  16.45	  21.71
      6	   1151	      1	 1150.0	  16.79	  24.18
      6	   1152	      1	 1151.0	  17.14	  27.66
      6	   1153	      1	 1152.0	  17.50	  32.75
      6	   1154	      1	 1153.0	  17.86	  32.75
      6	   1155	      1	 1154.0	  18.23	  32.75
      6	   1156	      1	 1155.0	  18.59	  32.75
      6	   1157	      1	 1156.0	  18.94	  32.75
      6	   1158	      1	 1157.0	  19.29	  32.75
      6	   1159	      1	 1158.0	  19.63	  32.75
      6	   1160	      1	 1159.0	  19.97	  32.75
      6	   1161	      1	 1160.0	  20.30	  32.75
      6	   1162	      1	 1161.0	  20.62	  32.75
      6	   1163	      1	 1162.0	  20.93	  32.75
      6	   1164	      1	 1163.0	  21.24	  32.75
      6	   1165	      1	 1164.0	  21.55	  32.75
      6	   1166	      1	 1165.0	  21.85	  32.75
      6	   1167	      1	 1166.0	  22.15	  32.75
      6	   1168	      1	 1167.0	  22.44	  32.75
      6	   1169	      1	 1168.0	  22.72	  32.75
      6	   1170	      1	 1169.0	  23.00	  32.75
      6	   1171	      1	 1169.8	  23.28	  32.75
      6	      1	      1	    0.0	  23.50	  32.75
      6	      2	      1	    1.0	  23.74	  32.75
      6	      3	      1	    2.0	  24.01	  32.75
      6	      4	      1	    3.0	  24.27	  32.75
      6	      5	      1	    4.0	  24.53	  32.75
      6	      6	      1	    5.0	  24.79	  32.75
      6	      7	      1	    6.0	  25.03	  32.75
      6	      8	      1	    7.0	  25.27	  32.75
      6	      9	      1	    8.0	  25.51	  32.75
      6	     10	      1	    9.0	  25.74	  32.75
      6	     11	      1	   10.0	  25.96	  32.75
      6	     12	      1	   11.0	  26.19	  32.75
      6	     13	      1	   12.0	  26.40	  32.75
      6	     14	      1	   13.0	  26.62	  32.75
      6	     15	      1	   14.0	  26.82	  32.75
      6	     16	      1	   15.0	  27.03	  32.75
      6	     17	      1	   16.0	  27.23	  32.75
      6	     18	      1	   17.0	  27.43	  32.75
      6	     19	      1	   18.0	  27.62	  32.75
      6	     20	      1	   19.0	  27.82	  32.75
      6	     21	      1	   20.0	  28.00	  32.75
      6	     22	      1	   21.0	  28.19	  32.75
      6	     23	      1	   22.0	  28.37	  32.75
      6	     24	      1	   23.0	  28.55	  32.75
      6	     25	      1	   24.0	  28.73	  32.75
      6	     26	      1	   25.0	  28.90	  32.75
      6	     27	      1	   26.0	  29.07	  32.75
      6	     28	      1	   27.0	  29.24	  32.75
      6	     29	      1	   28.0	  29.41	  32.75
      6	     30	      1	   29.0	  29.58	  32.75
      6	     31	      1	   30.0	  29.74	  32.75
      6	     32	      1	   31.0	  29.90	  32.75
      6	     33	      1	   32.0	  30.06	  32.75
      6	     34	      1	   33.0	  30.21	  32.75
      6	     35	      1	   34.0	  30.37	  32.75
      6	     36	      1	   35.0	  30.52	  32.75
      6	     37	      1	   36.0	  30.67	  32.75
      6	     38	      1	   37.0	  30.82	  32.75
      6	     39	      1	   38.0	  30.97	  32.75
      6	     40	      1	   39.0	  31.11	  32.75
      6	     41	      1	   40.0	  31.25	  32.75
      6	     42	      1	   41.0	  31.40	  32.75
      6	     43	      1	   42.0	  31.54	  32.75
      7	    762	      1	  761.0	  12.48	  12.52
      7	    763	      1	  762.0	  12.53	  12.59
      7	    764	      1	  763.0	  12.59	  12.69
      7	    765	      1	  764.0	  12.68	  12.82
      7	    766	      1	  765.0	  12.79	  12.99
      7	    767	      1	  766.0	  12.91	  13.20
      7	    768	      1	  767.0	  13.06	  13.43
      7	    769	      1	  768.0	  13.22	  13.71
      7	    770	      1	  769.0	  13.40	  14.02
      7	    771	      1	  770.0	  13.60	  14.36
      7	    772	      1	  771.0	  13.82	  14.75
      7	    773	      1	  772.0	  14.05	  15.19
      7	    774	      1	  773.0	  14.30	  15.67
      7	    775	      1	  774.0	  14.56	  16.19
      7	    776	      1	  775.0	  14.83	  16.77
      7	    777	      1	  776.0	  15.11	  17.40
      7	    778	      1	  777.0	  15.40	  18.07
      7	    779	      1	  778.0	  15.70	  18.79
      7	    780	      1	  779.0	  16.00	  19.55
      7	    781	      1	  780.0	  16.31	  20.32
      7	    782	      1	  781.0	  16.62	  21.11
      7	    783	      1	  782.0	  16.94	  21.99
      7	    784	      1	  783.0	  17.26	  23.06
      7	    785	      1	  784.0	  17.58	  24.35
      7	    786	      1	  785.0	  17.90	  25.93
      7	    787	      1	  786.0	  18.23	  27.85
      7	    788	      1	  787.0	  18.56	  30.23
      7	    789	      1	  788.0	  18.89	  32.75
      7	    790	      1	  789.0	  19.22	  32.75
      7	    791	      1	  790.0	  19.55	  32.75
      7	    792	      1	  791.0	  19.88	  32.75
      7	    793	      1	  792.0	  20.20	  32.75
      7	    794	      1	  793.0	  20.53	  32.75
      7	    795	      1	  794.0	  20.84	  32.75
      7	    796	      1	  795.0	  21.16	  32.75
      7	    797	      1	  796.0	  21.46	  32.75
      7	    798	      1	  797.0	  21.76	  32.75
      7	    799	      1	  798.0	  22.06	  32.75
      7	    800	      1	  799.0	  22.35	  32.75
      7	    801	      1	  800.0	  22.64	  32.75
      7	    802	      1	  801.0	  22.92	  32.75
      7	    803	      1	  802.0	  23.20	  32.75
      7	    804	      1	  803.0	  23.48	  32.75
      7	    805	      1	  804.0	  23.75	  32.75
      7	    806	      1	  805.0	  24.01	  32.75
      7	    807	      1	  806.0	  24.28	  32.75
      7	    808	      1	  807.0	  24.54	  32.75
      7	    809	      1	  808.0	  24.79	  32.75
      7	    810	      1	  809.0	  25.03	  32.75
      7	    811	      1	  810.0	  25.27	  32.75
      7	    812	      1	  811.0	  25.51	  32.75
      7	    813	      1	  812.0	  25.74	  32.75
      7	    814	      1	  813.0	  25.97	  32.75
      7	    815	      1	  814.0	  26.19	  32.75
      7	    816	      1	  815.0	  26.40	  32.75
      7	    817	      1	  816.0	  26.62	  32.75
      7	    818	      1	  817.0	  26.83	  32.75
      7	    819	      1	  818.0	  27.03	  32.75
      7	    820	      1	  819.0	  27.23	  32.75
      7	    821	      1	  820.0	  27.43	  32.75
      7	    822	      1	  821.0	  27.63	  32.75
      7	    823	      1	  822.0	  27.82	  32.75
      7	    824	      1	  823.0	  28.01	  32.75
      7	    825	      1	  824.0	  28.19	  32.75
      7	    826	      1	  825.0	  28.37	  32.75
      7	    827	      1	  826.0	  28.55	  32.75
      7	    828	      1	  827.0	  28.73	  32.75
      7	    829	      1	  828.0	  28.90	  32.75
      8	   1089	      1	 1088.0	  13.03	  13.37
      8	   1090	      1	 1089.0	  13.19	  14.29
      8	   1091	      1	 1090.0	  13.45	  15.93
      8	   1092	      1	 1091.0	  13.81	  18.69
      8	   1093	      1	 1092.0	  14.22	  23.58
      8	   1094	      1	 1093.0	  14.66	  32.75
      8	   1095	      1	 1094.0	  15.11	  32.75
      8	   1096	      1	 1095.0	  15.56	  32.75
      8	   1097	      1	 1096.0	  15.99	  32.75
      8	   1098	      1	 1097.0	  16.41	  32.75
      8	   1099	      1	 1098.0	  16.82	  32.75
      8	   1100	      1	 1099.0	  17.22	  32.75
      8	   1101	      1	 1100.0	  17.60	  32.75
      8	   1102	      1	 1101.0	  17.98	  32.75
      8	   1103	      1	 1102.0	  18.35	  32.75
      8	   1104	      1	 1103.0	  18.70	  23.27
      9	     64	      1	   63.0	  13.89	  14.16
      9	     65	      1	   64.0	  14.01	  15.22
      9	     66	      1	   65.0	  14.27	  17.52
      9	     67	      1	   66.0	  14.62	  22.77
      9	     68	      1	   67.0	  15.04	  32.75
      9	     69	      1	   68.0	  15.49	  28.23
      9	     70	      1	   69.0	  15.90	  18.95
      9	     71	      1	   70.0	  15.47	  15.47
     10	    505	      1	  504.0	  13.93	  13.97
     10	    506	      1	  505.0	  13.97	  14.51
     10	    507	      1	  506.0	  14.15	  15.67
     10	    508	      1	  507.0	  14.42	  17.76
     10	    509	      1	  508.0	  14.77	  21.74
     10	    510	      1	  509.0	  15.18	  32.04
     10	    511	      1	  510.0	  15.61	  32.75
     10	    512	      1	  511.0	  16.04	  26.49
     10	    513	      1	  512.0	  16.43	  20.31
     10	    514	      1	  513.0	  16.74	  17.56
     11	    492	      1	  491.0	  14.59	  14.88
     11	    493	      1	  492.0	  14.71	  15.68
     11	    494	      1	  493.0	  14.92	  17.16
     11	    495	      1	  494.0	  15.22	  19.79
     11	    496	      1	  495.0	  15.57	  25.11
     11	    497	      1	  496.0	  15.97	  32.75
     11	    498	      1	  497.0	  16.39	  32.75
     11	    499	      1	  498.0	  16.79	  24.16
     11	    500	      1	  499.0	  17.14	  19.20
     11	    501	      1	  500.0	  16.65	  16.65
     12	    575	      1	  574.0	  14.70	  14.76
     12	    576	      1	  575.0	  14.75	  14.86
     12	    577	      1	  576.0	  14.82	  15.01
     12	    578	      1	  577.0	  14.91	  15.21
     12	    579	      1	  578.0	  15.03	  15.47
     12	    580	      1	  579.0	  15.17	  15.78
     12	    581	      1	  580.0	  15.33	  16.16
     12	    582	      1	  581.0	  15.52	  16.60
     12	    583	      1	  582.0	  15.72	  17.13
     12	    584	      1	  583.0	  15.95	  17.74
     12	    585	      1	  584.0	  16.19	  18.47
     12	    586	      1	  585.0	  16.46	  19.33
     12	    587	      1	  586.0	  16.73	  20.36
     12	    588	      1	  587.0	  17.03	  21.61
     12	    589	      1	  588.0	  17.33	  23.14
     12	    590	      1	  589.0	  17.65	  25.06
     12	    591	      1	  590.0	  17.98	  27.57
     12	    592	      1	  591.0	  18.31	  30.98
     12	    593	      1	  592.0	  18.65	  32.75
     12	    594	      1	  593.0	  19.00	  32.75
     12	    595	      1	  594.0	  19.34	  32.75
     12	    596	      1	  595.0	  19.68	  32.75
     12	    597	      1	  596.0	  20.01	  32.75
     12	    598	      1	  597.0	  20.34	  32.75
     12	    599	      1	  598.0	  20.65	  32.75
     12	    600	      1	  599.0	  20.95	  31.81
     12	    601	      1	  600.0	  21.23	  29.37
     12	    602	      1	  601.0	  21.49	  27.62
     12	    603	      1	  602.0	  21.73	  26.36
     12	    604	      1	  603.0	  21.94	  25.47
     12	    605	      1	  604.0	  22.13	  24.86
     12	    606	      1	  605.0	  22.31	  24.51
     12	    607	      1	  606.0	  22.46	  24.39
     12	    608	      1	  607.0	  22.61	  24.50
     12	    609	      1	  608.0	  22.75	  24.82
     12	    610	      1	  609.0	  22.89	  25.35
     12	    611	      1	  610.0	  23.05	  26.10
     12	    612	      1	  611.0	  23.22	  27.08
     12	    613	      1	  612.0	  23.40	  28.34
     12	    614	      1	  613.0	  23.60	  29.92
     12	    615	      1	  614.0	  23.81	  31.90
     12	    616	      1	  615.0	  24.03	  32.75
     12	    617	      1	  616.0	  24.26	  32.75
     12	    618	      1	  617.0	  24.49	  32.75
     12	    619	      1	  618.0	  24.74	  32.75
     12	    620	      1	  619.0	  24.98	  32.75
     12	    621	      1	  620.0	  25.22	  32.75
     12	    622	      1	  621.0	  25.46	  32.75
     12	    623	      1	  622.0	  25.69	  32.75
     12	    624	      1	  623.0	  25.92	  32.75
     12	    625	      1	  624.0	  26.14	  32.75
     12	    626	      1	  625.0	  26.36	  32.75
     12	    627	      1	  626.0	  26.57	  32.75
     12	    628	      1	  627.0	  26.78	  32.75
     12	    629	      1	  628.0	  26.99	  32.75
     12	    630	      1	  629.0	  27.19	  32.75
     12	    631	      1	  630.0	  27.39	  32.75
     12	    632	      1	  631.0	  27.58	  32.75
     12	    633	      1	  632.0	  27.78	  32.75
     12	    634	      1	  633.0	  27.97	  32.75
     12	    635	      1	  634.0	  28.15	  32.75
     12	    636	      1	  635.0	  28.33	  32.75
     12	    637	      1	  636.0	  28.51	  32.75
     12	    638	      1	  637.0	  28.69	  32.75
     12	    639	      1	  638.0	  28.87	  32.75
     12	    640	      1	  639.0	  29.04	  32.75
     12	    641	      1	  640.0	  29.21	  32.75
     12	    642	      1	  641.0	  29.38	  32.75
     12	    643	      1	  642.0	  29.54	  32.75
     12	    644	      1	  643.0	  29.71	  32.75
     12	    645	      1	  644.0	  29.87	  32.75
     12	    646	      1	  645.0	  30.03	  32.75
     12	    647	      1	  646.0	  30.18	  32.75
     12	    648	      1	  647.0	  30.31	  32.53
     12	    649	      1	  648.0	  30.35	  30.35
     13	    543	      1	  542.0	  15.31	  15.65
     13	    544	      1	  543.0	  15.43	  18.55
     13	    545	      1	  544.0	  15.74	  27.02
     13	    546	      1	  545.0	  16.14	  32.75
     13	    547	      1	  546.0	  16.56	  32.75
     13	    548	      1	  547.0	  16.96	  32.75
     13	    549	      1	  548.0	  17.36	  32.75
     13	    550	      1	  549.0	  17.74	  32.75
     13	    551	      1	  550.0	  18.12	  32.75
     13	    552	      1	  551.0	  18.48	  32.75
     13	    553	      1	  552.0	  18.84	  32.75
     13	    554	      1	  553.0	  19.19	  32.75
     13	    555	      1	  554.0	  19.53	  32.75
     13	    556	      1	  555.0	  19.87	  32.75
     13	    557	      1	  556.0	  20.20	  32.75
     13	    558	      1	  557.0	  20.52	  32.75
     13	    559	      1	  558.0	  20.84	  32.75
     13	    560	      1	  559.0	  21.15	  32.75
     13	    561	      1	  560.0	  21.46	  32.75
     13	    562	      1	  561.0	  21.75	  32.51
     13	    563	      1	  562.0	  22.01	  27.60
     13	    564	      1	  563.0	  22.24	  24.15
     14	     86	      1	   85.0	  15.35	  15.88
     14	     87	      1	   86.0	  15.50	  17.14
     14	     88	      1	   87.0	  15.74	  19.46
     14	     89	      1	   88.0	  16.07	  24.03
     14	     90	      1	   89.0	  16.44	  32.75
     14	     91	      1	   90.0	  16.84	  32.75
     14	     92	      1	   91.0	  17.23	  27.68
     14	     93	      1	   92.0	  17.59	  21.69
     14	     94	      1	   93.0	  17.87	  19.02
     14	     95	      1	   94.0	  17.82	  17.82
     15	    369	      1	  368.0	  15.66	  15.69
     15	    370	      1	  369.0	  15.69	  15.91
     15	    371	      1	  370.0	  15.78	  16.33
     15	    372	      1	  371.0	  15.92	  16.95
     15	    373	      1	  372.0	  16.12	  17.80
     15	    374	      1	  373.0	  16.35	  18.94
     15	    375	      1	  374.0	  16.62	  20.45
     15	    376	      1	  375.0	  16.92	  22.44
     15	    377	      1	  376.0	  17.25	  25.14
     15	    378	      1	  377.0	  17.59	  28.89
     15	    379	      1	  378.0	  17.94	  32.75
     15	    380	      1	  379.0	  18.30	  32.75
     15	    381	      1	  380.0	  18.66	  32.75
     15	    382	      1	  381.0	  19.01	  32.75
     15	    383	      1	  382.0	  19.35	  32.75
     15	    384	      1	  383.0	  19.69	  32.75
     15	    385	      1	  384.0	  20.03	  32.75
     15	    386	      1	  385.0	  20.35	  32.75
     15	    387	      1	  386.0	  20.68	  32.75
     15	    388	      1	  387.0	  20.99	  32.13
     15	    389	      1	  388.0	  21.27	  23.63
     16	    517	      1	  516.0	  15.71	  15.84
     16	    518	      1	  517.0	  15.78	  16.35
     16	    519	      1	  518.0	  15.93	  17.29
     16	    520	      1	  519.0	  16.14	  18.80
     16	    521	      1	  520.0	  16.42	  21.21
     16	    522	      1	  521.0	  16.75	  25.38
     16	    523	      1	  522.0	  17.11	  32.75
     16	    524	      1	  523.0	  17.49	  32.75
     16	    525	      1	  524.0	  17.87	  32.75
     16	    526	      1	  525.0	  18.23	  27.58
     16	    527	      1	  526.0	  18.56	  23.08
     16	    528	      1	  527.0	  18.83	  20.69
     16	    529	      1	  528.0	  19.02	  19.39
     16	    530	      1	  529.0	  18.83	  18.83
     16	    531	      1	  530.0	  18.83	  18.99
     16	    532	      1	  531.0	  18.89	  20.10
     16	    533	      1	  532.0	  19.04	  22.53
     16	    534	      1	  533.0	  19.28	  27.70
     16	    535	      1	  534.0	  19.58	  32.75
     16	    536	      1	  535.0	  19.91	  32.75
     16	    537	      1	  536.0	  20.24	  27.65
     16	    538	      1	  537.0	  20.51	  21.59
     17	   1026	      1	 1025.0	  16.32	  16.33
     17	   1027	      1	 1026.0	  16.33	  16.33
     17	   1028	      1	 1027.0	  16.33	  16.33
     17	   1029	      1	 1028.0	  16.34	  16.34
     17	   1030	      1	 1029.0	  16.34	  16.35
     17	   1031	      1	 1030.0	  16.35	  16.36
     17	   1032	      1	 1031.0	  16.36	  16.37
     17	   1033	      1	 1032.0	  16.38	  16.39
     17	   1034	      1	 1033.0	  16.39	  16.41
     17	   1035	      1	 1034.0	  16.41	  16.43
     17	   1036	      1	 1035.0	  16.43	  16.45
     17	   1037	      1	 1036.0	  16.45	  16.47
     17	   1038	      1	 1037.0	  16.47	  16.50
     17	   1039	      1	 1038.0	  16.49	  16.53
     17	   1040	      1	 1039.0	  16.52	  16.56
     17	   1041	      1	 1040.0	  16.55	  16.59
     17	   1042	      1	 1041.0	  16.58	  16.63
     17	   1043	      1	 1042.0	  16.61	  16.67
     17	   1044	      1	 1043.0	  16.65	  16.71
     17	   1045	      1	 1044.0	  16.69	  16.76
     17	   1046	      1	 1045.0	  16.73	  16.80
     17	   1047	      1	 1046.0	  16.77	  16.86
     17	   1048	      1	 1047.0	  16.82	  16.91
     17	   1049	      1	 1048.0	  16.86	  16.97
     17	   1050	      1	 1049.0	  16.91	  17.03
     17	   1051	      1	 1050.0	  16.97	  17.09
     17	   1052	      1	 1051.0	  17.02	  17.16
     17	   1053	      1	 1052.0	  17.08	  17.23
     17	   1054	      1	 1053.0	  17.14	  17.31
     17	   1055	      1	 1054.0	  17.21	  17.39
     17	   1056	      1	 1055.0	  17.28	  17.47
     17	   1057	      1	 1056.0	  17.35	  17.56
     17	   1058	      1	 1057.0	  17.42	  17.66
     17	   1059	      1	 1058.0	  17.50	  17.76
     17	   1060	      1	 1059.0	  17.58	  17.86
     17	   1061	      1	 1060.0	  17.66	  17.97
     17	   1062	      1	 1061.0	  17.75	  18.25
     17	   1063	      1	 1062.0	  17.86	  18.81
     17	   1064	      1	 1063.0	  18.02	  19.68
     17	   1065	      1	 1064.0	  18.21	  20.91
     17	   1066	      1	 1065.0	  18.44	  22.60
     17	   1067	      1	 1066.0	  18.71	  24.91
     17	   1068	      1	 1067.0	  19.00	  28.13
     17	   1069	      1	 1068.0	  19.31	  32.75
     17	   1070	      1	 1069.0	  19.63	  32.75
     17	   1071	      1	 1070.0	  19.96	  32.75
     17	   1072	      1	 1071.0	  20.28	  32.75
     17	   1073	      1	 1072.0	  20.60	  32.75
     17	   1074	      1	 1073.0	  20.92	  32.75
     17	   1075	      1	 1074.0	  21.23	  32.75
     17	   1076	      1	 1075.0	  21.54	  32.75
     17	   1077	      1	 1076.0	  21.84	  32.75
     17	   1078	      1	 1077.0	  22.13	  32.75
     17	   1079	      1	 1078.0	  22.42	  32.75
     17	   1080	      1	 1079.0	  22.71	  32.75
     17	   1081	      1	 1080.0	  22.99	  32.75
     17	   1082	      1	 1081.0	  23.26	  30.82
     18	    245	      1	  244.0	  16.34	  16.59
     18	    246	      1	  245.0	  16.43	  17.17
     18	    247	      1	  246.0	  16.59	  18.12
     18	    248	      1	  247.0	  16.80	  19.59
     18	    249	      1	  248.0	  17.07	  21.85
     18	    250	      1	  249.0	  17.38	  25.57
     18	    251	      1	  250.0	  17.72	  32.75
     18	    252	      1	  251.0	  18.08	  32.75
     18	    253	      1	  252.0	  18.44	  32.75
     18	    254	      1	  253.0	  18.80	  30.92
     18	    255	      1	  254.0	  19.13	  24.86
     18	    256	      1	  255.0	  19.40	  21.61
     18	    257	      1	  256.0	  19.60	  19.63
     19	    835	      1	  834.0	  16.43	  17.01
     19	    836	      1	  835.0	  16.57	  18.30
     19	    837	      1	  836.0	  16.80	  20.74
     19	    838	      1	  837.0	  17.10	  25.70
     19	    839	      1	  838.0	  17.45	  32.75
     19	    840	      1	  839.0	  17.82	  32.75
     19	    841	      1	  840.0	  18.19	  25.07
     19	    842	      1	  841.0	  18.50	  19.42
     20	    230	      1	  229.0	  16.56	  16.82
     20	    231	      1	  230.0	  16.65	  17.54
     20	    232	      1	  231.0	  16.82	  18.83
     20	    233	      1	  232.0	  17.05	  20.95
     20	    234	      1	  233.0	  17.34	  24.64
     20	    235	      1	  234.0	  17.68	  32.31
     20	    236	      1	  235.0	  18.04	  32.75
     20	    237	      1	  236.0	  18.41	  32.75
     20	    238	      1	  237.0	  18.76	  27.29
     20	    239	      1	  238.0	  19.07	  22.29
     20	    240	      1	  239.0	  19.30	  19.56
     21	    262	      1	  261.0	  17.22	  17.46
     21	    263	      1	  262.0	  17.30	  17.95
     21	    264	      1	  263.0	  17.43	  18.70
     21	    265	      1	  264.0	  17.62	  19.78
     21	    266	      1	  265.0	  17.84	  21.28
     21	    267	      1	  266.0	  18.11	  23.40
     21	    268	      1	  267.0	  18.40	  26.49
     21	    269	      1	  268.0	  18.71	  31.39
     21	    270	      1	  269.0	  19.05	  32.75
     21	    271	      1	  270.0	  19.38	  32.75
     21	    272	      1	  271.0	  19.72	  32.75
     21	    273	      1	  272.0	  20.05	  32.75
     21	    274	      1	  273.0	  20.37	  32.75
     21	    275	      1	  274.0	  20.67	  30.04
     21	    276	      1	  275.0	  20.95	  28.28
     21	    277	      1	  276.0	  21.21	  27.65
     21	    278	      1	  277.0	  21.45	  28.15
     21	    279	      1	  278.0	  21.70	  29.85
     21	    280	      1	  279.0	  21.95	  32.75
     21	    281	      1	  280.0	  22.21	  32.75
     21	    282	      1	  281.0	  22.49	  32.75
     21	    283	      1	  282.0	  22.77	  32.75
     21	    284	      1	  283.0	  23.05	  32.75
     21	    285	      1	  284.0	  23.32	  32.75
     21	    286	      1	  285.0	  23.60	  32.75
     21	    287	      1	  286.0	  23.87	  32.75
     21	    288	      1	  287.0	  24.13	  32.75
     21	    289	      1	  288.0	  24.39	  32.75
     21	    290	      1	  289.0	  24.65	  32.75
     21	    291	      1	  290.0	  24.90	  32.75
     21	    292	      1	  291.0	  25.14	  32.75
     21	    293	      1	  292.0	  25.38	  32.75
     21	    294	      1	  293.0	  25.61	  32.75
     21	    295	      1	  294.0	  25.84	  32.75
     21	    296	      1	  295.0	  26.07	  32.75
     21	    297	      1	  296.0	  26.29	  32.75
     21	    298	      1	  297.0	  26.50	  32.75
     21	    299	      1	  298.0	  26.71	  32.75
     21	    300	      1	  299.0	  26.92	  32.75
     21	    301	      1	  300.0	  27.12	  32.75
     21	    302	      1	  301.0	  27.32	  32.75
     21	    303	      1	  302.0	  27.52	  32.75
     21	    304	      1	  303.0	  27.71	  32.75
     21	    305	      1	  304.0	  27.90	  32.75
     21	    306	      1	  305.0	  28.09	  32.75
     21	    307	      1	  306.0	  28.27	  32.75
     21	    308	      1	  307.0	  28.45	  32.75
     21	    309	      1	  308.0	  28.63	  32.75
     21	    310	      1	  309.0	  28.81	  32.75
     21	    311	      1	  310.0	  28.98	  32.75
     21	    312	      1	  311.0	  29.15	  32.75
     21	    313	      1	  312.0	  29.32	  32.75
     21	    314	      1	  313.0	  29.49	  32.75
     21	    315	      1	  314.0	  29.65	  32.75
     21	    316	      1	  315.0	  29.81	  32.75
     21	    317	      1	  316.0	  29.97	  32.75
     21	    318	      1	  317.0	  30.13	  32.75
     21	    319	      1	  318.0	  30.28	  32.75
     21	    320	      1	  319.0	  30.44	  32.75
     21	    321	      1	  320.0	  30.59	  32.75
     21	    322	      1	  321.0	  30.74	  32.75
     21	    323	      1	  322.0	  30.89	  32.75
     21	    324	      1	  323.0	  31.03	  32.75
     21	    325	      1	  324.0	  31.18	  32.75
     21	    326	      1	  325.0	  31.32	  32.75
     21	    327	      1	  326.0	  31.46	  32.75
     21	    328	      1	  327.0	  31.60	  32.75
     21	    329	      1	  328.0	  31.74	  32.75
     21	    330	      1	  329.0	  31.87	  32.75
     21	    331	      1	  330.0	  32.01	  32.75
     21	    332	      1	  331.0	  32.14	  32.75
     21	    333	      1	  332.0	  32.27	  32.75
     21	    334	      1	  333.0	  32.40	  32.75
     21	    335	      1	  334.0	  32.53	  32.75
     21	    336	      1	  335.0	  32.66	  32.75
     22	    729	      1	  728.0	  17.37	  17.47
     22	    730	      1	  729.0	  17.41	  17.76
     22	    731	      1	  730.0	  17.51	  18.22
     22	    732	      1	  731.0	  17.65	  18.89
     22	    733	      1	  732.0	  17.82	  19.77
     22	    734	      1	  733.0	  18.04	  20.92
     22	    735	      1	  734.0	  18.28	  22.40
     22	    736	      1	  735.0	  18.55	  24.30
     22	    737	      1	  736.0	  18.84	  26.80
     22	    738	      1	  737.0	  19.14	  30.12
     22	    739	      1	  738.0	  19.46	  32.75
     22	    740	      1	  739.0	  19.78	  32.75
     22	    741	      1	  740.0	  20.10	  32.75
     22	    742	      1	  741.0	  20.43	  32.75
     22	    743	      1	  742.0	  20.75	  32.75
     22	    744	      1	  743.0	  21.06	  32.75
     22	    745	      1	  744.0	  21.37	  32.75
     22	    746	      1	  745.0	  21.67	  32.75
     22	    747	      1	  746.0	  21.97	  32.75
     22	    748	      1	  747.0	  22.26	  32.75
     22	    749	      1	  748.0	  22.55	  32.75
     22	    750	      1	  749.0	  22.84	  32.75
     22	    751	      1	  750.0	  23.12	  32.75
     22	    752	      1	  751.0	  23.39	  32.75
     22	    753	      1	  752.0	  23.66	  32.75
     22	    754	      1	  753.0	  23.93	  32.75
     22	    755	      1	  754.0	  24.20	  32.75
     22	    756	      1	  755.0	  24.45	  27.92
     23	     97	      1	   96.0	  17.62	  18.26
     23	     98	      1	   97.0	  17.75	  19.82
     23	     99	      1	   98.0	  17.97	  22.84
     23	    100	      1	   99.0	  18.26	  29.25
     23	    101	      1	  100.0	  18.59	  32.75
     23	    102	      1	  101.0	  18.95	  32.75
     23	    103	      1	  102.0	  19.29	  26.83
     23	    104	      1	  103.0	  19.58	  21.90
     23	    105	      1	  104.0	  19.49	  19.49
     24	    931	      1	  930.0	  17.84	  18.38
     24	    932	      1	  931.0	  17.95	  19.65
     24	    933	      1	  932.0	  18.15	  22.06
     24	    934	      1	  933.0	  18.42	  26.89
     24	    935	      1	  934.0	  18.74	  32.75
     24	    936	      1	  935.0	  19.08	  32.75
     24	    937	      1	  936.0	  19.42	  27.68
     24	    938	      1	  937.0	  19.72	  21.03
     25	    108	      1	  107.0	  18.06	  18.26
     25	    109	      1	  108.0	  18.12	  18.73
     25	    110	      1	  109.0	  18.24	  19.50
     25	    111	      1	  110.0	  18.41	  20.61
     25	    112	      1	  111.0	  18.63	  22.16
     25	    113	      1	  112.0	  18.87	  24.29
     25	    114	      1	  113.0	  19.15	  27.31
     25	    115	      1	  114.0	  19.45	  31.78
     25	    116	      1	  115.0	  19.77	  32.75
     25	    117	      1	  116.0	  20.09	  32.75
     25	    118	      1	  117.0	  20.41	  32.75
     25	    119	      1	  118.0	  20.73	  32.75
     25	    120	      1	  119.0	  21.04	  32.75
     25	    121	      1	  120.0	  21.35	  32.75
     25	    122	      1	  121.0	  21.65	  32.75
     25	    123	      1	  122.0	  21.94	  32.75
     25	    124	      1	  123.0	  22.23	  32.75
     25	    125	      1	  124.0	  22.52	  32.75
     25	    126	      1	  125.0	  22.80	  32.75
     25	    127	      1	  126.0	  23.08	  32.75
     25	    128	      1	  127.0	  23.36	  32.75
     25	    129	      1	  128.0	  23.63	  32.75
     25	    130	      1	  129.0	  23.90	  32.75
     25	    131	      1	  130.0	  24.16	  32.75
     25	    132	      1	  131.0	  24.42	  32.75
     25	    133	      1	  132.0	  24.68	  32.75
     25	    134	      1	  133.0	  24.92	  32.75
     25	    135	      1	  134.0	  25.16	  32.75
     25	    136	      1	  135.0	  25.39	  32.75
     25	    137	      1	  136.0	  25.61	  32.75
     25	    138	      1	  137.0	  25.81	  32.75
     25	    139	      1	  138.0	  26.00	  31.13
     25	    140	      1	  139.0	  26.17	  29.69
     25	    141	      1	  140.0	  26.31	  28.45
     25	    142	      1	  141.0	  26.43	  27.38
     25	    143	      1	  142.0	  26.45	  26.45
     26	    344	      1	  343.0	  18.18	  18.28
     26	    345	      1	  344.0	  18.22	  18.58
     26	    346	      1	  345.0	  18.31	  19.07
     26	    347	      1	  346.0	  18.44	  19.80
     26	    348	      1	  347.0	  18.61	  20.81
     26	    349	      1	  348.0	  18.82	  22.21
     26	    350	      1	  349.0	  19.06	  24.16
     26	    351	      1	  350.0	  19.33	  27.01
     26	    352	      1	  351.0	  19.63	  31.54
     26	    353	      1	  352.0	  19.94	  32.75
     26	    354	      1	  353.0	  20.26	  32.75
     26	    355	      1	  354.0	  20.58	  32.75
     26	    356	      1	  355.0	  20.89	  32.75
     26	    357	      1	  356.0	  21.19	  29.77
     26	    358	      1	  357.0	  21.45	  25.57
     26	    359	      1	  358.0	  21.66	  22.82
     27	    970	      1	  969.0	  18.65	  18.85
     28	    531	      1	  530.0	  18.83	  18.99
     28	    532	      1	  531.0	  18.88	  20.10
     28	    533	      1	  532.0	  19.04	  22.53
     28	    534	      1	  533.0	  19.28	  27.70
     28	    535	      1	  534.0	  19.58	  32.75
     28	    536	      1	  535.0	  19.91	  32.75
     28	    537	      1	  536.0	  20.23	  27.65
     28	    538	      1	  537.0	  20.51	  21.59
     29	    476	      1	  475.0	  19.54	  19.86
     29	    477	      1	  476.0	  19.61	  20.83
     29	    478	      1	  477.0	  19.76	  22.67
     29	    479	      1	  478.0	  19.97	  25.98
     29	    480	      1	  479.0	  20.24	  32.73
     29	    481	      1	  480.0	  20.54	  32.75
     29	    482	      1	  481.0	  20.85	  32.75
     29	    483	      1	  482.0	  21.16	  29.75
     29	    484	      1	  483.0	  21.42	  23.55
     30	    664	      1	  663.0	  19.85	  19.85
     30	    665	      1	  664.0	  19.85	  19.88
     30	    666	      1	  665.0	  19.87	  19.93
     30	    667	      1	  666.0	  19.89	  19.99
     30	    668	      1	  667.0	  19.92	  20.07
     30	    669	      1	  668.0	  19.97	  20.18
     30	    670	      1	  669.0	  20.02	  20.29
     30	    671	      1	  670.0	  20.08	  20.43
     30	    672	      1	  671.0	  20.16	  20.58
     30	    673	      1	  672.0	  20.24	  20.75
     30	    674	      1	  673.0	  20.33	  20.94
     30	    675	      1	  674.0	  20.42	  21.14
     30	    676	      1	  675.0	  20.53	  21.35
     30	    677	      1	  676.0	  20.64	  21.59
     30	    678	      1	  677.0	  20.76	  21.83
     30	    679	      1	  678.0	  20.88	  22.09
     30	    680	      1	  679.0	  21.02	  22.37
     30	    681	      1	  680.0	  21.15	  22.66
     30	    682	      1	  681.0	  21.30	  22.96
     30	    683	      1	  682.0	  21.44	  23.28
     30	    684	      1	  683.0	  21.60	  23.60
     30	    685	      1	  684.0	  21.75	  23.94
     30	    686	      1	  685.0	  21.92	  24.28
     30	    687	      1	  686.0	  22.08	  24.63
     30	    688	      1	  687.0	  22.25	  24.98
     30	    689	      1	  688.0	  22.42	  25.33
     30	    690	      1	  689.0	  22.59	  25.68
     30	    691	      1	  690.0	  22.77	  26.02
     30	    692	      1	  691.0	  22.94	  26.35
     30	    693	      1	  692.0	  23.12	  26.67
     30	    694	      1	  693.0	  23.30	  26.96
     30	    695	      1	  694.0	  23.48	  27.23
     30	    696	      1	  695.0	  23.65	  27.46
     30	    697	      1	  696.0	  23.83	  27.66
     30	    698	      1	  697.0	  24.00	  27.81
     30	    699	      1	  698.0	  24.18	  27.91
     30	    700	      1	  699.0	  24.34	  27.96
     30	    701	      1	  700.0	  24.51	  27.92
     30	    702	      1	  701.0	  24.67	  27.72
     30	    703	      1	  702.0	  24.82	  27.38
     30	    704	      1	  703.0	  24.95	  26.93
     30	    705	      1	  704.0	  25.08	  26.40
     30	    706	      1	  705.0	  25.17	  25.80
     30	    707	      1	  706.0	  25.16	  25.16
     31	    155	      1	  154.0	  22.10	  22.12
     31	    156	      1	  155.0	  22.11	  22.24
     31	    157	      1	  156.0	  22.14	  22.44
     31	    158	      1	  157.0	  22.19	  22.74
     31	    159	      1	  158.0	  22.27	  23.13
     31	    160	      1	  159.0	  22.37	  23.62
     31	    161	      1	  160.0	  22.49	  24.21
     31	    162	      1	  161.0	  22.62	  24.92
     31	    163	      1	  162.0	  22.78	  25.76
     31	    164	      1	  163.0	  22.95	  26.73
     31	    165	      1	  164.0	  23.13	  27.88
     31	    166	      1	  165.0	  23.33	  29.22
     31	    167	      1	  166.0	  23.54	  30.79
     31	    168	      1	  167.0	  23.76	  32.65
     31	    169	      1	  168.0	  23.98	  32.75
     31	    170	      1	  169.0	  24.22	  32.75
     31	    171	      1	  170.0	  24.45	  32.75
     31	    172	      1	  171.0	  24.70	  32.75
     31	    173	      1	  172.0	  24.94	  32.75
     31	    174	      1	  173.0	  25.18	  32.75
     31	    175	      1	  174.0	  25.42	  32.75
     31	    176	      1	  175.0	  25.65	  32.75
     31	    177	      1	  176.0	  25.88	  32.75
     31	    178	      1	  177.0	  26.10	  32.75
     31	    179	      1	  178.0	  26.32	  32.75
     31	    180	      1	  179.0	  26.54	  32.75
     31	    181	      1	  180.0	  26.75	  32.75
     31	    182	      1	  181.0	  26.95	  32.75
     31	    183	      1	  182.0	  27.16	  32.75
     31	    184	      1	  183.0	  27.35	  32.75
     31	    185	      1	  184.0	  27.55	  32.75
     31	    186	      1	  185.0	  27.74	  32.75
     31	    187	      1	  186.0	  27.93	  32.75
     31	    188	      1	  187.0	  28.12	  32.75
     31	    189	      1	  188.0	  28.30	  32.75
     31	    190	      1	  189.0	  28.48	  32.75
     31	    191	      1	  190.0	  28.66	  32.75
     31	    192	      1	  191.0	  28.84	  32.75
     31	    193	      1	  192.0	  29.01	  32.75
     31	    194	      1	  193.0	  29.18	  32.75
     31	    195	      1	  194.0	  29.35	  32.75
     31	    196	      1	  195.0	  29.51	  32.75
     31	    197	      1	  196.0	  29.68	  32.75
     31	    198	      1	  197.0	  29.84	  32.75
     31	    199	      1	  198.0	  30.00	  32.75
     31	    200	      1	  199.0	  30.15	  32.75
     31	    201	      1	  200.0	  30.31	  32.75
     31	    202	      1	  201.0	  30.46	  32.75
     31	    203	      1	  202.0	  30.61	  32.75
     31	    204	      1	  203.0	  30.76	  32.75
     31	    205	      1	  204.0	  30.91	  32.75
     31	    206	      1	  205.0	  31.06	  32.75
     31	    207	      1	  206.0	  31.20	  32.75
     31	    208	      1	  207.0	  31.34	  32.75
     31	    209	      1	  208.0	  31.48	  32.75
     31	    210	      1	  209.0	  31.62	  32.75
     31	    211	      1	  210.0	  31.76	  32.75
     31	    212	      1	  211.0	  31.90	  32.75
     32	    608	      1	  607.0	  24.39	  24.50
     33	    216	      1	  215.0	  24.90	  24.94
     33	    217	      1	  216.0	  24.91	  26.32
     33	    218	      1	  217.0	  25.01	  29.51
     33	    219	      1	  218.0	  25.18	  32.75
     33	    220	      1	  219.0	  25.40	  32.75
     33	    221	      1	  220.0	  25.64	  32.75
     33	    222	      1	  221.0	  25.86	  32.18
     33	    223	      1	  222.0	  25.51	  25.51
     34	    278	      1	  277.0	  27.65	  28.15
      1	    946	      2	  945.0	  11.25	  11.28
      1	    945	      2	  944.0	  11.41	  11.46
      1	    944	      2	  943.0	  11.61	  11.81
      1	    943	      2	  942.0	  11.96	  12.32
      1	    942	      2	  941.0	  12.40	  13.05
      1	    941	      2	  940.0	  12.95	  14.07
      1	    940	      2	  939.0	  13.59	  15.50
      1	    939	      2	  938.0	  14.32	  17.62
      1	    938	      2	  937.0	  15.13	  21.03
      1	    937	      2	  936.0	  16.00	  27.68
      1	    936	      2	  935.0	  16.91	  32.75
      1	    935	      2	  934.0	  17.82	  32.75
      1	    934	      2	  933.0	  18.67	  26.89
      1	    933	      2	  932.0	  19.41	  22.06
      1	    932	      2	  931.0	  19.65	  19.65
      2	    395	      2	  394.0	  11.40	  11.65
      2	    394	      2	  393.0	  11.81	  12.18
      2	    393	      2	  392.0	  12.27	  13.03
      2	    392	      2	  391.0	  12.86	  14.29
      2	    391	      2	  390.0	  13.57	  16.15
      2	    390	      2	  389.0	  14.37	  18.99
      2	    389	      2	  388.0	  15.25	  23.63
      2	    388	      2	  387.0	  16.17	  32.13
      2	    387	      2	  386.0	  17.09	  32.75
      2	    386	      2	  385.0	  17.99	  32.75
      2	    385	      2	  384.0	  18.85	  32.75
      2	    384	      2	  383.0	  19.67	  32.75
      2	    383	      2	  382.0	  20.46	  32.75
      2	    382	      2	  381.0	  21.22	  32.75
      2	    381	      2	  380.0	  21.95	  32.75
      2	    380	      2	  379.0	  22.66	  32.75
      2	    379	      2	  378.0	  23.32	  32.75
      2	    378	      2	  377.0	  23.93	  28.89
      2	    377	      2	  376.0	  24.42	  25.14
      3	    848	      2	  847.0	  11.72	  11.80
      3	    847	      2	  846.0	  11.96	  12.10
      3	    846	      2	  845.0	  12.25	  12.63
      3	    845	      2	  844.0	  12.69	  13.45
      3	    844	      2	  843.0	  13.25	  14.65
      3	    843	      2	  842.0	  13.93	  16.47
      3	    842	      2	  841.0	  14.71	  19.42
      3	    841	      2	  840.0	  15.57	  25.07
      3	    840	      2	  839.0	  16.48	  32.75
      3	    839	      2	  838.0	  17.40	  32.75
      3	    838	      2	  837.0	  18.28	  25.70
      3	    837	      2	  836.0	  19.02	  20.74
      4	   1107	      2	 1106.0	  12.31	  12.90
      4	   1106	      2	 1105.0	  12.84	  14.40
      4	   1105	      2	 1104.0	  13.57	  17.32
      4	   1104	      2	 1103.0	  14.47	  23.27
      4	   1103	      2	 1102.0	  15.44	  32.75
      4	   1102	      2	 1101.0	  16.42	  32.75
      4	   1101	      2	 1100.0	  17.36	  32.75
      4	   1100	      2	 1099.0	  18.24	  32.75
      4	   1099	      2	 1098.0	  19.09	  32.75
      4	   1098	      2	 1097.0	  19.90	  32.75
      4	   1097	      2	 1096.0	  20.68	  32.75
      4	   1096	      2	 1095.0	  21.43	  32.75
      4	   1095	      2	 1094.0	  22.16	  32.75
      4	   1094	      2	 1093.0	  22.86	  32.75
      4	   1093	      2	 1092.0	  23.48	  23.58
      5	     73	      2	   72.0	  12.43	  12.77
      5	     72	      2	   71.0	  12.84	  13.70
      5	     71	      2	   70.0	  13.42	  15.47
      5	     70	      2	   69.0	  14.18	  18.95
      5	     69	      2	   68.0	  15.08	  28.23
      5	     68	      2	   67.0	  16.06	  32.75
      5	     67	      2	   66.0	  17.01	  22.77
      5	     66	      2	   65.0	  17.52	  17.52
      6	   1124	      2	 1123.0	  12.48	  12.53
      6	   1123	      2	 1122.0	  12.65	  12.83
      6	   1122	      2	 1121.0	  12.95	  13.43
      6	   1121	      2	 1120.0	  13.40	  14.40
      6	   1120	      2	 1119.0	  13.99	  15.94
      6	   1119	      2	 1118.0	  14.70	  18.49
      6	   1118	      2	 1117.0	  15.51	  23.42
      6	   1117	      2	 1116.0	  16.41	  32.75
      6	   1116	      2	 1115.0	  17.33	  32.75
      6	   1115	      2	 1114.0	  18.21	  23.63
      6	   1114	      2	 1113.0	  18.55	  18.55
      7	    760	      2	  759.0	  12.48	  12.64
      7	    759	      2	  758.0	  12.77	  13.58
      7	    758	      2	  757.0	  13.34	  15.58
      7	    757	      2	  756.0	  14.13	  19.46
      7	    756	      2	  755.0	  15.05	  27.92
      7	    755	      2	  754.0	  16.03	  32.75
      7	    754	      2	  753.0	  16.98	  32.75
      7	    753	      2	  752.0	  17.89	  32.75
      7	    752	      2	  751.0	  18.75	  32.75
      7	    751	      2	  750.0	  19.58	  32.75
      7	    750	      2	  749.0	  20.37	  32.75
      7	    749	      2	  748.0	  21.13	  32.75
      7	    748	      2	  747.0	  21.87	  32.75
      7	    747	      2	  746.0	  22.58	  32.75
      7	    746	      2	  745.0	  23.27	  32.75
      7	    745	      2	  744.0	  23.95	  32.75
      7	    744	      2	  743.0	  24.60	  32.75
      7	    743	      2	  742.0	  25.24	  32.75
      7	    742	      2	  741.0	  25.86	  32.75
      7	    741	      2	  740.0	  26.46	  32.75
      7	    740	      2	  739.0	  27.04	  32.75
      7	    739	      2	  738.0	  27.58	  32.75
      7	    738	      2	  737.0	  28.04	  30.12
      8	   1087	      2	 1086.0	  13.03	  13.26
      8	   1086	      2	 1085.0	  13.35	  14.06
      8	   1085	      2	 1084.0	  13.86	  15.53
      8	   1084	      2	 1083.0	  14.54	  18.02
      8	   1083	      2	 1082.0	  15.35	  22.34
      8	   1082	      2	 1081.0	  16.24	  30.82
      8	   1081	      2	 1080.0	  17.15	  32.75
      8	   1080	      2	 1079.0	  18.04	  32.75
      8	   1079	      2	 1078.0	  18.90	  32.75
      8	   1078	      2	 1077.0	  19.72	  32.75
      8	   1077	      2	 1076.0	  20.50	  32.75
      8	   1076	      2	 1075.0	  21.26	  32.75
      8	   1075	      2	 1074.0	  22.00	  32.75
      8	   1074	      2	 1073.0	  22.70	  32.75
      8	   1073	      2	 1072.0	  23.39	  32.75
      8	   1072	      2	 1071.0	  24.06	  32.75
      8	   1071	      2	 1070.0	  24.71	  32.75
      8	   1070	      2	 1069.0	  25.33	  32.75
      8	   1069	      2	 1068.0	  25.91	  32.75
      8	   1068	      2	 1067.0	  26.40	  28.13
      9	     62	      2	   61.0	  13.89	  13.93
      9	     61	      2	   60.0	  14.03	  14.03
      9	     60	      2	   59.0	  14.08	  14.18
      9	     59	      2	   58.0	  14.28	  14.39
      9	     58	      2	   57.0	  14.49	  14.66
      9	     57	      2	   56.0	  14.74	  14.99
      9	     56	      2	   55.0	  15.02	  15.37
      9	     55	      2	   54.0	  15.35	  15.83
      9	     54	      2	   53.0	  15.71	  16.34
      9	     53	      2	   52.0	  16.10	  16.94
      9	     52	      2	   51.0	  16.53	  17.61
      9	     51	      2	   50.0	  16.99	  18.36
      9	     50	      2	   49.0	  17.48	  19.20
      9	     49	      2	   48.0	  17.99	  20.13
      9	     48	      2	   47.0	  18.52	  21.15
      9	     47	      2	   46.0	  19.07	  22.31
      9	     46	      2	   45.0	  19.64	  24.00
      9	     45	      2	   44.0	  20.24	  26.40
      9	     44	      2	   43.0	  20.88	  29.84
      9	     43	      2	   42.0	  21.54	  32.75
      9	     42	      2	   41.0	  22.21	  32.75
      9	     41	      2	   40.0	  22.90	  32.75
      9	     40	      2	   39.0	  23.57	  32.75
      9	     39	      2	   38.0	  24.24	  32.75
      9	     38	      2	   37.0	  24.88	  32.75
      9	     37	      2	   36.0	  25.51	  32.75
      9	     36	      2	   35.0	  26.13	  32.75
      9	     35	      2	   34.0	  26.73	  32.75
      9	     34	      2	   33.0	  27.32	  32.75
      9	     33	      2	   32.0	  27.90	  32.75
      9	     32	      2	   31.0	  28.46	  32.75
      9	     31	      2	   30.0	  29.02	  32.75
      9	     30	      2	   29.0	  29.56	  32.75
      9	     29	      2	   28.0	  30.10	  32.75
      9	     28	      2	   27.0	  30.62	  32.75
      9	     27	      2	   26.0	  31.14	  32.75
      9	     26	      2	   25.0	  31.65	  32.75
      9	     25	      2	   24.0	  32.15	  32.75
      9	     24	      2	   23.0	  32.65	  32.75
      9	     23	      2	   22.0	  32.75	  32.75
      9	     22	      2	   21.0	  32.75	  32.75
      9	     21	      2	   20.0	  32.75	  32.75
      9	     20	      2	   19.0	  32.75	  32.75
      9	     19	      2	   18.0	  32.75	  32.75
      9	     18	      2	   17.0	  32.75	  32.75
      9	     17	      2	   16.0	  32.75	  32.75
      9	     16	      2	   15.0	  32.75	  32.75
      9	     15	      2	   14.0	  32.75	  32.75
      9	     14	      2	   13.0	  32.75	  32.75
      9	     13	      2	   12.0	  32.75	  32.75
      9	     12	      2	   11.0	  32.75	  32.75
      9	     11	      2	   10.0	  32.75	  32.75
      9	     10	      2	    9.0	  32.75	  32.75
      9	      9	      2	    8.0	  32.75	  32.75
      9	      8	      2	    7.0	  32.75	  32.75
      9	      7	      2	    6.0	  32.75	  32.75
      9	      6	      2	    5.0	  32.75	  32.75
      9	      5	      2	    4.0	  32.75	  32.75
      9	      4	      2	    3.0	  32.75	  32.75
      9	      3	      2	    2.0	  32.75	  32.75
      9	      2	      2	    1.0	  32.75	  32.75
      9	      1	      2	    0.0	  32.75	  32.75
      9	   1171	      2	 1169.8	  32.75	  32.75
      9	   1170	      2	 1169.0	  32.75	  32.75
      9	   1169	      2	 1168.0	  32.75	  32.75
      9	   1168	      2	 1167.0	  32.75	  32.75
      9	   1167	      2	 1166.0	  32.75	  32.75
      9	   1166	      2	 1165.0	  32.75	  32.75
      9	   1165	      2	 1164.0	  32.75	  32.75
      9	   1164	      2	 1163.0	  32.75	  32.75
      9	   1163	      2	 1162.0	  32.75	  32.75
      9	   1162	      2	 1161.0	  32.75	  32.75
      9	   1161	      2	 1160.0	  32.75	  32.75
      9	   1160	      2	 1159.0	  32.75	  32.75
      9	   1159	      2	 1158.0	  32.75	  32.75
      9	   1158	      2	 1157.0	  32.75	  32.75
      9	   1157	      2	 1156.0	  32.75	  32.75
      9	   1156	      2	 1155.0	  32.75	  32.75
      9	   1155	      2	 1154.0	  32.75	  32.75
      9	   1154	      2	 1153.0	  32.75	  32.75
      9	   1153	      2	 1152.0	  32.75	  32.75
     10	    503	      2	  502.0	  13.93	  14.32
     10	    502	      2	  501.0	  14.31	  15.18
     10	    501	      2	  500.0	  14.81	  16.65
     10	    500	      2	  499.0	  15.46	  19.20
     10	    499	      2	  498.0	  16.23	  24.16
     10	    498	      2	  497.0	  17.08	  32.75
     10	    497	      2	  496.0	  17.97	  32.75
     10	    496	      2	  495.0	  18.81	  25.11
     10	    495	      2	  494.0	  19.51	  19.79
     11	    490	      2	  489.0	  14.59	  14.69
     11	    489	      2	  488.0	  14.79	  15.05
     11	    488	      2	  487.0	  15.08	  15.68
     11	    487	      2	  486.0	  15.49	  16.65
     11	    486	      2	  485.0	  16.00	  18.06
     11	    485	      2	  484.0	  16.61	  20.18
     11	    484	      2	  483.0	  17.30	  23.55
     11	    483	      2	  482.0	  18.06	  29.75
     11	    482	      2	  481.0	  18.86	  32.75
     11	    481	      2	  480.0	  19.68	  32.75
     11	    480	      2	  479.0	  20.46	  32.73
     11	    479	      2	  478.0	  21.17	  25.98
     11	    478	      2	  477.0	  21.73	  22.67
     12	    573	      2	  572.0	  14.70	  14.71
     12	    572	      2	  571.0	  14.78	  14.87
     12	    571	      2	  570.0	  14.96	  15.18
     12	    570	      2	  569.0	  15.22	  15.65
     12	    569	      2	  568.0	  15.57	  16.31
     12	    568	      2	  567.0	  15.99	  17.17
     12	    567	      2	  566.0	  16.49	  18.29
     12	    566	      2	  565.0	  17.05	  19.74
     12	    565	      2	  564.0	  17.67	  21.63
     12	    564	      2	  563.0	  18.33	  24.15
     12	    563	      2	  562.0	  19.03	  27.60
     12	    562	      2	  561.0	  19.75	  32.51
     12	    561	      2	  560.0	  20.49	  32.75
     12	    560	      2	  559.0	  21.23	  32.75
     12	    559	      2	  558.0	  21.96	  32.75
     12	    558	      2	  557.0	  22.66	  32.75
     12	    557	      2	  556.0	  23.35	  32.75
     12	    556	      2	  555.0	  24.02	  32.75
     12	    555	      2	  554.0	  24.68	  32.75
     12	    554	      2	  553.0	  25.31	  32.75
     12	    553	      2	  552.0	  25.93	  32.75
     12	    552	      2	  551.0	  26.54	  32.75
     12	    551	      2	  550.0	  27.13	  32.75
     12	    550	      2	  549.0	  27.71	  32.75
     12	    549	      2	  548.0	  28.28	  32.75
     12	    548	      2	  547.0	  28.84	  32.75
     12	    547	      2	  546.0	  29.39	  32.75
     12	    546	      2	  545.0	  29.93	  32.75
     13	    541	      2	  540.0	  15.31	  15.78
     13	    540	      2	  539.0	  15.67	  16.79
     13	    539	      2	  538.0	  16.17	  18.54
     13	    538	      2	  537.0	  16.80	  21.59
     13	    537	      2	  536.0	  17.54	  27.65
     13	    536	      2	  535.0	  18.35	  32.75
     13	    535	      2	  534.0	  19.19	  32.75
     13	    534	      2	  533.0	  19.98	  27.70
     13	    533	      2	  532.0	  20.66	  22.53
     14	     84	      2	   83.0	  15.35	  15.52
     14	     83	      2	   82.0	  15.58	  16.76
     14	     82	      2	   81.0	  16.09	  19.70
     14	     81	      2	   80.0	  16.82	  27.67
     14	     80	      2	   79.0	  17.67	  32.75
     14	     79	      2	   78.0	  18.54	  23.79
     15	    367	      2	  366.0	  15.66	  15.77
     15	    366	      2	  365.0	  15.85	  16.00
     15	    365	      2	  364.0	  16.06	  16.35
     15	    364	      2	  363.0	  16.33	  16.84
     15	    363	      2	  362.0	  16.67	  17.49
     15	    362	      2	  361.0	  17.08	  18.34
     15	    361	      2	  360.0	  17.55	  19.43
     15	    360	      2	  359.0	  18.07	  20.87
     15	    359	      2	  358.0	  18.65	  22.82
     15	    358	      2	  357.0	  19.28	  25.57
     15	    357	      2	  356.0	  19.96	  29.77
     15	    356	      2	  355.0	  20.66	  32.75
     15	    355	      2	  354.0	  21.38	  32.75
     15	    354	      2	  353.0	  22.11	  32.75
     15	    353	      2	  352.0	  22.81	  32.75
     15	    352	      2	  351.0	  23.46	  31.54
     15	    351	      2	  350.0	  24.03	  27.01
     15	    350	      2	  349.0	  24.16	  24.16
     16	    515	      2	  514.0	  15.71	  16.21
     16	    514	      2	  513.0	  16.07	  17.56
     16	    513	      2	  512.0	  16.61	  20.31
     16	    512	      2	  511.0	  17.31	  26.49
     16	    511	      2	  510.0	  18.12	  32.75
     16	    510	      2	  509.0	  18.97	  32.04
     16	    509	      2	  508.0	  19.74	  21.74
     17	   1024	      2	 1023.0	  16.32	  16.35
     17	   1023	      2	 1022.0	  16.42	  16.44
     17	   1022	      2	 1021.0	  16.52	  16.62
     17	   1021	      2	 1020.0	  16.69	  16.88
     17	   1020	      2	 1019.0	  16.91	  17.22
     17	   1019	      2	 1018.0	  17.17	  17.65
     17	   1018	      2	 1017.0	  17.49	  18.18
     17	   1017	      2	 1016.0	  17.84	  18.81
     17	   1016	      2	 1015.0	  18.24	  19.56
     17	   1015	      2	 1014.0	  18.67	  20.45
     17	   1014	      2	 1013.0	  19.15	  21.51
     17	   1013	      2	 1012.0	  19.66	  22.78
     17	   1012	      2	 1011.0	  20.20	  24.31
     17	   1011	      2	 1010.0	  20.77	  26.16
     17	   1010	      2	 1009.0	  21.37	  28.43
     17	   1009	      2	 1008.0	  21.98	  31.25
     17	   1008	      2	 1007.0	  22.61	  32.75
     17	   1007	      2	 1006.0	  23.24	  32.75
     17	   1006	      2	 1005.0	  23.88	  32.75
     17	   1005	      2	 1004.0	  24.52	  32.75
     17	   1004	      2	 1003.0	  25.15	  32.75
     17	   1003	      2	 1002.0	  25.77	  32.75
     17	   1002	      2	 1001.0	  26.38	  32.75
     17	   1001	      2	 1000.0	  26.98	  32.75
     17	   1000	      2	  999.0	  27.56	  32.75
     17	    999	      2	  998.0	  28.14	  32.75
     17	    998	      2	  997.0	  28.70	  32.75
     17	    997	      2	  996.0	  29.25	  32.75
     17	    996	      2	  995.0	  29.79	  32.75
     17	    995	      2	  994.0	  30.32	  32.75
     17	    994	      2	  993.0	  30.84	  32.75
     17	    993	      2	  992.0	  31.36	  32.75
     17	    992	      2	  991.0	  31.86	  32.75
     17	    991	      2	  990.0	  32.36	  32.75
     17	    990	      2	  989.0	  32.75	  32.75
     17	    989	      2	  988.0	  32.75	  32.75
     17	    988	      2	  987.0	  32.75	  32.75
     17	    987	      2	  986.0	  32.75	  32.75
     17	    986	      2	  985.0	  32.75	  32.75
     17	    985	      2	  984.0	  32.75	  32.75
     17	    984	      2	  983.0	  32.75	  32.75
     17	    983	      2	  982.0	  32.75	  32.75
     17	    982	      2	  981.0	  32.75	  32.75
     17	    981	      2	  980.0	  32.75	  32.75
     17	    980	      2	  979.0	  32.75	  32.75
     17	    979	      2	  978.0	  32.75	  32.75
     17	    978	      2	  977.0	  32.71	  32.71
     18	    243	      2	  242.0	  16.34	  16.43
     18	    242	      2	  241.0	  16.50	  16.94
     18	    241	      2	  240.0	  16.82	  17.92
     18	    240	      2	  239.0	  17.27	  19.56
     18	    239	      2	  238.0	  17.84	  22.29
     18	    238	      2	  237.0	  18.52	  27.29
     18	    237	      2	  236.0	  19.27	  32.75
     18	    236	      2	  235.0	  20.06	  32.75
     18	    235	      2	  234.0	  20.83	  32.31
     18	    234	      2	  233.0	  21.52	  24.64
     19	    833	      2	  832.0	  16.43	  16.56
     19	    832	      2	  831.0	  16.62	  17.82
     19	    831	      2	  830.0	  17.09	  20.59
     19	    830	      2	  829.0	  17.76	  26.07
     19	    829	      2	  828.0	  18.54	  32.75
     19	    828	      2	  827.0	  19.35	  32.75
     19	    827	      2	  826.0	  20.15	  32.75
     19	    826	      2	  825.0	  20.92	  32.75
     19	    825	      2	  824.0	  21.67	  32.75
     19	    824	      2	  823.0	  22.39	  32.75
     19	    823	      2	  822.0	  23.08	  32.75
     19	    822	      2	  821.0	  23.76	  32.75
     19	    821	      2	  820.0	  24.42	  32.75
     19	    820	      2	  819.0	  25.06	  32.75
     19	    819	      2	  818.0	  25.69	  32.75
     19	    818	      2	  817.0	  26.30	  32.75
     19	    817	      2	  816.0	  26.90	  32.75
     19	    816	      2	  815.0	  27.49	  32.75
     19	    815	      2	  814.0	  28.06	  32.75
     19	    814	      2	  813.0	  28.62	  32.75
     19	    813	      2	  812.0	  29.17	  32.75
     19	    812	      2	  811.0	  29.72	  32.75
     19	    811	      2	  810.0	  30.25	  32.75
     19	    810	      2	  809.0	  30.77	  32.75
     19	    809	      2	  808.0	  31.29	  32.75
     19	    808	      2	  807.0	  31.80	  32.75
     19	    807	      2	  806.0	  32.30	  32.75
     19	    806	      2	  805.0	  32.75	  32.75
     19	    805	      2	  804.0	  32.75	  32.75
     19	    804	      2	  803.0	  32.75	  32.75
     19	    803	      2	  802.0	  32.75	  32.75
     19	    802	      2	  801.0	  32.75	  32.75
     19	    801	      2	  800.0	  32.75	  32.75
     19	    800	      2	  799.0	  32.75	  32.75
     19	    799	      2	  798.0	  32.75	  32.75
     19	    798	      2	  797.0	  32.75	  32.75
     19	    797	      2	  796.0	  32.75	  32.75
     19	    796	      2	  795.0	  32.75	  32.75
     19	    795	      2	  794.0	  32.75	  32.75
     19	    794	      2	  793.0	  32.75	  32.75
     19	    793	      2	  792.0	  32.75	  32.75
     19	    792	      2	  791.0	  32.75	  32.75
     19	    791	      2	  790.0	  32.75	  32.75
     19	    790	      2	  789.0	  32.75	  32.75
     19	    789	      2	  788.0	  32.75	  32.75
     20	    228	      2	  227.0	  16.56	  16.71
     20	    227	      2	  226.0	  16.76	  17.23
     20	    226	      2	  225.0	  17.08	  18.17
     20	    225	      2	  224.0	  17.52	  19.63
     20	    224	      2	  223.0	  18.07	  21.88
     20	    223	      2	  222.0	  18.71	  25.51
     20	    222	      2	  221.0	  19.41	  32.18
     20	    221	      2	  220.0	  20.16	  32.75
     20	    220	      2	  219.0	  20.93	  32.75
     20	    219	      2	  218.0	  21.67	  32.75
     20	    218	      2	  217.0	  22.35	  29.51
     20	    217	      2	  216.0	  22.93	  26.32
     20	    216	      2	  215.0	  23.40	  24.94
     20	    215	      2	  214.0	  23.74	  24.90
     20	    214	      2	  213.0	  24.04	  26.34
     20	    213	      2	  212.0	  24.42	  29.48
     20	    212	      2	  211.0	  24.90	  32.75
     20	    211	      2	  210.0	  25.46	  32.75
     20	    210	      2	  209.0	  26.06	  32.75
     20	    209	      2	  208.0	  26.66	  32.75
     20	    208	      2	  207.0	  27.25	  32.75
     20	    207	      2	  206.0	  27.83	  32.75
     20	    206	      2	  205.0	  28.39	  32.75
     20	    205	      2	  204.0	  28.95	  32.75
     20	    204	      2	  203.0	  29.50	  32.75
     20	    203	      2	  202.0	  30.03	  32.75
     20	    202	      2	  201.0	  30.56	  32.75
     20	    201	      2	  200.0	  31.08	  32.75
     20	    200	      2	  199.0	  31.59	  32.75
     20	    199	      2	  198.0	  32.09	  32.75
     20	    198	      2	  197.0	  32.59	  32.75
     20	    197	      2	  196.0	  32.75	  32.75
     20	    196	      2	  195.0	  32.75	  32.75
     20	    195	      2	  194.0	  32.75	  32.75
     20	    194	      2	  193.0	  32.75	  32.75
     20	    193	      2	  192.0	  32.75	  32.75
     20	    192	      2	  191.0	  32.75	  32.75
     20	    191	      2	  190.0	  32.75	  32.75
     20	    190	      2	  189.0	  32.75	  32.75
     20	    189	      2	  188.0	  32.75	  32.75
     20	    188	      2	  187.0	  32.75	  32.75
     20	    187	      2	  186.0	  32.75	  32.75
     20	    186	      2	  185.0	  32.75	  32.75
     20	    185	      2	  184.0	  32.75	  32.75
     20	    184	      2	  183.0	  32.75	  32.75
     20	    183	      2	  182.0	  32.75	  32.75
     20	    182	      2	  181.0	  32.75	  32.75
     20	    181	      2	  180.0	  32.75	  32.75
     20	    180	      2	  179.0	  32.75	  32.75
     20	    179	      2	  178.0	  32.75	  32.75
     20	    178	      2	  177.0	  32.75	  32.75
     20	    177	      2	  176.0	  32.75	  32.75
     20	    176	      2	  175.0	  32.75	  32.75
     20	    175	      2	  174.0	  32.75	  32.75
     20	    174	      2	  173.0	  32.75	  32.75
     20	    173	      2	  172.0	  32.75	  32.75
     20	    172	      2	  171.0	  32.75	  32.75
     20	    171	      2	  170.0	  32.75	  32.75
     20	    170	      2	  169.0	  32.75	  32.75
     20	    169	      2	  168.0	  32.75	  32.75
     20	    168	      2	  167.0	  32.65	  32.65
     21	    260	      2	  259.0	  17.22	  17.24
     21	    259	      2	  258.0	  17.31	  17.61
     21	    258	      2	  257.0	  17.56	  18.37
     21	    257	      2	  256.0	  17.94	  19.63
     21	    256	      2	  255.0	  18.43	  21.61
     21	    255	      2	  254.0	  19.02	  24.86
     21	    254	      2	  253.0	  19.69	  30.92
     21	    253	      2	  252.0	  20.42	  32.75
     21	    252	      2	  251.0	  21.17	  32.75
     21	    251	      2	  250.0	  21.90	  32.75
     21	    250	      2	  249.0	  22.55	  25.57
     22	    727	      2	  726.0	  17.37	  17.38
     22	    726	      2	  725.0	  17.44	  17.44
     22	    725	      2	  724.0	  17.50	  17.54
     22	    724	      2	  723.0	  17.61	  17.67
     22	    723	      2	  722.0	  17.74	  17.84
     22	    722	      2	  721.0	  17.89	  18.04
     22	    721	      2	  720.0	  18.07	  18.28
     22	    720	      2	  719.0	  18.28	  18.55
     22	    719	      2	  718.0	  18.50	  18.85
     22	    718	      2	  717.0	  18.75	  19.20
     22	    717	      2	  716.0	  19.02	  19.57
     22	    716	      2	  715.0	  19.31	  19.99
     22	    715	      2	  714.0	  19.62	  20.44
     22	    714	      2	  713.0	  19.95	  20.93
     22	    713	      2	  712.0	  20.30	  21.46
     22	    712	      2	  711.0	  20.66	  22.01
     22	    711	      2	  710.0	  21.04	  22.61
     22	    710	      2	  709.0	  21.43	  23.22
     22	    709	      2	  708.0	  21.83	  23.86
     22	    708	      2	  707.0	  22.24	  24.51
     22	    707	      2	  706.0	  22.66	  25.16
     22	    706	      2	  705.0	  23.08	  25.80
     22	    705	      2	  704.0	  23.51	  26.40
     22	    704	      2	  703.0	  23.93	  26.93
     22	    703	      2	  702.0	  24.35	  27.38
     22	    702	      2	  701.0	  24.77	  27.72
     22	    701	      2	  700.0	  25.17	  27.92
     22	    700	      2	  699.0	  25.56	  27.96
     22	    699	      2	  698.0	  25.92	  27.91
     22	    698	      2	  697.0	  26.25	  27.81
     22	    697	      2	  696.0	  26.55	  27.66
     22	    696	      2	  695.0	  26.81	  27.46
     22	    695	      2	  694.0	  27.02	  27.23
     22	    694	      2	  693.0	  26.96	  26.96
     23	     95	      2	   94.0	  17.62	  17.82
     23	     94	      2	   93.0	  17.83	  19.02
     23	     93	      2	   92.0	  18.26	  21.69
     23	     92	      2	   91.0	  18.87	  27.68
     23	     91	      2	   90.0	  19.61	  32.75
     23	     90	      2	   89.0	  20.39	  32.75
     23	     89	      2	   88.0	  21.12	  24.03
     24	    929	      2	  928.0	  17.84	  17.91
     24	    928	      2	  927.0	  17.97	  18.48
     24	    927	      2	  926.0	  18.27	  19.56
     24	    926	      2	  925.0	  18.70	  21.27
     24	    925	      2	  924.0	  19.25	  23.85
     24	    924	      2	  923.0	  19.87	  27.80
     24	    923	      2	  922.0	  20.55	  32.75
     24	    922	      2	  921.0	  21.26	  32.75
     24	    921	      2	  920.0	  21.98	  32.75
     24	    920	      2	  919.0	  22.69	  32.75
     24	    919	      2	  918.0	  23.38	  32.75
     24	    918	      2	  917.0	  24.05	  32.75
     24	    917	      2	  916.0	  24.70	  32.75
     24	    916	      2	  915.0	  25.34	  32.75
     24	    915	      2	  914.0	  25.96	  32.75
     24	    914	      2	  913.0	  26.56	  32.75
     24	    913	      2	  912.0	  27.15	  32.75
     24	    912	      2	  911.0	  27.73	  32.75
     24	    911	      2	  910.0	  28.30	  32.75
     24	    910	      2	  909.0	  28.86	  32.75
     24	    909	      2	  908.0	  29.41	  32.75
     24	    908	      2	  907.0	  29.95	  32.75
     24	    907	      2	  906.0	  30.48	  32.75
     24	    906	      2	  905.0	  31.00	  32.75
     24	    905	      2	  904.0	  31.51	  32.75
     24	    904	      2	  903.0	  32.01	  32.75
     24	    903	      2	  902.0	  32.51	  32.75
     24	    902	      2	  901.0	  32.75	  32.75
     24	    901	      2	  900.0	  32.75	  32.75
     24	    900	      2	  899.0	  32.75	  32.75
     24	    899	      2	  898.0	  32.75	  32.75
     24	    898	      2	  897.0	  32.75	  32.75
     24	    897	      2	  896.0	  32.75	  32.75
     24	    896	      2	  895.0	  32.75	  32.75
     24	    895	      2	  894.0	  32.75	  32.75
     24	    894	      2	  893.0	  32.75	  32.75
     24	    893	      2	  892.0	  32.75	  32.75
     24	    892	      2	  891.0	  32.75	  32.75
     24	    891	      2	  890.0	  32.75	  32.75
     24	    890	      2	  889.0	  32.75	  32.75
     24	    889	      2	  888.0	  32.75	  32.75
     24	    888	      2	  887.0	  32.75	  32.75
     24	    887	      2	  886.0	  32.75	  32.75
     24	    886	      2	  885.0	  32.75	  32.75
     24	    885	      2	  884.0	  32.75	  32.75
     24	    884	      2	  883.0	  32.75	  32.75
     24	    883	      2	  882.0	  32.75	  32.75
     24	    882	      2	  881.0	  32.75	  32.75
     24	    881	      2	  880.0	  32.75	  32.75
     24	    880	      2	  879.0	  32.75	  32.75
     24	    879	      2	  878.0	  32.75	  32.75
     24	    878	      2	  877.0	  32.75	  32.75
     24	    877	      2	  876.0	  32.75	  32.75
     24	    876	      2	  875.0	  32.75	  32.75
     24	    875	      2	  874.0	  32.75	  32.75
     24	    874	      2	  873.0	  32.75	  32.75
     24	    873	      2	  872.0	  32.75	  32.75
     24	    872	      2	  871.0	  32.75	  32.75
     24	    871	      2	  870.0	  32.75	  32.75
     24	    870	      2	  869.0	  32.75	  32.75
     24	    869	      2	  868.0	  32.75	  32.75
     24	    868	      2	  867.0	  32.75	  32.75
     24	    867	      2	  866.0	  32.75	  32.75
     24	    866	      2	  865.0	  32.75	  32.75
     24	    865	      2	  864.0	  32.75	  32.75
     24	    864	      2	  863.0	  32.75	  32.75
     24	    863	      2	  862.0	  32.75	  32.75
     24	    862	      2	  861.0	  32.75	  32.75
     24	    861	      2	  860.0	  32.75	  32.75
     24	    860	      2	  859.0	  32.75	  32.75
     24	    859	      2	  858.0	  32.75	  32.75
     24	    858	      2	  857.0	  32.75	  32.75
     24	    857	      2	  856.0	  32.75	  32.75
     25	    106	      2	  105.0	  18.06	  18.33
     25	    105	      2	  104.0	  18.29	  19.49
     25	    104	      2	  103.0	  18.71	  21.90
     25	    103	      2	  102.0	  19.29	  26.83
     25	    102	      2	  101.0	  19.99	  32.75
     25	    101	      2	  100.0	  20.74	  32.75
     25	    100	      2	   99.0	  21.49	  29.25
     25	     99	      2	   98.0	  22.11	  22.84
     26	    342	      2	  341.0	  18.18	  18.38
     26	    341	      2	  340.0	  18.38	  19.02
     26	    340	      2	  339.0	  18.70	  20.13
     26	    339	      2	  338.0	  19.14	  21.81
     26	    338	      2	  337.0	  19.67	  24.27
     26	    337	      2	  336.0	  20.28	  27.93
     26	    336	      2	  335.0	  20.94	  32.75
     26	    335	      2	  334.0	  21.63	  32.75
     26	    334	      2	  333.0	  22.34	  32.75
     26	    333	      2	  332.0	  23.03	  32.75
     26	    332	      2	  331.0	  23.71	  32.75
     26	    331	      2	  330.0	  24.37	  32.75
     26	    330	      2	  329.0	  25.01	  32.75
     26	    329	      2	  328.0	  25.64	  32.75
     26	    328	      2	  327.0	  26.26	  32.75
     26	    327	      2	  326.0	  26.85	  32.75
     26	    326	      2	  325.0	  27.44	  32.75
     26	    325	      2	  324.0	  28.02	  32.75
     26	    324	      2	  323.0	  28.58	  32.75
     26	    323	      2	  322.0	  29.13	  32.75
     26	    322	      2	  321.0	  29.67	  32.75
     26	    321	      2	  320.0	  30.21	  32.75
     26	    320	      2	  319.0	  30.73	  32.75
     26	    319	      2	  318.0	  31.25	  32.75
     26	    318	      2	  317.0	  31.76	  32.75
     26	    317	      2	  316.0	  32.26	  32.75
     26	    316	      2	  315.0	  32.75	  32.75
     26	    315	      2	  314.0	  32.75	  32.75
     26	    314	      2	  313.0	  32.75	  32.75
     26	    313	      2	  312.0	  32.75	  32.75
     26	    312	      2	  311.0	  32.75	  32.75
     26	    311	      2	  310.0	  32.75	  32.75
     26	    310	      2	  309.0	  32.75	  32.75
     26	    309	      2	  308.0	  32.75	  32.75
     26	    308	      2	  307.0	  32.75	  32.75
     26	    307	      2	  306.0	  32.75	  32.75
     26	    306	      2	  305.0	  32.75	  32.75
     26	    305	      2	  304.0	  32.75	  32.75
     26	    304	      2	  303.0	  32.75	  32.75
     26	    303	      2	  302.0	  32.75	  32.75
     26	    302	      2	  301.0	  32.75	  32.75
     26	    301	      2	  300.0	  32.75	  32.75
     26	    300	      2	  299.0	  32.75	  32.75
     26	    299	      2	  298.0	  32.75	  32.75
     26	    298	      2	  297.0	  32.75	  32.75
     26	    297	      2	  296.0	  32.75	  32.75
     26	    296	      2	  295.0	  32.75	  32.75
     26	    295	      2	  294.0	  32.75	  32.75
     26	    294	      2	  293.0	  32.75	  32.75
     26	    293	      2	  292.0	  32.75	  32.75
     26	    292	      2	  291.0	  32.75	  32.75
     26	    291	      2	  290.0	  32.75	  32.75
     26	    290	      2	  289.0	  32.75	  32.75
     26	    289	      2	  288.0	  32.75	  32.75
     26	    288	      2	  287.0	  32.75	  32.75
     26	    287	      2	  286.0	  32.75	  32.75
     26	    286	      2	  285.0	  32.75	  32.75
     26	    285	      2	  284.0	  32.75	  32.75
     26	    284	      2	  283.0	  32.75	  32.75
     26	    283	      2	  282.0	  32.75	  32.75
     26	    282	      2	  281.0	  32.75	  32.75
     26	    281	      2	  280.0	  32.75	  32.75
     26	    280	      2	  279.0	  32.75	  32.75
     27	    968	      2	  967.0	  18.65	  18.72
     27	    967	      2	  966.0	  18.78	  19.21
     27	    966	      2	  965.0	  19.05	  20.20
     27	    965	      2	  964.0	  19.44	  21.86
     27	    964	      2	  963.0	  19.94	  24.64
     27	    963	      2	  962.0	  20.55	  29.81
     27	    962	      2	  961.0	  21.22	  32.75
     27	    961	      2	  960.0	  21.94	  32.75
     27	    960	      2	  959.0	  22.65	  32.75
     27	    959	      2	  958.0	  23.27	  24.96
     28	    529	      2	  528.0	  18.83	  19.39
     28	    528	      2	  527.0	  19.13	  20.69
     28	    527	      2	  526.0	  19.57	  23.08
     28	    526	      2	  525.0	  20.13	  27.58
     28	    525	      2	  524.0	  20.80	  32.75
     28	    524	      2	  523.0	  21.52	  32.75
     28	    523	      2	  522.0	  22.24	  32.75
     28	    522	      2	  521.0	  22.89	  25.38
     29	    474	      2	  473.0	  19.54	  19.98
     29	    473	      2	  472.0	  19.80	  21.28
     29	    472	      2	  471.0	  20.21	  23.63
     29	    471	      2	  470.0	  20.75	  27.59
     29	    470	      2	  469.0	  21.38	  32.75
     29	    469	      2	  468.0	  22.06	  32.75
     29	    468	      2	  467.0	  22.75	  32.75
     29	    467	      2	  466.0	  23.44	  32.75
     29	    466	      2	  465.0	  24.11	  32.75
     29	    465	      2	  464.0	  24.76	  32.75
     29	    464	      2	  463.0	  25.39	  32.75
     29	    463	      2	  462.0	  26.01	  32.75
     29	    462	      2	  461.0	  26.62	  32.75
     29	    461	      2	  460.0	  27.21	  32.75
     29	    460	      2	  459.0	  27.79	  32.75
     29	    459	      2	  458.0	  28.35	  32.75
     29	    458	      2	  457.0	  28.91	  32.75
     29	    457	      2	  456.0	  29.46	  32.75
     29	    456	      2	  455.0	  30.00	  32.75
     29	    455	      2	  454.0	  30.52	  32.75
     29	    454	      2	  453.0	  31.04	  32.75
     29	    453	      2	  452.0	  31.55	  32.75
     29	    452	      2	  451.0	  32.06	  32.75
     29	    451	      2	  450.0	  32.55	  32.75
     29	    450	      2	  449.0	  32.75	  32.75
     29	    449	      2	  448.0	  32.75	  32.75
     29	    448	      2	  447.0	  32.75	  32.75
     29	    447	      2	  446.0	  32.75	  32.75
     29	    446	      2	  445.0	  32.75	  32.75
     29	    445	      2	  444.0	  32.75	  32.75
     29	    444	      2	  443.0	  32.75	  32.75
     29	    443	      2	  442.0	  32.75	  32.75
     29	    442	      2	  441.0	  32.75	  32.75
     29	    441	      2	  440.0	  32.75	  32.75
     29	    440	      2	  439.0	  32.75	  32.75
     29	    439	      2	  438.0	  32.75	  32.75
     29	    438	      2	  437.0	  32.75	  32.75
     29	    437	      2	  436.0	  32.75	  32.75
     29	    436	      2	  435.0	  32.75	  32.75
     29	    435	      2	  434.0	  32.75	  32.75
     29	    434	      2	  433.0	  32.75	  32.75
     29	    433	      2	  432.0	  32.75	  32.75
     29	    432	      2	  431.0	  32.75	  32.75
     29	    431	      2	  430.0	  32.75	  32.75
     29	    430	      2	  429.0	  32.75	  32.75
     29	    429	      2	  428.0	  32.75	  32.75
     29	    428	      2	  427.0	  32.75	  32.75
     29	    427	      2	  426.0	  32.75	  32.75
     29	    426	      2	  425.0	  32.75	  32.75
     29	    425	      2	  424.0	  32.75	  32.75
     29	    424	      2	  423.0	  32.75	  32.75
     29	    423	      2	  422.0	  32.75	  32.75
     29	    422	      2	  421.0	  32.75	  32.75
     29	    421	      2	  420.0	  32.75	  32.75
     29	    420	      2	  419.0	  32.75	  32.75
     29	    419	      2	  418.0	  32.75	  32.75
     29	    418	      2	  417.0	  32.75	  32.75
     29	    417	      2	  416.0	  32.75	  32.75
     29	    416	      2	  415.0	  32.75	  32.75
     29	    415	      2	  414.0	  32.75	  32.75
     29	    414	      2	  413.0	  32.75	  32.75
     29	    413	      2	  412.0	  32.75	  32.75
     29	    412	      2	  411.0	  32.75	  32.75
     29	    411	      2	  410.0	  32.75	  32.75
     29	    410	      2	  409.0	  32.75	  32.75
     29	    409	      2	  408.0	  32.75	  32.75
     29	    408	      2	  407.0	  32.75	  32.75
     29	    407	      2	  406.0	  32.75	  32.75
     29	    406	      2	  405.0	  32.75	  32.75
     29	    405	      2	  404.0	  32.75	  32.75
     30	    662	      2	  661.0	  19.85	  19.92
     30	    661	      2	  660.0	  19.97	  20.06
     30	    660	      2	  659.0	  20.11	  20.29
     30	    659	      2	  658.0	  20.28	  20.61
     30	    658	      2	  657.0	  20.50	  21.00
     30	    657	      2	  656.0	  20.75	  21.49
     30	    656	      2	  655.0	  21.05	  22.08
     30	    655	      2	  654.0	  21.38	  22.77
     30	    654	      2	  653.0	  21.74	  23.58
     30	    653	      2	  652.0	  22.14	  24.54
     30	    652	      2	  651.0	  22.57	  25.66
     30	    651	      2	  650.0	  23.03	  26.97
     30	    650	      2	  649.0	  23.51	  28.52
     30	    649	      2	  648.0	  24.01	  30.35
     30	    648	      2	  647.0	  24.54	  32.53
     30	    647	      2	  646.0	  25.08	  32.75
     30	    646	      2	  645.0	  25.63	  32.75
     30	    645	      2	  644.0	  26.19	  32.75
     30	    644	      2	  643.0	  26.75	  32.75
     30	    643	      2	  642.0	  27.32	  32.75
     30	    642	      2	  641.0	  27.88	  32.75
     30	    641	      2	  640.0	  28.44	  32.75
     30	    640	      2	  639.0	  29.00	  32.75
     30	    639	      2	  638.0	  29.54	  32.75
     30	    638	      2	  637.0	  30.08	  32.75
     30	    637	      2	  636.0	  30.60	  32.75
     30	    636	      2	  635.0	  31.12	  32.75
     30	    635	      2	  634.0	  31.63	  32.75
     30	    634	      2	  633.0	  32.13	  32.75
     30	    633	      2	  632.0	  32.63	  32.75
     30	    632	      2	  631.0	  32.75	  32.75
     30	    631	      2	  630.0	  32.75	  32.75
     30	    630	      2	  629.0	  32.75	  32.75
     30	    629	      2	  628.0	  32.75	  32.75
     30	    628	      2	  627.0	  32.75	  32.75
     30	    627	      2	  626.0	  32.75	  32.75
     30	    626	      2	  625.0	  32.75	  32.75
     30	    625	      2	  624.0	  32.75	  32.75
     30	    624	      2	  623.0	  32.75	  32.75
     30	    623	      2	  622.0	  32.75	  32.75
     30	    622	      2	  621.0	  32.75	  32.75
     30	    621	      2	  620.0	  32.75	  32.75
     30	    620	      2	  619.0	  32.75	  32.75
     30	    619	      2	  618.0	  32.75	  32.75
     30	    618	      2	  617.0	  32.75	  32.75
     30	    617	      2	  616.0	  32.75	  32.75
     30	    616	      2	  615.0	  32.75	  32.75
     31	    153	      2	  152.0	  22.10	  22.15
     31	    152	      2	  151.0	  22.21	  22.27
     31	    151	      2	  150.0	  22.32	  22.45
     31	    150	      2	  149.0	  22.46	  22.69
     31	    149	      2	  148.0	  22.63	  23.00
     31	    148	      2	  147.0	  22.83	  23.37
     31	    147	      2	  146.0	  23.06	  23.82
     31	    146	      2	  145.0	  23.33	  24.34
     31	    145	      2	  144.0	  23.62	  24.95
     31	    144	      2	  143.0	  23.94	  25.65
     31	    143	      2	  142.0	  24.28	  26.45
     31	    142	      2	  141.0	  24.65	  27.38
     31	    141	      2	  140.0	  25.04	  28.45
     31	    140	      2	  139.0	  25.46	  29.69
     31	    139	      2	  138.0	  25.90	  31.13
     31	    138	      2	  137.0	  26.35	  32.75
     31	    137	      2	  136.0	  26.83	  32.75
     31	    136	      2	  135.0	  27.32	  32.75
     31	    135	      2	  134.0	  27.82	  32.75
     31	    134	      2	  133.0	  28.33	  32.75
     31	    133	      2	  132.0	  28.84	  32.75
     31	    132	      2	  131.0	  29.37	  32.75
     31	    131	      2	  130.0	  29.89	  32.75
     31	    130	      2	  129.0	  30.42	  32.75
     31	    129	      2	  128.0	  30.93	  32.75
     31	    128	      2	  127.0	  31.45	  32.75
     31	    127	      2	  126.0	  31.95	  32.75
     31	    126	      2	  125.0	  32.44	  32.75
     31	    125	      2	  124.0	  32.75	  32.75
     31	    124	      2	  123.0	  32.75	  32.75
     31	    123	      2	  122.0	  32.75	  32.75
     31	    122	      2	  121.0	  32.75	  32.75
     31	    121	      2	  120.0	  32.75	  32.75
     31	    120	      2	  119.0	  32.75	  32.75
     31	    119	      2	  118.0	  32.75	  32.75
     31	    118	      2	  117.0	  32.75	  32.75
     31	    117	      2	  116.0	  32.75	  32.75
     31	    116	      2	  115.0	  32.75	  32.75
     32	    606	      2	  605.0	  24.39	  24.51
     32	    605	      2	  604.0	  24.52	  24.86
     32	    604	      2	  603.0	  24.70	  25.47
     32	    603	      2	  602.0	  24.94	  26.36
     32	    602	      2	  601.0	  25.25	  27.62
     32	    601	      2	  600.0	  25.61	  29.37
     32	    600	      2	  599.0	  26.03	  31.81
     32	    599	      2	  598.0	  26.50	  32.75
     32	    598	      2	  597.0	  27.01	  32.75
     32	    597	      2	  596.0	  27.54	  32.75
     32	    596	      2	  595.0	  28.10	  32.75
     32	    595	      2	  594.0	  28.66	  32.75
     32	    594	      2	  593.0	  29.21	  32.75
     32	    593	      2	  592.0	  29.71	  32.75
     32	    592	      2	  591.0	  30.12	  30.98
     33	    214	      2	  213.0	  24.90	  26.34
     34	    276	      2	  275.0	  27.65	  28.28
     34	    275	      2	  274.0	  27.86	  30.04
     34	    274	      2	  273.0	  28.17	  32.75
     34	    273	      2	  272.0	  28.59	  32.75
     34	    272	      2	  271.0	  29.08	  32.75
     34	    271	      2	  270.0	  29.62	  32.75
     34	    270	      2	  269.0	  30.15	  32.75
     34	    269	      2	  268.0	  30.60	  31.39
________________________________________________
Velocity profile calculated successfully.
Solver time is: 0.538651 [s]
Post-processing initialised.
Correct solution selected from modes.
Laptime calculated.
Forces calculated.
Yaw motion calculated.
Steering angles calculated.
Vehicle slip angles calculated.
Engine metrics calculated.
KPIs calculated.
Post-processing finished.
Simulation results saved.
Simulation completed.
Laptime   :  61.913 [s]
Sector   1:  61.874 [s]
Plots created and saved.
Export initialised.
Exported .csv file successfully.
Elapsed time is: 3.344340 [s]
