_______                    ____________________________________ __
__  __ \______________________  __/__  __ \__    |_  ____/__  //_/
_  / / /__  __ \  _ \_  __ \_  /  __  /_/ /_  /| |  /    __  ,<   
/ /_/ /__  /_/ /  __/  / / /  /   _  _, _/_  ___ / /___  _  /| |  
\____/ _  .___/\___//_/ /_//_/    /_/ |_| /_/  |_\____/  /_/ |_|  
       /_/                                                        
==================================================================
FEBtrack.xlsx
File read successfully
==================================================================
Name:          FEB Endurance
City:          IDK
Country:       USA
Type:          Endurance
Configuration: Closed
Direction:     Forwards
Mirror:        Off
Date:          31/10/2021
Time:          14:08:51
==================================================================
Track generation started.
Pre-processing completed.
Coarse meshing completed.
Fine meshing completed with mesh size: 1 [m]
Apex calculation completed.
Track rotated.
Closing fine mesh map.
Fine mesh map closed.
Fine mesh map created.
Plots created and saved.
Track generated successfully.
