           _______                    ________________________________
           __  __ \______________________  __ \__  __ \__    |_  ____/
           _  / / /__  __ \  _ \_  __ \_  / / /_  /_/ /_  /| |  / __  
           / /_/ /__  /_/ /  __/  / / /  /_/ /_  _, _/_  ___ / /_/ /  
           \____/ _  .___/\___//_/ /_//_____/ /_/ |_| /_/  |_\____/   
                  /_/                                                 
===============================================================================
Vehicle: Formula 1
Date:    20/10/2021
Time:    18:24:09
===============================================================================
Acceleration simulation started:
Initial Speed: 0 km/h
|_______Comment________|_Speed_|_EnRPM_|_Gear__|_Tabs__|_Xabs__|_Trel__|_Xrel_|
|______________________|[km/h]_|_[rpm]_|__[#]__|__[s]__|__[m]__|__[s]__|_[m]__|
Speed Trap #  1  50km/h   50.03	   7228	      1	   1.45	   9.98	   1.45	   9.98
Speed Trap #  2 100km/h  100.00	  14454	      1	   2.56	  32.91	   2.56	  32.91
Shifting to gear # 2	 124.24	  17965	      2	   3.05	  48.22	   3.05	  48.22
Speed Trap #  3 150km/h  150.02	  17804	      2	   3.52	  65.98	   3.52	  65.98
Shifting to gear # 3	 151.34	  17967	      3	   3.56	  67.44	   3.56	  67.44
Shifting to gear # 4	 182.38	  17958	      4	   4.19	  97.06	   4.19	  97.06
Speed Trap #  4 200km/h  200.02	  16429	      4	   4.65	 121.29	   4.65	 121.29
Shifting to gear # 5	 218.96	  17988	      5	   5.23	 154.89	   5.23	 154.89
Shifting to gear # 6	 247.49	  17964	      6	   6.38	 229.71	   6.38	 229.71
Speed Trap #  5 250km/h  250.02	  15895	      6	   6.51	 238.83	   6.51	 238.83
Shifting to gear # 7	 282.51	  17963	      7	   8.78	 408.45	   8.78	 408.45
Speed Trap #  6 300km/h  300.00	  16880	      7	  11.34	 616.32	  11.34	 616.32
Drag limited        	 316.78	  17824	      7	  28.32	2093.98	  28.32	2093.98
Elapsed time is 0.899287 seconds.
===============================================================================
Deceleration simulation started:
Initial Speed: 316.7762 [km/h]
|_______Comment________|_Speed_|_EnRPM_|_Gear__|_Tabs__|_Xabs__|_Trel__|_Xrel_|
|______________________|[km/h]_|_[rpm]_|__[#]__|__[s]__|__[m]__|__[s]__|_[m]__|
Speed Trap #  6 300km/h  299.81	  16884	      7	  28.38	2099.37	   0.06	   5.39
Speed Trap #  5 250km/h  249.86	  15900	      6	  28.59	2115.28	   0.27	  21.30
Speed Trap #  4 200km/h  199.84	  16431	      4	  28.85	2131.39	   0.53	  37.41
Speed Trap #  3 150km/h  149.98	  17821	      2	  29.18	2147.42	   0.86	  53.44
Speed Trap #  2 100km/h   99.97	  14470	      1	  29.62	2162.45	   1.30	  68.47
Speed Trap #  1  50km/h   49.94	   7233	      1	  30.18	2174.01	   1.86	  80.03
Stopped             	   0.00	      9	      1	  30.84	2178.50	   2.52	  84.52
Elapsed time is 0.224898 seconds.
===============================================================================
Simulation completed successfully.
Elapsed time is 1.170947 seconds.
