           _______                    ________________________________
           __  __ \______________________  __ \__  __ \__    |_  ____/
           _  / / /__  __ \  _ \_  __ \_  / / /_  /_/ /_  /| |  / __  
           / /_/ /__  /_/ /  __/  / / /  /_/ /_  _, _/_  ___ / /_/ /  
           \____/ _  .___/\___//_/ /_//_____/ /_/ |_| /_/  |_\____/   
                  /_/                                                 
===============================================================================
Vehicle: FEB
Date:    31/10/2021
Time:    14:25:26
===============================================================================
Acceleration simulation started:
Initial Speed: 0 km/h
|_______Comment________|_Speed_|_EnRPM_|_Gear__|_Tabs__|_Xabs__|_Trel__|_Xrel_|
|______________________|[km/h]_|_[rpm]_|__[#]__|__[s]__|__[m]__|__[s]__|_[m]__|
Speed Trap #  1  50km/h   50.02	   2122	      1	   1.91	  13.41	   1.91	  13.41
Speed Trap #  2 100km/h  100.01	   4244	      1	   4.08	  59.13	   4.08	  59.13
Engine speed limited	 128.03	   5433	      1	   5.98	 120.15	   5.98	 120.15
Elapsed time is 0.279846 seconds.
===============================================================================
Deceleration simulation started:
Initial Speed: 128.0298 [km/h]
|_______Comment________|_Speed_|_EnRPM_|_Gear__|_Tabs__|_Xabs__|_Trel__|_Xrel_|
|______________________|[km/h]_|_[rpm]_|__[#]__|__[s]__|__[m]__|__[s]__|_[m]__|
Speed Trap #  2 100km/h   99.95	   4245	      1	   6.42	 133.91	   0.44	  13.76
Speed Trap #  1  50km/h   49.94	   2122	      1	   7.25	 151.16	   1.27	  31.00
Stopped             	   0.00	      0	      1	   8.13	 157.20	   2.14	  37.05
Elapsed time is 0.320868 seconds.
===============================================================================
Simulation completed successfully.
Elapsed time is 0.695454 seconds.
